<?xml version="1.0" encoding="UTF-8"?>
<testsuite xmlns:xsi="http://www.w3.org/2001/XMLSchema-instance" xsi:noNamespaceSchemaLocation="https://maven.apache.org/surefire/maven-surefire-plugin/xsd/surefire-test-report-3.0.xsd" version="3.0" name="com.storyhasyou.kratos.utils.JacksonUtilsTest" time="0.639" tests="41" errors="0" skipped="0" failures="0">
  <properties>
    <property name="java.specification.version" value="21"/>
    <property name="sun.jnu.encoding" value="UTF-8"/>
    <property name="java.class.path" value="/Users/fangxi/independent/idea-project/blades-of-chaos/target/test-classes:/Users/fangxi/independent/idea-project/blades-of-chaos/target/classes:/Users/fangxi/.m2/repository/commons-io/commons-io/2.18.0/commons-io-2.18.0.jar:/Users/fangxi/.m2/repository/org/apache/commons/commons-lang3/3.18.0/commons-lang3-3.18.0.jar:/Users/fangxi/.m2/repository/org/springframework/boot/spring-boot-starter-web/3.5.5/spring-boot-starter-web-3.5.5.jar:/Users/fangxi/.m2/repository/org/springframework/boot/spring-boot-starter/3.5.5/spring-boot-starter-3.5.5.jar:/Users/fangxi/.m2/repository/org/springframework/boot/spring-boot/3.5.5/spring-boot-3.5.5.jar:/Users/fangxi/.m2/repository/org/springframework/boot/spring-boot-autoconfigure/3.5.5/spring-boot-autoconfigure-3.5.5.jar:/Users/fangxi/.m2/repository/org/springframework/boot/spring-boot-starter-logging/3.5.5/spring-boot-starter-logging-3.5.5.jar:/Users/fangxi/.m2/repository/ch/qos/logback/logback-classic/1.5.18/logback-classic-1.5.18.jar:/Users/fangxi/.m2/repository/ch/qos/logback/logback-core/1.5.18/logback-core-1.5.18.jar:/Users/fangxi/.m2/repository/org/apache/logging/log4j/log4j-to-slf4j/2.24.3/log4j-to-slf4j-2.24.3.jar:/Users/fangxi/.m2/repository/org/apache/logging/log4j/log4j-api/2.24.3/log4j-api-2.24.3.jar:/Users/fangxi/.m2/repository/org/slf4j/jul-to-slf4j/2.0.17/jul-to-slf4j-2.0.17.jar:/Users/fangxi/.m2/repository/jakarta/annotation/jakarta.annotation-api/2.1.1/jakarta.annotation-api-2.1.1.jar:/Users/fangxi/.m2/repository/org/yaml/snakeyaml/2.4/snakeyaml-2.4.jar:/Users/fangxi/.m2/repository/org/springframework/boot/spring-boot-starter-json/3.5.5/spring-boot-starter-json-3.5.5.jar:/Users/fangxi/.m2/repository/com/fasterxml/jackson/core/jackson-databind/2.19.2/jackson-databind-2.19.2.jar:/Users/fangxi/.m2/repository/com/fasterxml/jackson/core/jackson-annotations/2.19.2/jackson-annotations-2.19.2.jar:/Users/fangxi/.m2/repository/com/fasterxml/jackson/core/jackson-core/2.19.2/jackson-core-2.19.2.jar:/Users/fangxi/.m2/repository/com/fasterxml/jackson/datatype/jackson-datatype-jdk8/2.19.2/jackson-datatype-jdk8-2.19.2.jar:/Users/fangxi/.m2/repository/com/fasterxml/jackson/datatype/jackson-datatype-jsr310/2.19.2/jackson-datatype-jsr310-2.19.2.jar:/Users/fangxi/.m2/repository/com/fasterxml/jackson/module/jackson-module-parameter-names/2.19.2/jackson-module-parameter-names-2.19.2.jar:/Users/fangxi/.m2/repository/org/springframework/boot/spring-boot-starter-tomcat/3.5.5/spring-boot-starter-tomcat-3.5.5.jar:/Users/fangxi/.m2/repository/org/apache/tomcat/embed/tomcat-embed-core/10.1.44/tomcat-embed-core-10.1.44.jar:/Users/fangxi/.m2/repository/org/apache/tomcat/embed/tomcat-embed-websocket/10.1.44/tomcat-embed-websocket-10.1.44.jar:/Users/fangxi/.m2/repository/org/springframework/spring-web/6.2.10/spring-web-6.2.10.jar:/Users/fangxi/.m2/repository/org/springframework/spring-beans/6.2.10/spring-beans-6.2.10.jar:/Users/fangxi/.m2/repository/io/micrometer/micrometer-observation/1.15.3/micrometer-observation-1.15.3.jar:/Users/fangxi/.m2/repository/io/micrometer/micrometer-commons/1.15.3/micrometer-commons-1.15.3.jar:/Users/fangxi/.m2/repository/org/springframework/spring-webmvc/6.2.10/spring-webmvc-6.2.10.jar:/Users/fangxi/.m2/repository/org/springframework/spring-context/6.2.10/spring-context-6.2.10.jar:/Users/fangxi/.m2/repository/org/springframework/spring-expression/6.2.10/spring-expression-6.2.10.jar:/Users/fangxi/.m2/repository/org/springframework/boot/spring-boot-starter-data-jpa/3.5.5/spring-boot-starter-data-jpa-3.5.5.jar:/Users/fangxi/.m2/repository/org/springframework/boot/spring-boot-starter-jdbc/3.5.5/spring-boot-starter-jdbc-3.5.5.jar:/Users/fangxi/.m2/repository/com/zaxxer/HikariCP/6.3.2/HikariCP-6.3.2.jar:/Users/fangxi/.m2/repository/org/springframework/spring-jdbc/6.2.10/spring-jdbc-6.2.10.jar:/Users/fangxi/.m2/repository/org/hibernate/orm/hibernate-core/6.6.26.Final/hibernate-core-6.6.26.Final.jar:/Users/fangxi/.m2/repository/jakarta/persistence/jakarta.persistence-api/3.1.0/jakarta.persistence-api-3.1.0.jar:/Users/fangxi/.m2/repository/jakarta/transaction/jakarta.transaction-api/2.0.1/jakarta.transaction-api-2.0.1.jar:/Users/fangxi/.m2/repository/org/jboss/logging/jboss-logging/3.6.1.Final/jboss-logging-3.6.1.Final.jar:/Users/fangxi/.m2/repository/org/hibernate/common/hibernate-commons-annotations/7.0.3.Final/hibernate-commons-annotations-7.0.3.Final.jar:/Users/fangxi/.m2/repository/io/smallrye/jandex/3.2.0/jandex-3.2.0.jar:/Users/fangxi/.m2/repository/com/fasterxml/classmate/1.7.0/classmate-1.7.0.jar:/Users/fangxi/.m2/repository/net/bytebuddy/byte-buddy/1.17.7/byte-buddy-1.17.7.jar:/Users/fangxi/.m2/repository/org/glassfish/jaxb/jaxb-runtime/4.0.5/jaxb-runtime-4.0.5.jar:/Users/fangxi/.m2/repository/org/glassfish/jaxb/jaxb-core/4.0.5/jaxb-core-4.0.5.jar:/Users/fangxi/.m2/repository/org/eclipse/angus/angus-activation/2.0.2/angus-activation-2.0.2.jar:/Users/fangxi/.m2/repository/org/glassfish/jaxb/txw2/4.0.5/txw2-4.0.5.jar:/Users/fangxi/.m2/repository/com/sun/istack/istack-commons-runtime/4.1.2/istack-commons-runtime-4.1.2.jar:/Users/fangxi/.m2/repository/jakarta/inject/jakarta.inject-api/2.0.1/jakarta.inject-api-2.0.1.jar:/Users/fangxi/.m2/repository/org/antlr/antlr4-runtime/4.13.0/antlr4-runtime-4.13.0.jar:/Users/fangxi/.m2/repository/org/springframework/data/spring-data-jpa/3.5.3/spring-data-jpa-3.5.3.jar:/Users/fangxi/.m2/repository/org/springframework/data/spring-data-commons/3.5.3/spring-data-commons-3.5.3.jar:/Users/fangxi/.m2/repository/org/springframework/spring-orm/6.2.10/spring-orm-6.2.10.jar:/Users/fangxi/.m2/repository/org/springframework/spring-tx/6.2.10/spring-tx-6.2.10.jar:/Users/fangxi/.m2/repository/org/slf4j/slf4j-api/2.0.17/slf4j-api-2.0.17.jar:/Users/fangxi/.m2/repository/org/springframework/spring-aspects/6.2.10/spring-aspects-6.2.10.jar:/Users/fangxi/.m2/repository/org/springframework/boot/spring-boot-starter-validation/3.5.5/spring-boot-starter-validation-3.5.5.jar:/Users/fangxi/.m2/repository/org/apache/tomcat/embed/tomcat-embed-el/10.1.44/tomcat-embed-el-10.1.44.jar:/Users/fangxi/.m2/repository/org/hibernate/validator/hibernate-validator/8.0.3.Final/hibernate-validator-8.0.3.Final.jar:/Users/fangxi/.m2/repository/jakarta/validation/jakarta.validation-api/3.0.2/jakarta.validation-api-3.0.2.jar:/Users/fangxi/.m2/repository/org/springframework/boot/spring-boot-configuration-processor/3.5.5/spring-boot-configuration-processor-3.5.5.jar:/Users/fangxi/.m2/repository/org/projectlombok/lombok/1.18.38/lombok-1.18.38.jar:/Users/fangxi/.m2/repository/org/springframework/boot/spring-boot-starter-test/3.5.5/spring-boot-starter-test-3.5.5.jar:/Users/fangxi/.m2/repository/org/springframework/boot/spring-boot-test/3.5.5/spring-boot-test-3.5.5.jar:/Users/fangxi/.m2/repository/org/springframework/boot/spring-boot-test-autoconfigure/3.5.5/spring-boot-test-autoconfigure-3.5.5.jar:/Users/fangxi/.m2/repository/com/jayway/jsonpath/json-path/2.9.0/json-path-2.9.0.jar:/Users/fangxi/.m2/repository/jakarta/xml/bind/jakarta.xml.bind-api/4.0.2/jakarta.xml.bind-api-4.0.2.jar:/Users/fangxi/.m2/repository/jakarta/activation/jakarta.activation-api/2.1.3/jakarta.activation-api-2.1.3.jar:/Users/fangxi/.m2/repository/net/minidev/json-smart/2.5.2/json-smart-2.5.2.jar:/Users/fangxi/.m2/repository/net/minidev/accessors-smart/2.5.2/accessors-smart-2.5.2.jar:/Users/fangxi/.m2/repository/org/ow2/asm/asm/9.7.1/asm-9.7.1.jar:/Users/fangxi/.m2/repository/org/assertj/assertj-core/3.27.4/assertj-core-3.27.4.jar:/Users/fangxi/.m2/repository/org/awaitility/awaitility/4.2.2/awaitility-4.2.2.jar:/Users/fangxi/.m2/repository/org/hamcrest/hamcrest/3.0/hamcrest-3.0.jar:/Users/fangxi/.m2/repository/org/junit/jupiter/junit-jupiter/5.12.2/junit-jupiter-5.12.2.jar:/Users/fangxi/.m2/repository/org/junit/jupiter/junit-jupiter-api/5.12.2/junit-jupiter-api-5.12.2.jar:/Users/fangxi/.m2/repository/org/opentest4j/opentest4j/1.3.0/opentest4j-1.3.0.jar:/Users/fangxi/.m2/repository/org/junit/platform/junit-platform-commons/1.12.2/junit-platform-commons-1.12.2.jar:/Users/fangxi/.m2/repository/org/apiguardian/apiguardian-api/1.1.2/apiguardian-api-1.1.2.jar:/Users/fangxi/.m2/repository/org/junit/jupiter/junit-jupiter-params/5.12.2/junit-jupiter-params-5.12.2.jar:/Users/fangxi/.m2/repository/org/junit/jupiter/junit-jupiter-engine/5.12.2/junit-jupiter-engine-5.12.2.jar:/Users/fangxi/.m2/repository/org/junit/platform/junit-platform-engine/1.12.2/junit-platform-engine-1.12.2.jar:/Users/fangxi/.m2/repository/org/mockito/mockito-core/5.17.0/mockito-core-5.17.0.jar:/Users/fangxi/.m2/repository/net/bytebuddy/byte-buddy-agent/1.17.7/byte-buddy-agent-1.17.7.jar:/Users/fangxi/.m2/repository/org/objenesis/objenesis/3.3/objenesis-3.3.jar:/Users/fangxi/.m2/repository/org/mockito/mockito-junit-jupiter/5.17.0/mockito-junit-jupiter-5.17.0.jar:/Users/fangxi/.m2/repository/org/skyscreamer/jsonassert/1.5.3/jsonassert-1.5.3.jar:/Users/fangxi/.m2/repository/com/vaadin/external/google/android-json/0.0.20131108.vaadin1/android-json-0.0.20131108.vaadin1.jar:/Users/fangxi/.m2/repository/org/springframework/spring-core/6.2.10/spring-core-6.2.10.jar:/Users/fangxi/.m2/repository/org/springframework/spring-jcl/6.2.10/spring-jcl-6.2.10.jar:/Users/fangxi/.m2/repository/org/springframework/spring-test/6.2.10/spring-test-6.2.10.jar:/Users/fangxi/.m2/repository/org/xmlunit/xmlunit-core/2.10.3/xmlunit-core-2.10.3.jar:/Users/fangxi/.m2/repository/com/google/guava/guava/33.3.1-jre/guava-33.3.1-jre.jar:/Users/fangxi/.m2/repository/com/google/guava/failureaccess/1.0.2/failureaccess-1.0.2.jar:/Users/fangxi/.m2/repository/com/google/guava/listenablefuture/9999.0-empty-to-avoid-conflict-with-guava/listenablefuture-9999.0-empty-to-avoid-conflict-with-guava.jar:/Users/fangxi/.m2/repository/com/google/code/findbugs/jsr305/3.0.2/jsr305-3.0.2.jar:/Users/fangxi/.m2/repository/org/checkerframework/checker-qual/3.43.0/checker-qual-3.43.0.jar:/Users/fangxi/.m2/repository/com/google/errorprone/error_prone_annotations/2.28.0/error_prone_annotations-2.28.0.jar:/Users/fangxi/.m2/repository/com/google/j2objc/j2objc-annotations/3.0.0/j2objc-annotations-3.0.0.jar:/Users/fangxi/.m2/repository/com/squareup/okhttp3/okhttp/4.12.0/okhttp-4.12.0.jar:/Users/fangxi/.m2/repository/com/squareup/okio/okio/3.6.0/okio-3.6.0.jar:/Users/fangxi/.m2/repository/com/squareup/okio/okio-jvm/3.6.0/okio-jvm-3.6.0.jar:/Users/fangxi/.m2/repository/org/jetbrains/kotlin/kotlin-stdlib-common/1.9.25/kotlin-stdlib-common-1.9.25.jar:/Users/fangxi/.m2/repository/org/jetbrains/kotlin/kotlin-stdlib-jdk8/1.9.25/kotlin-stdlib-jdk8-1.9.25.jar:/Users/fangxi/.m2/repository/org/jetbrains/kotlin/kotlin-stdlib/1.9.25/kotlin-stdlib-1.9.25.jar:/Users/fangxi/.m2/repository/org/jetbrains/annotations/13.0/annotations-13.0.jar:/Users/fangxi/.m2/repository/org/jetbrains/kotlin/kotlin-stdlib-jdk7/1.9.25/kotlin-stdlib-jdk7-1.9.25.jar:/Users/fangxi/.m2/repository/cn/hutool/hutool-all/5.8.32/hutool-all-5.8.32.jar:/Users/fangxi/.m2/repository/commons-codec/commons-codec/1.18.0/commons-codec-1.18.0.jar:/Users/fangxi/.m2/repository/com/github/pagehelper/pagehelper-spring-boot-starter/2.1.0/pagehelper-spring-boot-starter-2.1.0.jar:/Users/fangxi/.m2/repository/org/mybatis/spring/boot/mybatis-spring-boot-starter/2.3.2/mybatis-spring-boot-starter-2.3.2.jar:/Users/fangxi/.m2/repository/org/mybatis/spring/boot/mybatis-spring-boot-autoconfigure/2.3.2/mybatis-spring-boot-autoconfigure-2.3.2.jar:/Users/fangxi/.m2/repository/org/mybatis/mybatis/3.5.14/mybatis-3.5.14.jar:/Users/fangxi/.m2/repository/org/mybatis/mybatis-spring/2.1.2/mybatis-spring-2.1.2.jar:/Users/fangxi/.m2/repository/com/github/pagehelper/pagehelper-spring-boot-autoconfigure/2.1.0/pagehelper-spring-boot-autoconfigure-2.1.0.jar:/Users/fangxi/.m2/repository/com/github/pagehelper/pagehelper/6.1.0/pagehelper-6.1.0.jar:/Users/fangxi/.m2/repository/com/github/jsqlparser/jsqlparser/4.7/jsqlparser-4.7.jar:/Users/fangxi/.m2/repository/org/springframework/boot/spring-boot-starter-aop/3.5.5/spring-boot-starter-aop-3.5.5.jar:/Users/fangxi/.m2/repository/org/springframework/spring-aop/6.2.10/spring-aop-6.2.10.jar:/Users/fangxi/.m2/repository/org/aspectj/aspectjweaver/1.9.24/aspectjweaver-1.9.24.jar:/Users/fangxi/.m2/repository/org/springframework/boot/spring-boot-starter-data-redis/3.5.5/spring-boot-starter-data-redis-3.5.5.jar:/Users/fangxi/.m2/repository/io/lettuce/lettuce-core/6.6.0.RELEASE/lettuce-core-6.6.0.RELEASE.jar:/Users/fangxi/.m2/repository/redis/clients/authentication/redis-authx-core/0.1.1-beta2/redis-authx-core-0.1.1-beta2.jar:/Users/fangxi/.m2/repository/io/netty/netty-common/4.1.124.Final/netty-common-4.1.124.Final.jar:/Users/fangxi/.m2/repository/io/netty/netty-handler/4.1.124.Final/netty-handler-4.1.124.Final.jar:/Users/fangxi/.m2/repository/io/netty/netty-resolver/4.1.124.Final/netty-resolver-4.1.124.Final.jar:/Users/fangxi/.m2/repository/io/netty/netty-buffer/4.1.124.Final/netty-buffer-4.1.124.Final.jar:/Users/fangxi/.m2/repository/io/netty/netty-transport-native-unix-common/4.1.124.Final/netty-transport-native-unix-common-4.1.124.Final.jar:/Users/fangxi/.m2/repository/io/netty/netty-codec/4.1.124.Final/netty-codec-4.1.124.Final.jar:/Users/fangxi/.m2/repository/io/netty/netty-transport/4.1.124.Final/netty-transport-4.1.124.Final.jar:/Users/fangxi/.m2/repository/io/projectreactor/reactor-core/3.7.9/reactor-core-3.7.9.jar:/Users/fangxi/.m2/repository/org/reactivestreams/reactive-streams/1.0.4/reactive-streams-1.0.4.jar:/Users/fangxi/.m2/repository/org/springframework/data/spring-data-redis/3.5.3/spring-data-redis-3.5.3.jar:/Users/fangxi/.m2/repository/org/springframework/data/spring-data-keyvalue/3.5.3/spring-data-keyvalue-3.5.3.jar:/Users/fangxi/.m2/repository/org/springframework/spring-oxm/6.2.10/spring-oxm-6.2.10.jar:/Users/fangxi/.m2/repository/org/springframework/spring-context-support/6.2.10/spring-context-support-6.2.10.jar:"/>
    <property name="java.vm.vendor" value="BellSoft"/>
    <property name="sun.arch.data.model" value="64"/>
    <property name="java.vendor.url" value="https://bell-sw.com/"/>
    <property name="user.timezone" value="Asia/Shanghai"/>
    <property name="os.name" value="Mac OS X"/>
    <property name="java.vm.specification.version" value="21"/>
    <property name="user.country" value="CN"/>
    <property name="sun.java.launcher" value="SUN_STANDARD"/>
    <property name="sun.boot.library.path" value="/Library/Java/JavaVirtualMachines/liberica-jdk-21.jdk/Contents/Home/lib"/>
    <property name="sun.java.command" value="/Users/fangxi/independent/idea-project/blades-of-chaos/target/surefire/surefirebooter-20250910162921535_3.jar /Users/fangxi/independent/idea-project/blades-of-chaos/target/surefire 2025-09-10T16-29-21_437-jvmRun1 surefire-20250910162921535_1tmp surefire_0-20250910162921535_2tmp"/>
    <property name="jdk.debug" value="release"/>
    <property name="surefire.test.class.path" value="/Users/fangxi/independent/idea-project/blades-of-chaos/target/test-classes:/Users/fangxi/independent/idea-project/blades-of-chaos/target/classes:/Users/fangxi/.m2/repository/commons-io/commons-io/2.18.0/commons-io-2.18.0.jar:/Users/fangxi/.m2/repository/org/apache/commons/commons-lang3/3.18.0/commons-lang3-3.18.0.jar:/Users/fangxi/.m2/repository/org/springframework/boot/spring-boot-starter-web/3.5.5/spring-boot-starter-web-3.5.5.jar:/Users/fangxi/.m2/repository/org/springframework/boot/spring-boot-starter/3.5.5/spring-boot-starter-3.5.5.jar:/Users/fangxi/.m2/repository/org/springframework/boot/spring-boot/3.5.5/spring-boot-3.5.5.jar:/Users/fangxi/.m2/repository/org/springframework/boot/spring-boot-autoconfigure/3.5.5/spring-boot-autoconfigure-3.5.5.jar:/Users/fangxi/.m2/repository/org/springframework/boot/spring-boot-starter-logging/3.5.5/spring-boot-starter-logging-3.5.5.jar:/Users/fangxi/.m2/repository/ch/qos/logback/logback-classic/1.5.18/logback-classic-1.5.18.jar:/Users/fangxi/.m2/repository/ch/qos/logback/logback-core/1.5.18/logback-core-1.5.18.jar:/Users/fangxi/.m2/repository/org/apache/logging/log4j/log4j-to-slf4j/2.24.3/log4j-to-slf4j-2.24.3.jar:/Users/fangxi/.m2/repository/org/apache/logging/log4j/log4j-api/2.24.3/log4j-api-2.24.3.jar:/Users/fangxi/.m2/repository/org/slf4j/jul-to-slf4j/2.0.17/jul-to-slf4j-2.0.17.jar:/Users/fangxi/.m2/repository/jakarta/annotation/jakarta.annotation-api/2.1.1/jakarta.annotation-api-2.1.1.jar:/Users/fangxi/.m2/repository/org/yaml/snakeyaml/2.4/snakeyaml-2.4.jar:/Users/fangxi/.m2/repository/org/springframework/boot/spring-boot-starter-json/3.5.5/spring-boot-starter-json-3.5.5.jar:/Users/fangxi/.m2/repository/com/fasterxml/jackson/core/jackson-databind/2.19.2/jackson-databind-2.19.2.jar:/Users/fangxi/.m2/repository/com/fasterxml/jackson/core/jackson-annotations/2.19.2/jackson-annotations-2.19.2.jar:/Users/fangxi/.m2/repository/com/fasterxml/jackson/core/jackson-core/2.19.2/jackson-core-2.19.2.jar:/Users/fangxi/.m2/repository/com/fasterxml/jackson/datatype/jackson-datatype-jdk8/2.19.2/jackson-datatype-jdk8-2.19.2.jar:/Users/fangxi/.m2/repository/com/fasterxml/jackson/datatype/jackson-datatype-jsr310/2.19.2/jackson-datatype-jsr310-2.19.2.jar:/Users/fangxi/.m2/repository/com/fasterxml/jackson/module/jackson-module-parameter-names/2.19.2/jackson-module-parameter-names-2.19.2.jar:/Users/fangxi/.m2/repository/org/springframework/boot/spring-boot-starter-tomcat/3.5.5/spring-boot-starter-tomcat-3.5.5.jar:/Users/fangxi/.m2/repository/org/apache/tomcat/embed/tomcat-embed-core/10.1.44/tomcat-embed-core-10.1.44.jar:/Users/fangxi/.m2/repository/org/apache/tomcat/embed/tomcat-embed-websocket/10.1.44/tomcat-embed-websocket-10.1.44.jar:/Users/fangxi/.m2/repository/org/springframework/spring-web/6.2.10/spring-web-6.2.10.jar:/Users/fangxi/.m2/repository/org/springframework/spring-beans/6.2.10/spring-beans-6.2.10.jar:/Users/fangxi/.m2/repository/io/micrometer/micrometer-observation/1.15.3/micrometer-observation-1.15.3.jar:/Users/fangxi/.m2/repository/io/micrometer/micrometer-commons/1.15.3/micrometer-commons-1.15.3.jar:/Users/fangxi/.m2/repository/org/springframework/spring-webmvc/6.2.10/spring-webmvc-6.2.10.jar:/Users/fangxi/.m2/repository/org/springframework/spring-context/6.2.10/spring-context-6.2.10.jar:/Users/fangxi/.m2/repository/org/springframework/spring-expression/6.2.10/spring-expression-6.2.10.jar:/Users/fangxi/.m2/repository/org/springframework/boot/spring-boot-starter-data-jpa/3.5.5/spring-boot-starter-data-jpa-3.5.5.jar:/Users/fangxi/.m2/repository/org/springframework/boot/spring-boot-starter-jdbc/3.5.5/spring-boot-starter-jdbc-3.5.5.jar:/Users/fangxi/.m2/repository/com/zaxxer/HikariCP/6.3.2/HikariCP-6.3.2.jar:/Users/fangxi/.m2/repository/org/springframework/spring-jdbc/6.2.10/spring-jdbc-6.2.10.jar:/Users/fangxi/.m2/repository/org/hibernate/orm/hibernate-core/6.6.26.Final/hibernate-core-6.6.26.Final.jar:/Users/fangxi/.m2/repository/jakarta/persistence/jakarta.persistence-api/3.1.0/jakarta.persistence-api-3.1.0.jar:/Users/fangxi/.m2/repository/jakarta/transaction/jakarta.transaction-api/2.0.1/jakarta.transaction-api-2.0.1.jar:/Users/fangxi/.m2/repository/org/jboss/logging/jboss-logging/3.6.1.Final/jboss-logging-3.6.1.Final.jar:/Users/fangxi/.m2/repository/org/hibernate/common/hibernate-commons-annotations/7.0.3.Final/hibernate-commons-annotations-7.0.3.Final.jar:/Users/fangxi/.m2/repository/io/smallrye/jandex/3.2.0/jandex-3.2.0.jar:/Users/fangxi/.m2/repository/com/fasterxml/classmate/1.7.0/classmate-1.7.0.jar:/Users/fangxi/.m2/repository/net/bytebuddy/byte-buddy/1.17.7/byte-buddy-1.17.7.jar:/Users/fangxi/.m2/repository/org/glassfish/jaxb/jaxb-runtime/4.0.5/jaxb-runtime-4.0.5.jar:/Users/fangxi/.m2/repository/org/glassfish/jaxb/jaxb-core/4.0.5/jaxb-core-4.0.5.jar:/Users/fangxi/.m2/repository/org/eclipse/angus/angus-activation/2.0.2/angus-activation-2.0.2.jar:/Users/fangxi/.m2/repository/org/glassfish/jaxb/txw2/4.0.5/txw2-4.0.5.jar:/Users/fangxi/.m2/repository/com/sun/istack/istack-commons-runtime/4.1.2/istack-commons-runtime-4.1.2.jar:/Users/fangxi/.m2/repository/jakarta/inject/jakarta.inject-api/2.0.1/jakarta.inject-api-2.0.1.jar:/Users/fangxi/.m2/repository/org/antlr/antlr4-runtime/4.13.0/antlr4-runtime-4.13.0.jar:/Users/fangxi/.m2/repository/org/springframework/data/spring-data-jpa/3.5.3/spring-data-jpa-3.5.3.jar:/Users/fangxi/.m2/repository/org/springframework/data/spring-data-commons/3.5.3/spring-data-commons-3.5.3.jar:/Users/fangxi/.m2/repository/org/springframework/spring-orm/6.2.10/spring-orm-6.2.10.jar:/Users/fangxi/.m2/repository/org/springframework/spring-tx/6.2.10/spring-tx-6.2.10.jar:/Users/fangxi/.m2/repository/org/slf4j/slf4j-api/2.0.17/slf4j-api-2.0.17.jar:/Users/fangxi/.m2/repository/org/springframework/spring-aspects/6.2.10/spring-aspects-6.2.10.jar:/Users/fangxi/.m2/repository/org/springframework/boot/spring-boot-starter-validation/3.5.5/spring-boot-starter-validation-3.5.5.jar:/Users/fangxi/.m2/repository/org/apache/tomcat/embed/tomcat-embed-el/10.1.44/tomcat-embed-el-10.1.44.jar:/Users/fangxi/.m2/repository/org/hibernate/validator/hibernate-validator/8.0.3.Final/hibernate-validator-8.0.3.Final.jar:/Users/fangxi/.m2/repository/jakarta/validation/jakarta.validation-api/3.0.2/jakarta.validation-api-3.0.2.jar:/Users/fangxi/.m2/repository/org/springframework/boot/spring-boot-configuration-processor/3.5.5/spring-boot-configuration-processor-3.5.5.jar:/Users/fangxi/.m2/repository/org/projectlombok/lombok/1.18.38/lombok-1.18.38.jar:/Users/fangxi/.m2/repository/org/springframework/boot/spring-boot-starter-test/3.5.5/spring-boot-starter-test-3.5.5.jar:/Users/fangxi/.m2/repository/org/springframework/boot/spring-boot-test/3.5.5/spring-boot-test-3.5.5.jar:/Users/fangxi/.m2/repository/org/springframework/boot/spring-boot-test-autoconfigure/3.5.5/spring-boot-test-autoconfigure-3.5.5.jar:/Users/fangxi/.m2/repository/com/jayway/jsonpath/json-path/2.9.0/json-path-2.9.0.jar:/Users/fangxi/.m2/repository/jakarta/xml/bind/jakarta.xml.bind-api/4.0.2/jakarta.xml.bind-api-4.0.2.jar:/Users/fangxi/.m2/repository/jakarta/activation/jakarta.activation-api/2.1.3/jakarta.activation-api-2.1.3.jar:/Users/fangxi/.m2/repository/net/minidev/json-smart/2.5.2/json-smart-2.5.2.jar:/Users/fangxi/.m2/repository/net/minidev/accessors-smart/2.5.2/accessors-smart-2.5.2.jar:/Users/fangxi/.m2/repository/org/ow2/asm/asm/9.7.1/asm-9.7.1.jar:/Users/fangxi/.m2/repository/org/assertj/assertj-core/3.27.4/assertj-core-3.27.4.jar:/Users/fangxi/.m2/repository/org/awaitility/awaitility/4.2.2/awaitility-4.2.2.jar:/Users/fangxi/.m2/repository/org/hamcrest/hamcrest/3.0/hamcrest-3.0.jar:/Users/fangxi/.m2/repository/org/junit/jupiter/junit-jupiter/5.12.2/junit-jupiter-5.12.2.jar:/Users/fangxi/.m2/repository/org/junit/jupiter/junit-jupiter-api/5.12.2/junit-jupiter-api-5.12.2.jar:/Users/fangxi/.m2/repository/org/opentest4j/opentest4j/1.3.0/opentest4j-1.3.0.jar:/Users/fangxi/.m2/repository/org/junit/platform/junit-platform-commons/1.12.2/junit-platform-commons-1.12.2.jar:/Users/fangxi/.m2/repository/org/apiguardian/apiguardian-api/1.1.2/apiguardian-api-1.1.2.jar:/Users/fangxi/.m2/repository/org/junit/jupiter/junit-jupiter-params/5.12.2/junit-jupiter-params-5.12.2.jar:/Users/fangxi/.m2/repository/org/junit/jupiter/junit-jupiter-engine/5.12.2/junit-jupiter-engine-5.12.2.jar:/Users/fangxi/.m2/repository/org/junit/platform/junit-platform-engine/1.12.2/junit-platform-engine-1.12.2.jar:/Users/fangxi/.m2/repository/org/mockito/mockito-core/5.17.0/mockito-core-5.17.0.jar:/Users/fangxi/.m2/repository/net/bytebuddy/byte-buddy-agent/1.17.7/byte-buddy-agent-1.17.7.jar:/Users/fangxi/.m2/repository/org/objenesis/objenesis/3.3/objenesis-3.3.jar:/Users/fangxi/.m2/repository/org/mockito/mockito-junit-jupiter/5.17.0/mockito-junit-jupiter-5.17.0.jar:/Users/fangxi/.m2/repository/org/skyscreamer/jsonassert/1.5.3/jsonassert-1.5.3.jar:/Users/fangxi/.m2/repository/com/vaadin/external/google/android-json/0.0.20131108.vaadin1/android-json-0.0.20131108.vaadin1.jar:/Users/fangxi/.m2/repository/org/springframework/spring-core/6.2.10/spring-core-6.2.10.jar:/Users/fangxi/.m2/repository/org/springframework/spring-jcl/6.2.10/spring-jcl-6.2.10.jar:/Users/fangxi/.m2/repository/org/springframework/spring-test/6.2.10/spring-test-6.2.10.jar:/Users/fangxi/.m2/repository/org/xmlunit/xmlunit-core/2.10.3/xmlunit-core-2.10.3.jar:/Users/fangxi/.m2/repository/com/google/guava/guava/33.3.1-jre/guava-33.3.1-jre.jar:/Users/fangxi/.m2/repository/com/google/guava/failureaccess/1.0.2/failureaccess-1.0.2.jar:/Users/fangxi/.m2/repository/com/google/guava/listenablefuture/9999.0-empty-to-avoid-conflict-with-guava/listenablefuture-9999.0-empty-to-avoid-conflict-with-guava.jar:/Users/fangxi/.m2/repository/com/google/code/findbugs/jsr305/3.0.2/jsr305-3.0.2.jar:/Users/fangxi/.m2/repository/org/checkerframework/checker-qual/3.43.0/checker-qual-3.43.0.jar:/Users/fangxi/.m2/repository/com/google/errorprone/error_prone_annotations/2.28.0/error_prone_annotations-2.28.0.jar:/Users/fangxi/.m2/repository/com/google/j2objc/j2objc-annotations/3.0.0/j2objc-annotations-3.0.0.jar:/Users/fangxi/.m2/repository/com/squareup/okhttp3/okhttp/4.12.0/okhttp-4.12.0.jar:/Users/fangxi/.m2/repository/com/squareup/okio/okio/3.6.0/okio-3.6.0.jar:/Users/fangxi/.m2/repository/com/squareup/okio/okio-jvm/3.6.0/okio-jvm-3.6.0.jar:/Users/fangxi/.m2/repository/org/jetbrains/kotlin/kotlin-stdlib-common/1.9.25/kotlin-stdlib-common-1.9.25.jar:/Users/fangxi/.m2/repository/org/jetbrains/kotlin/kotlin-stdlib-jdk8/1.9.25/kotlin-stdlib-jdk8-1.9.25.jar:/Users/fangxi/.m2/repository/org/jetbrains/kotlin/kotlin-stdlib/1.9.25/kotlin-stdlib-1.9.25.jar:/Users/fangxi/.m2/repository/org/jetbrains/annotations/13.0/annotations-13.0.jar:/Users/fangxi/.m2/repository/org/jetbrains/kotlin/kotlin-stdlib-jdk7/1.9.25/kotlin-stdlib-jdk7-1.9.25.jar:/Users/fangxi/.m2/repository/cn/hutool/hutool-all/5.8.32/hutool-all-5.8.32.jar:/Users/fangxi/.m2/repository/commons-codec/commons-codec/1.18.0/commons-codec-1.18.0.jar:/Users/fangxi/.m2/repository/com/github/pagehelper/pagehelper-spring-boot-starter/2.1.0/pagehelper-spring-boot-starter-2.1.0.jar:/Users/fangxi/.m2/repository/org/mybatis/spring/boot/mybatis-spring-boot-starter/2.3.2/mybatis-spring-boot-starter-2.3.2.jar:/Users/fangxi/.m2/repository/org/mybatis/spring/boot/mybatis-spring-boot-autoconfigure/2.3.2/mybatis-spring-boot-autoconfigure-2.3.2.jar:/Users/fangxi/.m2/repository/org/mybatis/mybatis/3.5.14/mybatis-3.5.14.jar:/Users/fangxi/.m2/repository/org/mybatis/mybatis-spring/2.1.2/mybatis-spring-2.1.2.jar:/Users/fangxi/.m2/repository/com/github/pagehelper/pagehelper-spring-boot-autoconfigure/2.1.0/pagehelper-spring-boot-autoconfigure-2.1.0.jar:/Users/fangxi/.m2/repository/com/github/pagehelper/pagehelper/6.1.0/pagehelper-6.1.0.jar:/Users/fangxi/.m2/repository/com/github/jsqlparser/jsqlparser/4.7/jsqlparser-4.7.jar:/Users/fangxi/.m2/repository/org/springframework/boot/spring-boot-starter-aop/3.5.5/spring-boot-starter-aop-3.5.5.jar:/Users/fangxi/.m2/repository/org/springframework/spring-aop/6.2.10/spring-aop-6.2.10.jar:/Users/fangxi/.m2/repository/org/aspectj/aspectjweaver/1.9.24/aspectjweaver-1.9.24.jar:/Users/fangxi/.m2/repository/org/springframework/boot/spring-boot-starter-data-redis/3.5.5/spring-boot-starter-data-redis-3.5.5.jar:/Users/fangxi/.m2/repository/io/lettuce/lettuce-core/6.6.0.RELEASE/lettuce-core-6.6.0.RELEASE.jar:/Users/fangxi/.m2/repository/redis/clients/authentication/redis-authx-core/0.1.1-beta2/redis-authx-core-0.1.1-beta2.jar:/Users/fangxi/.m2/repository/io/netty/netty-common/4.1.124.Final/netty-common-4.1.124.Final.jar:/Users/fangxi/.m2/repository/io/netty/netty-handler/4.1.124.Final/netty-handler-4.1.124.Final.jar:/Users/fangxi/.m2/repository/io/netty/netty-resolver/4.1.124.Final/netty-resolver-4.1.124.Final.jar:/Users/fangxi/.m2/repository/io/netty/netty-buffer/4.1.124.Final/netty-buffer-4.1.124.Final.jar:/Users/fangxi/.m2/repository/io/netty/netty-transport-native-unix-common/4.1.124.Final/netty-transport-native-unix-common-4.1.124.Final.jar:/Users/fangxi/.m2/repository/io/netty/netty-codec/4.1.124.Final/netty-codec-4.1.124.Final.jar:/Users/fangxi/.m2/repository/io/netty/netty-transport/4.1.124.Final/netty-transport-4.1.124.Final.jar:/Users/fangxi/.m2/repository/io/projectreactor/reactor-core/3.7.9/reactor-core-3.7.9.jar:/Users/fangxi/.m2/repository/org/reactivestreams/reactive-streams/1.0.4/reactive-streams-1.0.4.jar:/Users/fangxi/.m2/repository/org/springframework/data/spring-data-redis/3.5.3/spring-data-redis-3.5.3.jar:/Users/fangxi/.m2/repository/org/springframework/data/spring-data-keyvalue/3.5.3/spring-data-keyvalue-3.5.3.jar:/Users/fangxi/.m2/repository/org/springframework/spring-oxm/6.2.10/spring-oxm-6.2.10.jar:/Users/fangxi/.m2/repository/org/springframework/spring-context-support/6.2.10/spring-context-support-6.2.10.jar:"/>
    <property name="sun.cpu.endian" value="little"/>
    <property name="user.home" value="/Users/fangxi"/>
    <property name="user.language" value="zh"/>
    <property name="java.specification.vendor" value="Oracle Corporation"/>
    <property name="java.version.date" value="2025-07-15"/>
    <property name="java.home" value="/Library/Java/JavaVirtualMachines/liberica-jdk-21.jdk/Contents/Home"/>
    <property name="file.separator" value="/"/>
    <property name="basedir" value="/Users/fangxi/independent/idea-project/blades-of-chaos"/>
    <property name="style.color" value="always"/>
    <property name="java.vm.compressedOopsMode" value="Zero based"/>
    <property name="line.separator" value="&#10;"/>
    <property name="java.vm.specification.vendor" value="Oracle Corporation"/>
    <property name="java.specification.name" value="Java Platform API Specification"/>
    <property name="apple.awt.application.name" value="ForkedBooter"/>
    <property name="surefire.real.class.path" value="/Users/fangxi/independent/idea-project/blades-of-chaos/target/surefire/surefirebooter-20250910162921535_3.jar"/>
    <property name="user.script" value="Hans"/>
    <property name="sun.management.compiler" value="HotSpot 64-Bit Tiered Compilers"/>
    <property name="java.runtime.version" value="21.0.8+12-LTS"/>
    <property name="user.name" value="fangxi"/>
    <property name="stdout.encoding" value="UTF-8"/>
    <property name="path.separator" value=":"/>
    <property name="os.version" value="13.7.7"/>
    <property name="java.runtime.name" value="OpenJDK Runtime Environment"/>
    <property name="file.encoding" value="UTF-8"/>
    <property name="java.vm.name" value="OpenJDK 64-Bit Server VM"/>
    <property name="maven.ext.class.path" value="/Applications/IntelliJ IDEA.app/Contents/plugins/maven/lib/maven-event-listener.jar"/>
    <property name="localRepository" value="/Users/fangxi/.m2/repository"/>
    <property name="java.vendor.url.bug" value="https://bell-sw.com/support"/>
    <property name="java.io.tmpdir" value="/var/folders/lf/7zpf6hhd2wq5945_g9r7f4xr0000gn/T/"/>
    <property name="idea.version" value="2025.2.1"/>
    <property name="java.version" value="21.0.8"/>
    <property name="user.dir" value="/Users/fangxi/independent/idea-project/blades-of-chaos"/>
    <property name="os.arch" value="x86_64"/>
    <property name="jansi.passthrough" value="true"/>
    <property name="java.vm.specification.name" value="Java Virtual Machine Specification"/>
    <property name="native.encoding" value="UTF-8"/>
    <property name="java.library.path" value="/Users/fangxi/Library/Java/Extensions:/Library/Java/Extensions:/Network/Library/Java/Extensions:/System/Library/Java/Extensions:/usr/lib/java:."/>
    <property name="java.vm.info" value="mixed mode, sharing"/>
    <property name="stderr.encoding" value="UTF-8"/>
    <property name="java.vendor" value="BellSoft"/>
    <property name="java.vm.version" value="21.0.8+12-LTS"/>
    <property name="sun.io.unicode.encoding" value="UnicodeBig"/>
    <property name="maven.repo.local" value="/Users/fangxi/.m2/repository"/>
    <property name="java.class.version" value="65.0"/>
  </properties>
  <testcase name="should_ReturnObjectMapper_When_GetObjectMapper" classname="com.storyhasyou.kratos.utils.JacksonUtilsTest" time="0.184"/>
  <testcase name="should_ParseFromInputStream_When_GivenValidStreamAndClass" classname="com.storyhasyou.kratos.utils.JacksonUtilsTest" time="0.049"/>
  <testcase name="should_ParseArrayFromInputStream_When_GivenValidStream" classname="com.storyhasyou.kratos.utils.JacksonUtilsTest" time="0.007"/>
  <testcase name="should_ParseSetFromInputStream_When_GivenValidStream" classname="com.storyhasyou.kratos.utils.JacksonUtilsTest" time="0.005"/>
  <testcase name="should_FilterDeletedField_When_SerializingBaseEntity" classname="com.storyhasyou.kratos.utils.JacksonUtilsTest" time="0.043"/>
  <testcase name="should_SerializeToBytes_When_CallingSerializeAsBytes" classname="com.storyhasyou.kratos.utils.JacksonUtilsTest" time="0.006"/>
  <testcase name="should_CreateMappingJackson2HttpMessageConverter_When_DefaultSettings" classname="com.storyhasyou.kratos.utils.JacksonUtilsTest" time="0.002"/>
  <testcase name="should_ParseSetFromBytes_When_GivenValidJsonArrayBytes" classname="com.storyhasyou.kratos.utils.JacksonUtilsTest" time="0.002"/>
  <testcase name="should_ParseList_When_GivenValidJsonArray" classname="com.storyhasyou.kratos.utils.JacksonUtilsTest" time="0.004"/>
  <testcase name="should_ParseArrayFromBytes_When_GivenValidJsonArrayBytes" classname="com.storyhasyou.kratos.utils.JacksonUtilsTest" time="0.0"/>
  <testcase name="should_ConvertValue_When_GivenTypeReference" classname="com.storyhasyou.kratos.utils.JacksonUtilsTest" time="0.008"/>
  <testcase name="should_ParseListFromBytes_When_GivenValidJsonArrayBytes" classname="com.storyhasyou.kratos.utils.JacksonUtilsTest" time="0.001"/>
  <testcase name="should_HandleEmptyArray_When_Parsing" classname="com.storyhasyou.kratos.utils.JacksonUtilsTest" time="0.001"/>
  <testcase name="should_ParseFromString_When_GivenValidJson" classname="com.storyhasyou.kratos.utils.JacksonUtilsTest" time="0.001"/>
  <testcase name="should_ParseMapFromInputStream_When_GivenValidStream" classname="com.storyhasyou.kratos.utils.JacksonUtilsTest" time="0.011"/>
  <testcase name="should_BeThreadSafe_When_ConcurrentSerialization" classname="com.storyhasyou.kratos.utils.JacksonUtilsTest" time="0.034"/>
  <testcase name="should_ParseFromBytes_When_GivenValidJsonBytes" classname="com.storyhasyou.kratos.utils.JacksonUtilsTest" time="0.001"/>
  <testcase name="should_SerializeToBytes_When_GivenValidObject" classname="com.storyhasyou.kratos.utils.JacksonUtilsTest" time="0.001"/>
  <testcase name="should_ParseArray_When_GivenValidJsonArray" classname="com.storyhasyou.kratos.utils.JacksonUtilsTest" time="0.001"/>
  <testcase name="should_CreateMappingJackson2HttpMessageConverter_When_Long2StrEnabled" classname="com.storyhasyou.kratos.utils.JacksonUtilsTest" time="0.006"/>
  <testcase name="should_HandleNullValues_When_Serializing" classname="com.storyhasyou.kratos.utils.JacksonUtilsTest" time="0.0"/>
  <testcase name="should_ParseListFromInputStream_When_GivenValidStream" classname="com.storyhasyou.kratos.utils.JacksonUtilsTest" time="0.0"/>
  <testcase name="should_ParseMapFromBytes_When_GivenValidMapJsonBytes" classname="com.storyhasyou.kratos.utils.JacksonUtilsTest" time="0.003"/>
  <testcase name="should_ThrowBusinessException_When_SerializeCircularReference" classname="com.storyhasyou.kratos.utils.JacksonUtilsTest" time="0.16">
    <system-out><![CDATA[16:29:27.493 [main] ERROR com.storyhasyou.kratos.utils.JacksonUtils -- json序列化出错: [FAILED toString()]
com.fasterxml.jackson.databind.JsonMappingException: Document nesting depth (1001) exceeds the maximum allowed (1000, from `StreamWriteConstraints.getMaxNestingDepth()`) (through reference chain: java.util.HashMap["ref"]->java.util.HashMap["ref"]->java.util.HashMap["ref"]->java.util.HashMap["ref"]->java.util.HashMap["ref"]->java.util.HashMap["ref"]->java.util.HashMap["ref"]->java.util.HashMap["ref"]->java.util.HashMap["ref"]->java.util.HashMap["ref"]->java.util.HashMap["ref"]->java.util.HashMap["ref"]->java.util.HashMap["ref"]->java.util.HashMap["ref"]->java.util.HashMap["ref"]->java.util.HashMap["ref"]->java.util.HashMap["ref"]->java.util.HashMap["ref"]->java.util.HashMap["ref"]->java.util.HashMap["ref"]->java.util.HashMap["ref"]->java.util.HashMap["ref"]->java.util.HashMap["ref"]->java.util.HashMap["ref"]->java.util.HashMap["ref"]->java.util.HashMap["ref"]->java.util.HashMap["ref"]->java.util.HashMap["ref"]->java.util.HashMap["ref"]->java.util.HashMap["ref"]->java.util.HashMap["ref"]->java.util.HashMap["ref"]->java.util.HashMap["ref"]->java.util.HashMap["ref"]->java.util.HashMap["ref"]->java.util.HashMap["ref"]->java.util.HashMap["ref"]->java.util.HashMap["ref"]->java.util.HashMap["ref"]->java.util.HashMap["ref"]->java.util.HashMap["ref"]->java.util.HashMap["ref"]->java.util.HashMap["ref"]->java.util.HashMap["ref"]->java.util.HashMap["ref"]->java.util.HashMap["ref"]->java.util.HashMap["ref"]->java.util.HashMap["ref"]->java.util.HashMap["ref"]->java.util.HashMap["ref"]->java.util.HashMap["ref"]->java.util.HashMap["ref"]->java.util.HashMap["ref"]->java.util.HashMap["ref"]->java.util.HashMap["ref"]->java.util.HashMap["ref"]->java.util.HashMap["ref"]->java.util.HashMap["ref"]->java.util.HashMap["ref"]->java.util.HashMap["ref"]->java.util.HashMap["ref"]->java.util.HashMap["ref"]->java.util.HashMap["ref"]->java.util.HashMap["ref"]->java.util.HashMap["ref"]->java.util.HashMap["ref"]->java.util.HashMap["ref"]->java.util.HashMap["ref"]->java.util.HashMap["ref"]->java.util.HashMap["ref"]->java.util.HashMap["ref"]->java.util.HashMap["ref"]->java.util.HashMap["ref"]->java.util.HashMap["ref"]->java.util.HashMap["ref"]->java.util.HashMap["ref"]->java.util.HashMap["ref"]->java.util.HashMap["ref"]->java.util.HashMap["ref"]->java.util.HashMap["ref"]->java.util.HashMap["ref"]->java.util.HashMap["ref"]->java.util.HashMap["ref"]->java.util.HashMap["ref"]->java.util.HashMap["ref"]->java.util.HashMap["ref"]->java.util.HashMap["ref"]->java.util.HashMap["ref"]->java.util.HashMap["ref"]->java.util.HashMap["ref"]->java.util.HashMap["ref"]->java.util.HashMap["ref"]->java.util.HashMap["ref"]->java.util.HashMap["ref"]->java.util.HashMap["ref"]->java.util.HashMap["ref"]->java.util.HashMap["ref"]->java.util.HashMap["ref"]->java.util.HashMap["ref"]->java.util.HashMap["ref"]->java.util.HashMap["ref"]->java.util.HashMap["ref"]->java.util.HashMap["ref"]->java.util.HashMap["ref"]->java.util.HashMap["ref"]->java.util.HashMap["ref"]->java.util.HashMap["ref"]->java.util.HashMap["ref"]->java.util.HashMap["ref"]->java.util.HashMap["ref"]->java.util.HashMap["ref"]->java.util.HashMap["ref"]->java.util.HashMap["ref"]->java.util.HashMap["ref"]->java.util.HashMap["ref"]->java.util.HashMap["ref"]->java.util.HashMap["ref"]->java.util.HashMap["ref"]->java.util.HashMap["ref"]->java.util.HashMap["ref"]->java.util.HashMap["ref"]->java.util.HashMap["ref"]->java.util.HashMap["ref"]->java.util.HashMap["ref"]->java.util.HashMap["ref"]->java.util.HashMap["ref"]->java.util.HashMap["ref"]->java.util.HashMap["ref"]->java.util.HashMap["ref"]->java.util.HashMap["ref"]->java.util.HashMap["ref"]->java.util.HashMap["ref"]->java.util.HashMap["ref"]->java.util.HashMap["ref"]->java.util.HashMap["ref"]->java.util.HashMap["ref"]->java.util.HashMap["ref"]->java.util.HashMap["ref"]->java.util.HashMap["ref"]->java.util.HashMap["ref"]->java.util.HashMap["ref"]->java.util.HashMap["ref"]->java.util.HashMap["ref"]->java.util.HashMap["ref"]->java.util.HashMap["ref"]->java.util.HashMap["ref"]->java.util.HashMap["ref"]->java.util.HashMap["ref"]->java.util.HashMap["ref"]->java.util.HashMap["ref"]->java.util.HashMap["ref"]->java.util.HashMap["ref"]->java.util.HashMap["ref"]->java.util.HashMap["ref"]->java.util.HashMap["ref"]->java.util.HashMap["ref"]->java.util.HashMap["ref"]->java.util.HashMap["ref"]->java.util.HashMap["ref"]->java.util.HashMap["ref"]->java.util.HashMap["ref"]->java.util.HashMap["ref"]->java.util.HashMap["ref"]->java.util.HashMap["ref"]->java.util.HashMap["ref"]->java.util.HashMap["ref"]->java.util.HashMap["ref"]->java.util.HashMap["ref"]->java.util.HashMap["ref"]->java.util.HashMap["ref"]->java.util.HashMap["ref"]->java.util.HashMap["ref"]->java.util.HashMap["ref"]->java.util.HashMap["ref"]->java.util.HashMap["ref"]->java.util.HashMap["ref"]->java.util.HashMap["ref"]->java.util.HashMap["ref"]->java.util.HashMap["ref"]->java.util.HashMap["ref"]->java.util.HashMap["ref"]->java.util.HashMap["ref"]->java.util.HashMap["ref"]->java.util.HashMap["ref"]->java.util.HashMap["ref"]->java.util.HashMap["ref"]->java.util.HashMap["ref"]->java.util.HashMap["ref"]->java.util.HashMap["ref"]->java.util.HashMap["ref"]->java.util.HashMap["ref"]->java.util.HashMap["ref"]->java.util.HashMap["ref"]->java.util.HashMap["ref"]->java.util.HashMap["ref"]->java.util.HashMap["ref"]->java.util.HashMap["ref"]->java.util.HashMap["ref"]->java.util.HashMap["ref"]->java.util.HashMap["ref"]->java.util.HashMap["ref"]->java.util.HashMap["ref"]->java.util.HashMap["ref"]->java.util.HashMap["ref"]->java.util.HashMap["ref"]->java.util.HashMap["ref"]->java.util.HashMap["ref"]->java.util.HashMap["ref"]->java.util.HashMap["ref"]->java.util.HashMap["ref"]->java.util.HashMap["ref"]->java.util.HashMap["ref"]->java.util.HashMap["ref"]->java.util.HashMap["ref"]->java.util.HashMap["ref"]->java.util.HashMap["ref"]->java.util.HashMap["ref"]->java.util.HashMap["ref"]->java.util.HashMap["ref"]->java.util.HashMap["ref"]->java.util.HashMap["ref"]->java.util.HashMap["ref"]->java.util.HashMap["ref"]->java.util.HashMap["ref"]->java.util.HashMap["ref"]->java.util.HashMap["ref"]->java.util.HashMap["ref"]->java.util.HashMap["ref"]->java.util.HashMap["ref"]->java.util.HashMap["ref"]->java.util.HashMap["ref"]->java.util.HashMap["ref"]->java.util.HashMap["ref"]->java.util.HashMap["ref"]->java.util.HashMap["ref"]->java.util.HashMap["ref"]->java.util.HashMap["ref"]->java.util.HashMap["ref"]->java.util.HashMap["ref"]->java.util.HashMap["ref"]->java.util.HashMap["ref"]->java.util.HashMap["ref"]->java.util.HashMap["ref"]->java.util.HashMap["ref"]->java.util.HashMap["ref"]->java.util.HashMap["ref"]->java.util.HashMap["ref"]->java.util.HashMap["ref"]->java.util.HashMap["ref"]->java.util.HashMap["ref"]->java.util.HashMap["ref"]->java.util.HashMap["ref"]->java.util.HashMap["ref"]->java.util.HashMap["ref"]->java.util.HashMap["ref"]->java.util.HashMap["ref"]->java.util.HashMap["ref"]->java.util.HashMap["ref"]->java.util.HashMap["ref"]->java.util.HashMap["ref"]->java.util.HashMap["ref"]->java.util.HashMap["ref"]->java.util.HashMap["ref"]->java.util.HashMap["ref"]->java.util.HashMap["ref"]->java.util.HashMap["ref"]->java.util.HashMap["ref"]->java.util.HashMap["ref"]->java.util.HashMap["ref"]->java.util.HashMap["ref"]->java.util.HashMap["ref"]->java.util.HashMap["ref"]->java.util.HashMap["ref"]->java.util.HashMap["ref"]->java.util.HashMap["ref"]->java.util.HashMap["ref"]->java.util.HashMap["ref"]->java.util.HashMap["ref"]->java.util.HashMap["ref"]->java.util.HashMap["ref"]->java.util.HashMap["ref"]->java.util.HashMap["ref"]->java.util.HashMap["ref"]->java.util.HashMap["ref"]->java.util.HashMap["ref"]->java.util.HashMap["ref"]->java.util.HashMap["ref"]->java.util.HashMap["ref"]->java.util.HashMap["ref"]->java.util.HashMap["ref"]->java.util.HashMap["ref"]->java.util.HashMap["ref"]->java.util.HashMap["ref"]->java.util.HashMap["ref"]->java.util.HashMap["ref"]->java.util.HashMap["ref"]->java.util.HashMap["ref"]->java.util.HashMap["ref"]->java.util.HashMap["ref"]->java.util.HashMap["ref"]->java.util.HashMap["ref"]->java.util.HashMap["ref"]->java.util.HashMap["ref"]->java.util.HashMap["ref"]->java.util.HashMap["ref"]->java.util.HashMap["ref"]->java.util.HashMap["ref"]->java.util.HashMap["ref"]->java.util.HashMap["ref"]->java.util.HashMap["ref"]->java.util.HashMap["ref"]->java.util.HashMap["ref"]->java.util.HashMap["ref"]->java.util.HashMap["ref"]->java.util.HashMap["ref"]->java.util.HashMap["ref"]->java.util.HashMap["ref"]->java.util.HashMap["ref"]->java.util.HashMap["ref"]->java.util.HashMap["ref"]->java.util.HashMap["ref"]->java.util.HashMap["ref"]->java.util.HashMap["ref"]->java.util.HashMap["ref"]->java.util.HashMap["ref"]->java.util.HashMap["ref"]->java.util.HashMap["ref"]->java.util.HashMap["ref"]->java.util.HashMap["ref"]->java.util.HashMap["ref"]->java.util.HashMap["ref"]->java.util.HashMap["ref"]->java.util.HashMap["ref"]->java.util.HashMap["ref"]->java.util.HashMap["ref"]->java.util.HashMap["ref"]->java.util.HashMap["ref"]->java.util.HashMap["ref"]->java.util.HashMap["ref"]->java.util.HashMap["ref"]->java.util.HashMap["ref"]->java.util.HashMap["ref"]->java.util.HashMap["ref"]->java.util.HashMap["ref"]->java.util.HashMap["ref"]->java.util.HashMap["ref"]->java.util.HashMap["ref"]->java.util.HashMap["ref"]->java.util.HashMap["ref"]->java.util.HashMap["ref"]->java.util.HashMap["ref"]->java.util.HashMap["ref"]->java.util.HashMap["ref"]->java.util.HashMap["ref"]->java.util.HashMap["ref"]->java.util.HashMap["ref"]->java.util.HashMap["ref"]->java.util.HashMap["ref"]->java.util.HashMap["ref"]->java.util.HashMap["ref"]->java.util.HashMap["ref"]->java.util.HashMap["ref"]->java.util.HashMap["ref"]->java.util.HashMap["ref"]->java.util.HashMap["ref"]->java.util.HashMap["ref"]->java.util.HashMap["ref"]->java.util.HashMap["ref"]->java.util.HashMap["ref"]->java.util.HashMap["ref"]->java.util.HashMap["ref"]->java.util.HashMap["ref"]->java.util.HashMap["ref"]->java.util.HashMap["ref"]->java.util.HashMap["ref"]->java.util.HashMap["ref"]->java.util.HashMap["ref"]->java.util.HashMap["ref"]->java.util.HashMap["ref"]->java.util.HashMap["ref"]->java.util.HashMap["ref"]->java.util.HashMap["ref"]->java.util.HashMap["ref"]->java.util.HashMap["ref"]->java.util.HashMap["ref"]->java.util.HashMap["ref"]->java.util.HashMap["ref"]->java.util.HashMap["ref"]->java.util.HashMap["ref"]->java.util.HashMap["ref"]->java.util.HashMap["ref"]->java.util.HashMap["ref"]->java.util.HashMap["ref"]->java.util.HashMap["ref"]->java.util.HashMap["ref"]->java.util.HashMap["ref"]->java.util.HashMap["ref"]->java.util.HashMap["ref"]->java.util.HashMap["ref"]->java.util.HashMap["ref"]->java.util.HashMap["ref"]->java.util.HashMap["ref"]->java.util.HashMap["ref"]->java.util.HashMap["ref"]->java.util.HashMap["ref"]->java.util.HashMap["ref"]->java.util.HashMap["ref"]->java.util.HashMap["ref"]->java.util.HashMap["ref"]->java.util.HashMap["ref"]->java.util.HashMap["ref"]->java.util.HashMap["ref"]->java.util.HashMap["ref"]->java.util.HashMap["ref"]->java.util.HashMap["ref"]->java.util.HashMap["ref"]->java.util.HashMap["ref"]->java.util.HashMap["ref"]->java.util.HashMap["ref"]->java.util.HashMap["ref"]->java.util.HashMap["ref"]->java.util.HashMap["ref"]->java.util.HashMap["ref"]->java.util.HashMap["ref"]->java.util.HashMap["ref"]->java.util.HashMap["ref"]->java.util.HashMap["ref"]->java.util.HashMap["ref"]->java.util.HashMap["ref"]->java.util.HashMap["ref"]->java.util.HashMap["ref"]->java.util.HashMap["ref"]->java.util.HashMap["ref"]->java.util.HashMap["ref"]->java.util.HashMap["ref"]->java.util.HashMap["ref"]->java.util.HashMap["ref"]->java.util.HashMap["ref"]->java.util.HashMap["ref"]->java.util.HashMap["ref"]->java.util.HashMap["ref"]->java.util.HashMap["ref"]->java.util.HashMap["ref"]->java.util.HashMap["ref"]->java.util.HashMap["ref"]->java.util.HashMap["ref"]->java.util.HashMap["ref"]->java.util.HashMap["ref"]->java.util.HashMap["ref"]->java.util.HashMap["ref"]->java.util.HashMap["ref"]->java.util.HashMap["ref"]->java.util.HashMap["ref"]->java.util.HashMap["ref"]->java.util.HashMap["ref"]->java.util.HashMap["ref"]->java.util.HashMap["ref"]->java.util.HashMap["ref"]->java.util.HashMap["ref"]->java.util.HashMap["ref"]->java.util.HashMap["ref"]->java.util.HashMap["ref"]->java.util.HashMap["ref"]->java.util.HashMap["ref"]->java.util.HashMap["ref"]->java.util.HashMap["ref"]->java.util.HashMap["ref"]->java.util.HashMap["ref"]->java.util.HashMap["ref"]->java.util.HashMap["ref"]->java.util.HashMap["ref"]->java.util.HashMap["ref"]->java.util.HashMap["ref"]->java.util.HashMap["ref"]->java.util.HashMap["ref"]->java.util.HashMap["ref"]->java.util.HashMap["ref"]->java.util.HashMap["ref"]->java.util.HashMap["ref"]->java.util.HashMap["ref"]->java.util.HashMap["ref"]->java.util.HashMap["ref"]->java.util.HashMap["ref"]->java.util.HashMap["ref"]->java.util.HashMap["ref"]->java.util.HashMap["ref"]->java.util.HashMap["ref"]->java.util.HashMap["ref"]->java.util.HashMap["ref"]->java.util.HashMap["ref"]->java.util.HashMap["ref"]->java.util.HashMap["ref"]->java.util.HashMap["ref"]->java.util.HashMap["ref"]->java.util.HashMap["ref"]->java.util.HashMap["ref"]->java.util.HashMap["ref"]->java.util.HashMap["ref"]->java.util.HashMap["ref"]->java.util.HashMap["ref"]->java.util.HashMap["ref"]->java.util.HashMap["ref"]->java.util.HashMap["ref"]->java.util.HashMap["ref"]->java.util.HashMap["ref"]->java.util.HashMap["ref"]->java.util.HashMap["ref"]->java.util.HashMap["ref"]->java.util.HashMap["ref"]->java.util.HashMap["ref"]->java.util.HashMap["ref"]->java.util.HashMap["ref"]->java.util.HashMap["ref"]->java.util.HashMap["ref"]->java.util.HashMap["ref"]->java.util.HashMap["ref"]->java.util.HashMap["ref"]->java.util.HashMap["ref"]->java.util.HashMap["ref"]->java.util.HashMap["ref"]->java.util.HashMap["ref"]->java.util.HashMap["ref"]->java.util.HashMap["ref"]->java.util.HashMap["ref"]->java.util.HashMap["ref"]->java.util.HashMap["ref"]->java.util.HashMap["ref"]->java.util.HashMap["ref"]->java.util.HashMap["ref"]->java.util.HashMap["ref"]->java.util.HashMap["ref"]->java.util.HashMap["ref"]->java.util.HashMap["ref"]->java.util.HashMap["ref"]->java.util.HashMap["ref"]->java.util.HashMap["ref"]->java.util.HashMap["ref"]->java.util.HashMap["ref"]->java.util.HashMap["ref"]->java.util.HashMap["ref"]->java.util.HashMap["ref"]->java.util.HashMap["ref"]->java.util.HashMap["ref"]->java.util.HashMap["ref"]->java.util.HashMap["ref"]->java.util.HashMap["ref"]->java.util.HashMap["ref"]->java.util.HashMap["ref"]->java.util.HashMap["ref"]->java.util.HashMap["ref"]->java.util.HashMap["ref"]->java.util.HashMap["ref"]->java.util.HashMap["ref"]->java.util.HashMap["ref"]->java.util.HashMap["ref"]->java.util.HashMap["ref"]->java.util.HashMap["ref"]->java.util.HashMap["ref"]->java.util.HashMap["ref"]->java.util.HashMap["ref"]->java.util.HashMap["ref"]->java.util.HashMap["ref"]->java.util.HashMap["ref"]->java.util.HashMap["ref"]->java.util.HashMap["ref"]->java.util.HashMap["ref"]->java.util.HashMap["ref"]->java.util.HashMap["ref"]->java.util.HashMap["ref"]->java.util.HashMap["ref"]->java.util.HashMap["ref"]->java.util.HashMap["ref"]->java.util.HashMap["ref"]->java.util.HashMap["ref"]->java.util.HashMap["ref"]->java.util.HashMap["ref"]->java.util.HashMap["ref"]->java.util.HashMap["ref"]->java.util.HashMap["ref"]->java.util.HashMap["ref"]->java.util.HashMap["ref"]->java.util.HashMap["ref"]->java.util.HashMap["ref"]->java.util.HashMap["ref"]->java.util.HashMap["ref"]->java.util.HashMap["ref"]->java.util.HashMap["ref"]->java.util.HashMap["ref"]->java.util.HashMap["ref"]->java.util.HashMap["ref"]->java.util.HashMap["ref"]->java.util.HashMap["ref"]->java.util.HashMap["ref"]->java.util.HashMap["ref"]->java.util.HashMap["ref"]->java.util.HashMap["ref"]->java.util.HashMap["ref"]->java.util.HashMap["ref"]->java.util.HashMap["ref"]->java.util.HashMap["ref"]->java.util.HashMap["ref"]->java.util.HashMap["ref"]->java.util.HashMap["ref"]->java.util.HashMap["ref"]->java.util.HashMap["ref"]->java.util.HashMap["ref"]->java.util.HashMap["ref"]->java.util.HashMap["ref"]->java.util.HashMap["ref"]->java.util.HashMap["ref"]->java.util.HashMap["ref"]->java.util.HashMap["ref"]->java.util.HashMap["ref"]->java.util.HashMap["ref"]->java.util.HashMap["ref"]->java.util.HashMap["ref"]->java.util.HashMap["ref"]->java.util.HashMap["ref"]->java.util.HashMap["ref"]->java.util.HashMap["ref"]->java.util.HashMap["ref"]->java.util.HashMap["ref"]->java.util.HashMap["ref"]->java.util.HashMap["ref"]->java.util.HashMap["ref"]->java.util.HashMap["ref"]->java.util.HashMap["ref"]->java.util.HashMap["ref"]->java.util.HashMap["ref"]->java.util.HashMap["ref"]->java.util.HashMap["ref"]->java.util.HashMap["ref"]->java.util.HashMap["ref"]->java.util.HashMap["ref"]->java.util.HashMap["ref"]->java.util.HashMap["ref"]->java.util.HashMap["ref"]->java.util.HashMap["ref"]->java.util.HashMap["ref"]->java.util.HashMap["ref"]->java.util.HashMap["ref"]->java.util.HashMap["ref"]->java.util.HashMap["ref"]->java.util.HashMap["ref"]->java.util.HashMap["ref"]->java.util.HashMap["ref"]->java.util.HashMap["ref"]->java.util.HashMap["ref"]->java.util.HashMap["ref"]->java.util.HashMap["ref"]->java.util.HashMap["ref"]->java.util.HashMap["ref"]->java.util.HashMap["ref"]->java.util.HashMap["ref"]->java.util.HashMap["ref"]->java.util.HashMap["ref"]->java.util.HashMap["ref"]->java.util.HashMap["ref"]->java.util.HashMap["ref"]->java.util.HashMap["ref"]->java.util.HashMap["ref"]->java.util.HashMap["ref"]->java.util.HashMap["ref"]->java.util.HashMap["ref"]->java.util.HashMap["ref"]->java.util.HashMap["ref"]->java.util.HashMap["ref"]->java.util.HashMap["ref"]->java.util.HashMap["ref"]->java.util.HashMap["ref"]->java.util.HashMap["ref"]->java.util.HashMap["ref"]->java.util.HashMap["ref"]->java.util.HashMap["ref"]->java.util.HashMap["ref"]->java.util.HashMap["ref"]->java.util.HashMap["ref"]->java.util.HashMap["ref"]->java.util.HashMap["ref"]->java.util.HashMap["ref"]->java.util.HashMap["ref"]->java.util.HashMap["ref"]->java.util.HashMap["ref"]->java.util.HashMap["ref"]->java.util.HashMap["ref"]->java.util.HashMap["ref"]->java.util.HashMap["ref"]->java.util.HashMap["ref"]->java.util.HashMap["ref"]->java.util.HashMap["ref"]->java.util.HashMap["ref"]->java.util.HashMap["ref"]->java.util.HashMap["ref"]->java.util.HashMap["ref"]->java.util.HashMap["ref"]->java.util.HashMap["ref"]->java.util.HashMap["ref"]->java.util.HashMap["ref"]->java.util.HashMap["ref"]->java.util.HashMap["ref"]->java.util.HashMap["ref"]->java.util.HashMap["ref"]->java.util.HashMap["ref"]->java.util.HashMap["ref"]->java.util.HashMap["ref"]->java.util.HashMap["ref"]->java.util.HashMap["ref"]->java.util.HashMap["ref"]->java.util.HashMap["ref"]->java.util.HashMap["ref"]->java.util.HashMap["ref"]->java.util.HashMap["ref"]->java.util.HashMap["ref"]->java.util.HashMap["ref"]->java.util.HashMap["ref"]->java.util.HashMap["ref"]->java.util.HashMap["ref"]->java.util.HashMap["ref"]->java.util.HashMap["ref"]->java.util.HashMap["ref"]->java.util.HashMap["ref"]->java.util.HashMap["ref"]->java.util.HashMap["ref"]->java.util.HashMap["ref"]->java.util.HashMap["ref"]->java.util.HashMap["ref"]->java.util.HashMap["ref"]->java.util.HashMap["ref"]->java.util.HashMap["ref"]->java.util.HashMap["ref"]->java.util.HashMap["ref"]->java.util.HashMap["ref"]->java.util.HashMap["ref"]->java.util.HashMap["ref"]->java.util.HashMap["ref"]->java.util.HashMap["ref"]->java.util.HashMap["ref"]->java.util.HashMap["ref"]->java.util.HashMap["ref"]->java.util.HashMap["ref"]->java.util.HashMap["ref"]->java.util.HashMap["ref"]->java.util.HashMap["ref"]->java.util.HashMap["ref"]->java.util.HashMap["ref"]->java.util.HashMap["ref"]->java.util.HashMap["ref"]->java.util.HashMap["ref"]->java.util.HashMap["ref"]->java.util.HashMap["ref"]->java.util.HashMap["ref"]->java.util.HashMap["ref"]->java.util.HashMap["ref"]->java.util.HashMap["ref"]->java.util.HashMap["ref"]->java.util.HashMap["ref"]->java.util.HashMap["ref"]->java.util.HashMap["ref"]->java.util.HashMap["ref"]->java.util.HashMap["ref"]->java.util.HashMap["ref"]->java.util.HashMap["ref"]->java.util.HashMap["ref"]->java.util.HashMap["ref"]->java.util.HashMap["ref"]->java.util.HashMap["ref"]->java.util.HashMap["ref"]->java.util.HashMap["ref"]->java.util.HashMap["ref"]->java.util.HashMap["ref"]->java.util.HashMap["ref"]->java.util.HashMap["ref"]->java.util.HashMap["ref"]->java.util.HashMap["ref"]->java.util.HashMap["ref"]->java.util.HashMap["ref"]->java.util.HashMap["ref"]->java.util.HashMap["ref"]->java.util.HashMap["ref"]->java.util.HashMap["ref"]->java.util.HashMap["ref"]->java.util.HashMap["ref"]->java.util.HashMap["ref"]->java.util.HashMap["ref"]->java.util.HashMap["ref"]->java.util.HashMap["ref"]->java.util.HashMap["ref"]->java.util.HashMap["ref"]->java.util.HashMap["ref"]->java.util.HashMap["ref"]->java.util.HashMap["ref"]->java.util.HashMap["ref"]->java.util.HashMap["ref"]->java.util.HashMap["ref"]->java.util.HashMap["ref"]->java.util.HashMap["ref"]->java.util.HashMap["ref"]->java.util.HashMap["ref"]->java.util.HashMap["ref"]->java.util.HashMap["ref"]->java.util.HashMap["ref"]->java.util.HashMap["ref"]->java.util.HashMap["ref"]->java.util.HashMap["ref"]->java.util.HashMap["ref"]->java.util.HashMap["ref"]->java.util.HashMap["ref"]->java.util.HashMap["ref"]->java.util.HashMap["ref"]->java.util.HashMap["ref"]->java.util.HashMap["ref"]->java.util.HashMap["ref"]->java.util.HashMap["ref"]->java.util.HashMap["ref"]->java.util.HashMap["ref"]->java.util.HashMap["ref"]->java.util.HashMap["ref"]->java.util.HashMap["ref"]->java.util.HashMap["ref"]->java.util.HashMap["ref"]->java.util.HashMap["ref"]->java.util.HashMap["ref"]->java.util.HashMap["ref"]->java.util.HashMap["ref"]->java.util.HashMap["ref"]->java.util.HashMap["ref"]->java.util.HashMap["ref"]->java.util.HashMap["ref"]->java.util.HashMap["ref"]->java.util.HashMap["ref"]->java.util.HashMap["ref"]->java.util.HashMap["ref"]->java.util.HashMap["ref"]->java.util.HashMap["ref"]->java.util.HashMap["ref"]->java.util.HashMap["ref"]->java.util.HashMap["ref"]->java.util.HashMap["ref"]->java.util.HashMap["ref"]->java.util.HashMap["ref"]->java.util.HashMap["ref"]->java.util.HashMap["ref"]->java.util.HashMap["ref"]->java.util.HashMap["ref"]->java.util.HashMap["ref"]->java.util.HashMap["ref"]->java.util.HashMap["ref"]->java.util.HashMap["ref"]->java.util.HashMap["ref"]->java.util.HashMap["ref"]->java.util.HashMap["ref"]->java.util.HashMap["ref"]->java.util.HashMap["ref"]->java.util.HashMap["ref"]->java.util.HashMap["ref"]->java.util.HashMap["ref"]->java.util.HashMap["ref"]->java.util.HashMap["ref"]->java.util.HashMap["ref"]->java.util.HashMap["ref"]->java.util.HashMap["ref"]->java.util.HashMap["ref"]->java.util.HashMap["ref"]->java.util.HashMap["ref"]->java.util.HashMap["ref"]->java.util.HashMap["ref"]->java.util.HashMap["ref"]->java.util.HashMap["ref"]->java.util.HashMap["ref"]->java.util.HashMap["ref"]->java.util.HashMap["ref"]->java.util.HashMap["ref"]->java.util.HashMap["ref"]->java.util.HashMap["ref"]->java.util.HashMap["ref"]->java.util.HashMap["ref"]->java.util.HashMap["ref"]->java.util.HashMap["ref"]->java.util.HashMap["ref"]->java.util.HashMap["ref"]->java.util.HashMap["ref"]->java.util.HashMap["ref"]->java.util.HashMap["ref"]->java.util.HashMap["ref"]->java.util.HashMap["ref"]->java.util.HashMap["ref"]->java.util.HashMap["ref"]->java.util.HashMap["ref"]->java.util.HashMap["ref"]->java.util.HashMap["ref"]->java.util.HashMap["ref"]->java.util.HashMap["ref"]->java.util.HashMap["ref"]->java.util.HashMap["ref"]->java.util.HashMap["ref"]->java.util.HashMap["ref"]->java.util.HashMap["ref"]->java.util.HashMap["ref"]->java.util.HashMap["ref"]->java.util.HashMap["ref"]->java.util.HashMap["ref"]->java.util.HashMap["ref"]->java.util.HashMap["ref"]->java.util.HashMap["ref"]->java.util.HashMap["ref"]->java.util.HashMap["ref"]->java.util.HashMap["ref"]->java.util.HashMap["ref"]->java.util.HashMap["ref"]->java.util.HashMap["ref"]->java.util.HashMap["ref"]->java.util.HashMap["ref"]->java.util.HashMap["ref"]->java.util.HashMap["ref"]->java.util.HashMap["ref"]->java.util.HashMap["ref"]->java.util.HashMap["ref"]->java.util.HashMap["ref"]->java.util.HashMap["ref"]->java.util.HashMap["ref"]->java.util.HashMap["ref"]->java.util.HashMap["ref"]->java.util.HashMap["ref"]->java.util.HashMap["ref"]->java.util.HashMap["ref"]->java.util.HashMap["ref"]->java.util.HashMap["ref"]->java.util.HashMap["ref"]->java.util.HashMap["ref"]->java.util.HashMap["ref"]->java.util.HashMap["ref"]->java.util.HashMap["ref"]->java.util.HashMap["ref"]->java.util.HashMap["ref"]->java.util.HashMap["ref"]->java.util.HashMap["ref"]->java.util.HashMap["ref"]->java.util.HashMap["ref"]->java.util.HashMap["ref"]->java.util.HashMap["ref"]->java.util.HashMap["ref"]->java.util.HashMap["ref"]->java.util.HashMap["ref"]->java.util.HashMap["ref"]->java.util.HashMap["ref"]->java.util.HashMap["ref"]->java.util.HashMap["ref"]->java.util.HashMap["ref"]->java.util.HashMap["ref"]->java.util.HashMap["ref"]->java.util.HashMap["ref"]->java.util.HashMap["ref"]->java.util.HashMap["ref"]->java.util.HashMap["ref"]->java.util.HashMap["ref"]->java.util.HashMap["ref"]->java.util.HashMap["ref"]->java.util.HashMap["ref"]->java.util.HashMap["ref"]->java.util.HashMap["ref"]->java.util.HashMap["ref"]->java.util.HashMap["ref"]->java.util.HashMap["ref"]->java.util.HashMap["ref"]->java.util.HashMap["ref"]->java.util.HashMap["ref"]->java.util.HashMap["ref"]->java.util.HashMap["ref"]->java.util.HashMap["ref"]->java.util.HashMap["ref"]->java.util.HashMap["ref"]->java.util.HashMap["ref"]->java.util.HashMap["ref"]->java.util.HashMap["ref"]->java.util.HashMap["ref"]->java.util.HashMap["ref"]->java.util.HashMap["ref"]->java.util.HashMap["ref"]->java.util.HashMap["ref"]->java.util.HashMap["ref"]->java.util.HashMap["ref"]->java.util.HashMap["ref"]->java.util.HashMap["ref"]->java.util.HashMap["ref"]->java.util.HashMap["ref"]->java.util.HashMap["ref"]->java.util.HashMap["ref"]->java.util.HashMap["ref"]->java.util.HashMap["ref"]->java.util.HashMap["ref"]->java.util.HashMap["ref"]->java.util.HashMap["ref"]->java.util.HashMap["ref"]->java.util.HashMap["ref"]->java.util.HashMap["ref"]->java.util.HashMap["ref"]->java.util.HashMap["ref"]->java.util.HashMap["ref"]->java.util.HashMap["ref"]->java.util.HashMap["ref"])
	at com.fasterxml.jackson.databind.JsonMappingException.wrapWithPath(JsonMappingException.java:400)
	at com.fasterxml.jackson.databind.JsonMappingException.wrapWithPath(JsonMappingException.java:359)
	at com.fasterxml.jackson.databind.ser.std.StdSerializer.wrapAndThrow(StdSerializer.java:324)
	at com.fasterxml.jackson.databind.ser.std.MapSerializer.serializeFields(MapSerializer.java:810)
	at com.fasterxml.jackson.databind.ser.std.MapSerializer.serializeWithoutTypeInfo(MapSerializer.java:763)
	at com.fasterxml.jackson.databind.ser.std.MapSerializer.serialize(MapSerializer.java:719)
	at com.fasterxml.jackson.databind.ser.std.MapSerializer.serialize(MapSerializer.java:34)
	at com.fasterxml.jackson.databind.ser.std.MapSerializer.serializeFields(MapSerializer.java:807)
	at com.fasterxml.jackson.databind.ser.std.MapSerializer.serializeWithoutTypeInfo(MapSerializer.java:763)
	at com.fasterxml.jackson.databind.ser.std.MapSerializer.serialize(MapSerializer.java:719)
	at com.fasterxml.jackson.databind.ser.std.MapSerializer.serialize(MapSerializer.java:34)
	at com.fasterxml.jackson.databind.ser.std.MapSerializer.serializeFields(MapSerializer.java:807)
	at com.fasterxml.jackson.databind.ser.std.MapSerializer.serializeWithoutTypeInfo(MapSerializer.java:763)
	at com.fasterxml.jackson.databind.ser.std.MapSerializer.serialize(MapSerializer.java:719)
	at com.fasterxml.jackson.databind.ser.std.MapSerializer.serialize(MapSerializer.java:34)
	at com.fasterxml.jackson.databind.ser.std.MapSerializer.serializeFields(MapSerializer.java:807)
	at com.fasterxml.jackson.databind.ser.std.MapSerializer.serializeWithoutTypeInfo(MapSerializer.java:763)
	at com.fasterxml.jackson.databind.ser.std.MapSerializer.serialize(MapSerializer.java:719)
	at com.fasterxml.jackson.databind.ser.std.MapSerializer.serialize(MapSerializer.java:34)
	at com.fasterxml.jackson.databind.ser.std.MapSerializer.serializeFields(MapSerializer.java:807)
	at com.fasterxml.jackson.databind.ser.std.MapSerializer.serializeWithoutTypeInfo(MapSerializer.java:763)
	at com.fasterxml.jackson.databind.ser.std.MapSerializer.serialize(MapSerializer.java:719)
	at com.fasterxml.jackson.databind.ser.std.MapSerializer.serialize(MapSerializer.java:34)
	at com.fasterxml.jackson.databind.ser.std.MapSerializer.serializeFields(MapSerializer.java:807)
	at com.fasterxml.jackson.databind.ser.std.MapSerializer.serializeWithoutTypeInfo(MapSerializer.java:763)
	at com.fasterxml.jackson.databind.ser.std.MapSerializer.serialize(MapSerializer.java:719)
	at com.fasterxml.jackson.databind.ser.std.MapSerializer.serialize(MapSerializer.java:34)
	at com.fasterxml.jackson.databind.ser.std.MapSerializer.serializeFields(MapSerializer.java:807)
	at com.fasterxml.jackson.databind.ser.std.MapSerializer.serializeWithoutTypeInfo(MapSerializer.java:763)
	at com.fasterxml.jackson.databind.ser.std.MapSerializer.serialize(MapSerializer.java:719)
	at com.fasterxml.jackson.databind.ser.std.MapSerializer.serialize(MapSerializer.java:34)
	at com.fasterxml.jackson.databind.ser.std.MapSerializer.serializeFields(MapSerializer.java:807)
	at com.fasterxml.jackson.databind.ser.std.MapSerializer.serializeWithoutTypeInfo(MapSerializer.java:763)
	at com.fasterxml.jackson.databind.ser.std.MapSerializer.serialize(MapSerializer.java:719)
	at com.fasterxml.jackson.databind.ser.std.MapSerializer.serialize(MapSerializer.java:34)
	at com.fasterxml.jackson.databind.ser.std.MapSerializer.serializeFields(MapSerializer.java:807)
	at com.fasterxml.jackson.databind.ser.std.MapSerializer.serializeWithoutTypeInfo(MapSerializer.java:763)
	at com.fasterxml.jackson.databind.ser.std.MapSerializer.serialize(MapSerializer.java:719)
	at com.fasterxml.jackson.databind.ser.std.MapSerializer.serialize(MapSerializer.java:34)
	at com.fasterxml.jackson.databind.ser.std.MapSerializer.serializeFields(MapSerializer.java:807)
	at com.fasterxml.jackson.databind.ser.std.MapSerializer.serializeWithoutTypeInfo(MapSerializer.java:763)
	at com.fasterxml.jackson.databind.ser.std.MapSerializer.serialize(MapSerializer.java:719)
	at com.fasterxml.jackson.databind.ser.std.MapSerializer.serialize(MapSerializer.java:34)
	at com.fasterxml.jackson.databind.ser.std.MapSerializer.serializeFields(MapSerializer.java:807)
	at com.fasterxml.jackson.databind.ser.std.MapSerializer.serializeWithoutTypeInfo(MapSerializer.java:763)
	at com.fasterxml.jackson.databind.ser.std.MapSerializer.serialize(MapSerializer.java:719)
	at com.fasterxml.jackson.databind.ser.std.MapSerializer.serialize(MapSerializer.java:34)
	at com.fasterxml.jackson.databind.ser.std.MapSerializer.serializeFields(MapSerializer.java:807)
	at com.fasterxml.jackson.databind.ser.std.MapSerializer.serializeWithoutTypeInfo(MapSerializer.java:763)
	at com.fasterxml.jackson.databind.ser.std.MapSerializer.serialize(MapSerializer.java:719)
	at com.fasterxml.jackson.databind.ser.std.MapSerializer.serialize(MapSerializer.java:34)
	at com.fasterxml.jackson.databind.ser.std.MapSerializer.serializeFields(MapSerializer.java:807)
	at com.fasterxml.jackson.databind.ser.std.MapSerializer.serializeWithoutTypeInfo(MapSerializer.java:763)
	at com.fasterxml.jackson.databind.ser.std.MapSerializer.serialize(MapSerializer.java:719)
	at com.fasterxml.jackson.databind.ser.std.MapSerializer.serialize(MapSerializer.java:34)
	at com.fasterxml.jackson.databind.ser.std.MapSerializer.serializeFields(MapSerializer.java:807)
	at com.fasterxml.jackson.databind.ser.std.MapSerializer.serializeWithoutTypeInfo(MapSerializer.java:763)
	at com.fasterxml.jackson.databind.ser.std.MapSerializer.serialize(MapSerializer.java:719)
	at com.fasterxml.jackson.databind.ser.std.MapSerializer.serialize(MapSerializer.java:34)
	at com.fasterxml.jackson.databind.ser.std.MapSerializer.serializeFields(MapSerializer.java:807)
	at com.fasterxml.jackson.databind.ser.std.MapSerializer.serializeWithoutTypeInfo(MapSerializer.java:763)
	at com.fasterxml.jackson.databind.ser.std.MapSerializer.serialize(MapSerializer.java:719)
	at com.fasterxml.jackson.databind.ser.std.MapSerializer.serialize(MapSerializer.java:34)
	at com.fasterxml.jackson.databind.ser.std.MapSerializer.serializeFields(MapSerializer.java:807)
	at com.fasterxml.jackson.databind.ser.std.MapSerializer.serializeWithoutTypeInfo(MapSerializer.java:763)
	at com.fasterxml.jackson.databind.ser.std.MapSerializer.serialize(MapSerializer.java:719)
	at com.fasterxml.jackson.databind.ser.std.MapSerializer.serialize(MapSerializer.java:34)
	at com.fasterxml.jackson.databind.ser.std.MapSerializer.serializeFields(MapSerializer.java:807)
	at com.fasterxml.jackson.databind.ser.std.MapSerializer.serializeWithoutTypeInfo(MapSerializer.java:763)
	at com.fasterxml.jackson.databind.ser.std.MapSerializer.serialize(MapSerializer.java:719)
	at com.fasterxml.jackson.databind.ser.std.MapSerializer.serialize(MapSerializer.java:34)
	at com.fasterxml.jackson.databind.ser.std.MapSerializer.serializeFields(MapSerializer.java:807)
	at com.fasterxml.jackson.databind.ser.std.MapSerializer.serializeWithoutTypeInfo(MapSerializer.java:763)
	at com.fasterxml.jackson.databind.ser.std.MapSerializer.serialize(MapSerializer.java:719)
	at com.fasterxml.jackson.databind.ser.std.MapSerializer.serialize(MapSerializer.java:34)
	at com.fasterxml.jackson.databind.ser.std.MapSerializer.serializeFields(MapSerializer.java:807)
	at com.fasterxml.jackson.databind.ser.std.MapSerializer.serializeWithoutTypeInfo(MapSerializer.java:763)
	at com.fasterxml.jackson.databind.ser.std.MapSerializer.serialize(MapSerializer.java:719)
	at com.fasterxml.jackson.databind.ser.std.MapSerializer.serialize(MapSerializer.java:34)
	at com.fasterxml.jackson.databind.ser.std.MapSerializer.serializeFields(MapSerializer.java:807)
	at com.fasterxml.jackson.databind.ser.std.MapSerializer.serializeWithoutTypeInfo(MapSerializer.java:763)
	at com.fasterxml.jackson.databind.ser.std.MapSerializer.serialize(MapSerializer.java:719)
	at com.fasterxml.jackson.databind.ser.std.MapSerializer.serialize(MapSerializer.java:34)
	at com.fasterxml.jackson.databind.ser.std.MapSerializer.serializeFields(MapSerializer.java:807)
	at com.fasterxml.jackson.databind.ser.std.MapSerializer.serializeWithoutTypeInfo(MapSerializer.java:763)
	at com.fasterxml.jackson.databind.ser.std.MapSerializer.serialize(MapSerializer.java:719)
	at com.fasterxml.jackson.databind.ser.std.MapSerializer.serialize(MapSerializer.java:34)
	at com.fasterxml.jackson.databind.ser.std.MapSerializer.serializeFields(MapSerializer.java:807)
	at com.fasterxml.jackson.databind.ser.std.MapSerializer.serializeWithoutTypeInfo(MapSerializer.java:763)
	at com.fasterxml.jackson.databind.ser.std.MapSerializer.serialize(MapSerializer.java:719)
	at com.fasterxml.jackson.databind.ser.std.MapSerializer.serialize(MapSerializer.java:34)
	at com.fasterxml.jackson.databind.ser.std.MapSerializer.serializeFields(MapSerializer.java:807)
	at com.fasterxml.jackson.databind.ser.std.MapSerializer.serializeWithoutTypeInfo(MapSerializer.java:763)
	at com.fasterxml.jackson.databind.ser.std.MapSerializer.serialize(MapSerializer.java:719)
	at com.fasterxml.jackson.databind.ser.std.MapSerializer.serialize(MapSerializer.java:34)
	at com.fasterxml.jackson.databind.ser.std.MapSerializer.serializeFields(MapSerializer.java:807)
	at com.fasterxml.jackson.databind.ser.std.MapSerializer.serializeWithoutTypeInfo(MapSerializer.java:763)
	at com.fasterxml.jackson.databind.ser.std.MapSerializer.serialize(MapSerializer.java:719)
	at com.fasterxml.jackson.databind.ser.std.MapSerializer.serialize(MapSerializer.java:34)
	at com.fasterxml.jackson.databind.ser.std.MapSerializer.serializeFields(MapSerializer.java:807)
	at com.fasterxml.jackson.databind.ser.std.MapSerializer.serializeWithoutTypeInfo(MapSerializer.java:763)
	at com.fasterxml.jackson.databind.ser.std.MapSerializer.serialize(MapSerializer.java:719)
	at com.fasterxml.jackson.databind.ser.std.MapSerializer.serialize(MapSerializer.java:34)
	at com.fasterxml.jackson.databind.ser.std.MapSerializer.serializeFields(MapSerializer.java:807)
	at com.fasterxml.jackson.databind.ser.std.MapSerializer.serializeWithoutTypeInfo(MapSerializer.java:763)
	at com.fasterxml.jackson.databind.ser.std.MapSerializer.serialize(MapSerializer.java:719)
	at com.fasterxml.jackson.databind.ser.std.MapSerializer.serialize(MapSerializer.java:34)
	at com.fasterxml.jackson.databind.ser.std.MapSerializer.serializeFields(MapSerializer.java:807)
	at com.fasterxml.jackson.databind.ser.std.MapSerializer.serializeWithoutTypeInfo(MapSerializer.java:763)
	at com.fasterxml.jackson.databind.ser.std.MapSerializer.serialize(MapSerializer.java:719)
	at com.fasterxml.jackson.databind.ser.std.MapSerializer.serialize(MapSerializer.java:34)
	at com.fasterxml.jackson.databind.ser.std.MapSerializer.serializeFields(MapSerializer.java:807)
	at com.fasterxml.jackson.databind.ser.std.MapSerializer.serializeWithoutTypeInfo(MapSerializer.java:763)
	at com.fasterxml.jackson.databind.ser.std.MapSerializer.serialize(MapSerializer.java:719)
	at com.fasterxml.jackson.databind.ser.std.MapSerializer.serialize(MapSerializer.java:34)
	at com.fasterxml.jackson.databind.ser.std.MapSerializer.serializeFields(MapSerializer.java:807)
	at com.fasterxml.jackson.databind.ser.std.MapSerializer.serializeWithoutTypeInfo(MapSerializer.java:763)
	at com.fasterxml.jackson.databind.ser.std.MapSerializer.serialize(MapSerializer.java:719)
	at com.fasterxml.jackson.databind.ser.std.MapSerializer.serialize(MapSerializer.java:34)
	at com.fasterxml.jackson.databind.ser.std.MapSerializer.serializeFields(MapSerializer.java:807)
	at com.fasterxml.jackson.databind.ser.std.MapSerializer.serializeWithoutTypeInfo(MapSerializer.java:763)
	at com.fasterxml.jackson.databind.ser.std.MapSerializer.serialize(MapSerializer.java:719)
	at com.fasterxml.jackson.databind.ser.std.MapSerializer.serialize(MapSerializer.java:34)
	at com.fasterxml.jackson.databind.ser.std.MapSerializer.serializeFields(MapSerializer.java:807)
	at com.fasterxml.jackson.databind.ser.std.MapSerializer.serializeWithoutTypeInfo(MapSerializer.java:763)
	at com.fasterxml.jackson.databind.ser.std.MapSerializer.serialize(MapSerializer.java:719)
	at com.fasterxml.jackson.databind.ser.std.MapSerializer.serialize(MapSerializer.java:34)
	at com.fasterxml.jackson.databind.ser.std.MapSerializer.serializeFields(MapSerializer.java:807)
	at com.fasterxml.jackson.databind.ser.std.MapSerializer.serializeWithoutTypeInfo(MapSerializer.java:763)
	at com.fasterxml.jackson.databind.ser.std.MapSerializer.serialize(MapSerializer.java:719)
	at com.fasterxml.jackson.databind.ser.std.MapSerializer.serialize(MapSerializer.java:34)
	at com.fasterxml.jackson.databind.ser.std.MapSerializer.serializeFields(MapSerializer.java:807)
	at com.fasterxml.jackson.databind.ser.std.MapSerializer.serializeWithoutTypeInfo(MapSerializer.java:763)
	at com.fasterxml.jackson.databind.ser.std.MapSerializer.serialize(MapSerializer.java:719)
	at com.fasterxml.jackson.databind.ser.std.MapSerializer.serialize(MapSerializer.java:34)
	at com.fasterxml.jackson.databind.ser.std.MapSerializer.serializeFields(MapSerializer.java:807)
	at com.fasterxml.jackson.databind.ser.std.MapSerializer.serializeWithoutTypeInfo(MapSerializer.java:763)
	at com.fasterxml.jackson.databind.ser.std.MapSerializer.serialize(MapSerializer.java:719)
	at com.fasterxml.jackson.databind.ser.std.MapSerializer.serialize(MapSerializer.java:34)
	at com.fasterxml.jackson.databind.ser.std.MapSerializer.serializeFields(MapSerializer.java:807)
	at com.fasterxml.jackson.databind.ser.std.MapSerializer.serializeWithoutTypeInfo(MapSerializer.java:763)
	at com.fasterxml.jackson.databind.ser.std.MapSerializer.serialize(MapSerializer.java:719)
	at com.fasterxml.jackson.databind.ser.std.MapSerializer.serialize(MapSerializer.java:34)
	at com.fasterxml.jackson.databind.ser.std.MapSerializer.serializeFields(MapSerializer.java:807)
	at com.fasterxml.jackson.databind.ser.std.MapSerializer.serializeWithoutTypeInfo(MapSerializer.java:763)
	at com.fasterxml.jackson.databind.ser.std.MapSerializer.serialize(MapSerializer.java:719)
	at com.fasterxml.jackson.databind.ser.std.MapSerializer.serialize(MapSerializer.java:34)
	at com.fasterxml.jackson.databind.ser.std.MapSerializer.serializeFields(MapSerializer.java:807)
	at com.fasterxml.jackson.databind.ser.std.MapSerializer.serializeWithoutTypeInfo(MapSerializer.java:763)
	at com.fasterxml.jackson.databind.ser.std.MapSerializer.serialize(MapSerializer.java:719)
	at com.fasterxml.jackson.databind.ser.std.MapSerializer.serialize(MapSerializer.java:34)
	at com.fasterxml.jackson.databind.ser.std.MapSerializer.serializeFields(MapSerializer.java:807)
	at com.fasterxml.jackson.databind.ser.std.MapSerializer.serializeWithoutTypeInfo(MapSerializer.java:763)
	at com.fasterxml.jackson.databind.ser.std.MapSerializer.serialize(MapSerializer.java:719)
	at com.fasterxml.jackson.databind.ser.std.MapSerializer.serialize(MapSerializer.java:34)
	at com.fasterxml.jackson.databind.ser.std.MapSerializer.serializeFields(MapSerializer.java:807)
	at com.fasterxml.jackson.databind.ser.std.MapSerializer.serializeWithoutTypeInfo(MapSerializer.java:763)
	at com.fasterxml.jackson.databind.ser.std.MapSerializer.serialize(MapSerializer.java:719)
	at com.fasterxml.jackson.databind.ser.std.MapSerializer.serialize(MapSerializer.java:34)
	at com.fasterxml.jackson.databind.ser.std.MapSerializer.serializeFields(MapSerializer.java:807)
	at com.fasterxml.jackson.databind.ser.std.MapSerializer.serializeWithoutTypeInfo(MapSerializer.java:763)
	at com.fasterxml.jackson.databind.ser.std.MapSerializer.serialize(MapSerializer.java:719)
	at com.fasterxml.jackson.databind.ser.std.MapSerializer.serialize(MapSerializer.java:34)
	at com.fasterxml.jackson.databind.ser.std.MapSerializer.serializeFields(MapSerializer.java:807)
	at com.fasterxml.jackson.databind.ser.std.MapSerializer.serializeWithoutTypeInfo(MapSerializer.java:763)
	at com.fasterxml.jackson.databind.ser.std.MapSerializer.serialize(MapSerializer.java:719)
	at com.fasterxml.jackson.databind.ser.std.MapSerializer.serialize(MapSerializer.java:34)
	at com.fasterxml.jackson.databind.ser.std.MapSerializer.serializeFields(MapSerializer.java:807)
	at com.fasterxml.jackson.databind.ser.std.MapSerializer.serializeWithoutTypeInfo(MapSerializer.java:763)
	at com.fasterxml.jackson.databind.ser.std.MapSerializer.serialize(MapSerializer.java:719)
	at com.fasterxml.jackson.databind.ser.std.MapSerializer.serialize(MapSerializer.java:34)
	at com.fasterxml.jackson.databind.ser.std.MapSerializer.serializeFields(MapSerializer.java:807)
	at com.fasterxml.jackson.databind.ser.std.MapSerializer.serializeWithoutTypeInfo(MapSerializer.java:763)
	at com.fasterxml.jackson.databind.ser.std.MapSerializer.serialize(MapSerializer.java:719)
	at com.fasterxml.jackson.databind.ser.std.MapSerializer.serialize(MapSerializer.java:34)
	at com.fasterxml.jackson.databind.ser.std.MapSerializer.serializeFields(MapSerializer.java:807)
	at com.fasterxml.jackson.databind.ser.std.MapSerializer.serializeWithoutTypeInfo(MapSerializer.java:763)
	at com.fasterxml.jackson.databind.ser.std.MapSerializer.serialize(MapSerializer.java:719)
	at com.fasterxml.jackson.databind.ser.std.MapSerializer.serialize(MapSerializer.java:34)
	at com.fasterxml.jackson.databind.ser.std.MapSerializer.serializeFields(MapSerializer.java:807)
	at com.fasterxml.jackson.databind.ser.std.MapSerializer.serializeWithoutTypeInfo(MapSerializer.java:763)
	at com.fasterxml.jackson.databind.ser.std.MapSerializer.serialize(MapSerializer.java:719)
	at com.fasterxml.jackson.databind.ser.std.MapSerializer.serialize(MapSerializer.java:34)
	at com.fasterxml.jackson.databind.ser.std.MapSerializer.serializeFields(MapSerializer.java:807)
	at com.fasterxml.jackson.databind.ser.std.MapSerializer.serializeWithoutTypeInfo(MapSerializer.java:763)
	at com.fasterxml.jackson.databind.ser.std.MapSerializer.serialize(MapSerializer.java:719)
	at com.fasterxml.jackson.databind.ser.std.MapSerializer.serialize(MapSerializer.java:34)
	at com.fasterxml.jackson.databind.ser.std.MapSerializer.serializeFields(MapSerializer.java:807)
	at com.fasterxml.jackson.databind.ser.std.MapSerializer.serializeWithoutTypeInfo(MapSerializer.java:763)
	at com.fasterxml.jackson.databind.ser.std.MapSerializer.serialize(MapSerializer.java:719)
	at com.fasterxml.jackson.databind.ser.std.MapSerializer.serialize(MapSerializer.java:34)
	at com.fasterxml.jackson.databind.ser.std.MapSerializer.serializeFields(MapSerializer.java:807)
	at com.fasterxml.jackson.databind.ser.std.MapSerializer.serializeWithoutTypeInfo(MapSerializer.java:763)
	at com.fasterxml.jackson.databind.ser.std.MapSerializer.serialize(MapSerializer.java:719)
	at com.fasterxml.jackson.databind.ser.std.MapSerializer.serialize(MapSerializer.java:34)
	at com.fasterxml.jackson.databind.ser.std.MapSerializer.serializeFields(MapSerializer.java:807)
	at com.fasterxml.jackson.databind.ser.std.MapSerializer.serializeWithoutTypeInfo(MapSerializer.java:763)
	at com.fasterxml.jackson.databind.ser.std.MapSerializer.serialize(MapSerializer.java:719)
	at com.fasterxml.jackson.databind.ser.std.MapSerializer.serialize(MapSerializer.java:34)
	at com.fasterxml.jackson.databind.ser.std.MapSerializer.serializeFields(MapSerializer.java:807)
	at com.fasterxml.jackson.databind.ser.std.MapSerializer.serializeWithoutTypeInfo(MapSerializer.java:763)
	at com.fasterxml.jackson.databind.ser.std.MapSerializer.serialize(MapSerializer.java:719)
	at com.fasterxml.jackson.databind.ser.std.MapSerializer.serialize(MapSerializer.java:34)
	at com.fasterxml.jackson.databind.ser.std.MapSerializer.serializeFields(MapSerializer.java:807)
	at com.fasterxml.jackson.databind.ser.std.MapSerializer.serializeWithoutTypeInfo(MapSerializer.java:763)
	at com.fasterxml.jackson.databind.ser.std.MapSerializer.serialize(MapSerializer.java:719)
	at com.fasterxml.jackson.databind.ser.std.MapSerializer.serialize(MapSerializer.java:34)
	at com.fasterxml.jackson.databind.ser.std.MapSerializer.serializeFields(MapSerializer.java:807)
	at com.fasterxml.jackson.databind.ser.std.MapSerializer.serializeWithoutTypeInfo(MapSerializer.java:763)
	at com.fasterxml.jackson.databind.ser.std.MapSerializer.serialize(MapSerializer.java:719)
	at com.fasterxml.jackson.databind.ser.std.MapSerializer.serialize(MapSerializer.java:34)
	at com.fasterxml.jackson.databind.ser.std.MapSerializer.serializeFields(MapSerializer.java:807)
	at com.fasterxml.jackson.databind.ser.std.MapSerializer.serializeWithoutTypeInfo(MapSerializer.java:763)
	at com.fasterxml.jackson.databind.ser.std.MapSerializer.serialize(MapSerializer.java:719)
	at com.fasterxml.jackson.databind.ser.std.MapSerializer.serialize(MapSerializer.java:34)
	at com.fasterxml.jackson.databind.ser.std.MapSerializer.serializeFields(MapSerializer.java:807)
	at com.fasterxml.jackson.databind.ser.std.MapSerializer.serializeWithoutTypeInfo(MapSerializer.java:763)
	at com.fasterxml.jackson.databind.ser.std.MapSerializer.serialize(MapSerializer.java:719)
	at com.fasterxml.jackson.databind.ser.std.MapSerializer.serialize(MapSerializer.java:34)
	at com.fasterxml.jackson.databind.ser.std.MapSerializer.serializeFields(MapSerializer.java:807)
	at com.fasterxml.jackson.databind.ser.std.MapSerializer.serializeWithoutTypeInfo(MapSerializer.java:763)
	at com.fasterxml.jackson.databind.ser.std.MapSerializer.serialize(MapSerializer.java:719)
	at com.fasterxml.jackson.databind.ser.std.MapSerializer.serialize(MapSerializer.java:34)
	at com.fasterxml.jackson.databind.ser.std.MapSerializer.serializeFields(MapSerializer.java:807)
	at com.fasterxml.jackson.databind.ser.std.MapSerializer.serializeWithoutTypeInfo(MapSerializer.java:763)
	at com.fasterxml.jackson.databind.ser.std.MapSerializer.serialize(MapSerializer.java:719)
	at com.fasterxml.jackson.databind.ser.std.MapSerializer.serialize(MapSerializer.java:34)
	at com.fasterxml.jackson.databind.ser.std.MapSerializer.serializeFields(MapSerializer.java:807)
	at com.fasterxml.jackson.databind.ser.std.MapSerializer.serializeWithoutTypeInfo(MapSerializer.java:763)
	at com.fasterxml.jackson.databind.ser.std.MapSerializer.serialize(MapSerializer.java:719)
	at com.fasterxml.jackson.databind.ser.std.MapSerializer.serialize(MapSerializer.java:34)
	at com.fasterxml.jackson.databind.ser.std.MapSerializer.serializeFields(MapSerializer.java:807)
	at com.fasterxml.jackson.databind.ser.std.MapSerializer.serializeWithoutTypeInfo(MapSerializer.java:763)
	at com.fasterxml.jackson.databind.ser.std.MapSerializer.serialize(MapSerializer.java:719)
	at com.fasterxml.jackson.databind.ser.std.MapSerializer.serialize(MapSerializer.java:34)
	at com.fasterxml.jackson.databind.ser.std.MapSerializer.serializeFields(MapSerializer.java:807)
	at com.fasterxml.jackson.databind.ser.std.MapSerializer.serializeWithoutTypeInfo(MapSerializer.java:763)
	at com.fasterxml.jackson.databind.ser.std.MapSerializer.serialize(MapSerializer.java:719)
	at com.fasterxml.jackson.databind.ser.std.MapSerializer.serialize(MapSerializer.java:34)
	at com.fasterxml.jackson.databind.ser.std.MapSerializer.serializeFields(MapSerializer.java:807)
	at com.fasterxml.jackson.databind.ser.std.MapSerializer.serializeWithoutTypeInfo(MapSerializer.java:763)
	at com.fasterxml.jackson.databind.ser.std.MapSerializer.serialize(MapSerializer.java:719)
	at com.fasterxml.jackson.databind.ser.std.MapSerializer.serialize(MapSerializer.java:34)
	at com.fasterxml.jackson.databind.ser.std.MapSerializer.serializeFields(MapSerializer.java:807)
	at com.fasterxml.jackson.databind.ser.std.MapSerializer.serializeWithoutTypeInfo(MapSerializer.java:763)
	at com.fasterxml.jackson.databind.ser.std.MapSerializer.serialize(MapSerializer.java:719)
	at com.fasterxml.jackson.databind.ser.std.MapSerializer.serialize(MapSerializer.java:34)
	at com.fasterxml.jackson.databind.ser.std.MapSerializer.serializeFields(MapSerializer.java:807)
	at com.fasterxml.jackson.databind.ser.std.MapSerializer.serializeWithoutTypeInfo(MapSerializer.java:763)
	at com.fasterxml.jackson.databind.ser.std.MapSerializer.serialize(MapSerializer.java:719)
	at com.fasterxml.jackson.databind.ser.std.MapSerializer.serialize(MapSerializer.java:34)
	at com.fasterxml.jackson.databind.ser.std.MapSerializer.serializeFields(MapSerializer.java:807)
	at com.fasterxml.jackson.databind.ser.std.MapSerializer.serializeWithoutTypeInfo(MapSerializer.java:763)
	at com.fasterxml.jackson.databind.ser.std.MapSerializer.serialize(MapSerializer.java:719)
	at com.fasterxml.jackson.databind.ser.std.MapSerializer.serialize(MapSerializer.java:34)
	at com.fasterxml.jackson.databind.ser.std.MapSerializer.serializeFields(MapSerializer.java:807)
	at com.fasterxml.jackson.databind.ser.std.MapSerializer.serializeWithoutTypeInfo(MapSerializer.java:763)
	at com.fasterxml.jackson.databind.ser.std.MapSerializer.serialize(MapSerializer.java:719)
	at com.fasterxml.jackson.databind.ser.std.MapSerializer.serialize(MapSerializer.java:34)
	at com.fasterxml.jackson.databind.ser.std.MapSerializer.serializeFields(MapSerializer.java:807)
	at com.fasterxml.jackson.databind.ser.std.MapSerializer.serializeWithoutTypeInfo(MapSerializer.java:763)
	at com.fasterxml.jackson.databind.ser.std.MapSerializer.serialize(MapSerializer.java:719)
	at com.fasterxml.jackson.databind.ser.std.MapSerializer.serialize(MapSerializer.java:34)
	at com.fasterxml.jackson.databind.ser.std.MapSerializer.serializeFields(MapSerializer.java:807)
	at com.fasterxml.jackson.databind.ser.std.MapSerializer.serializeWithoutTypeInfo(MapSerializer.java:763)
	at com.fasterxml.jackson.databind.ser.std.MapSerializer.serialize(MapSerializer.java:719)
	at com.fasterxml.jackson.databind.ser.std.MapSerializer.serialize(MapSerializer.java:34)
	at com.fasterxml.jackson.databind.ser.std.MapSerializer.serializeFields(MapSerializer.java:807)
	at com.fasterxml.jackson.databind.ser.std.MapSerializer.serializeWithoutTypeInfo(MapSerializer.java:763)
	at com.fasterxml.jackson.databind.ser.std.MapSerializer.serialize(MapSerializer.java:719)
	at com.fasterxml.jackson.databind.ser.std.MapSerializer.serialize(MapSerializer.java:34)
	at com.fasterxml.jackson.databind.ser.std.MapSerializer.serializeFields(MapSerializer.java:807)
	at com.fasterxml.jackson.databind.ser.std.MapSerializer.serializeWithoutTypeInfo(MapSerializer.java:763)
	at com.fasterxml.jackson.databind.ser.std.MapSerializer.serialize(MapSerializer.java:719)
	at com.fasterxml.jackson.databind.ser.std.MapSerializer.serialize(MapSerializer.java:34)
	at com.fasterxml.jackson.databind.ser.std.MapSerializer.serializeFields(MapSerializer.java:807)
	at com.fasterxml.jackson.databind.ser.std.MapSerializer.serializeWithoutTypeInfo(MapSerializer.java:763)
	at com.fasterxml.jackson.databind.ser.std.MapSerializer.serialize(MapSerializer.java:719)
	at com.fasterxml.jackson.databind.ser.std.MapSerializer.serialize(MapSerializer.java:34)
	at com.fasterxml.jackson.databind.ser.std.MapSerializer.serializeFields(MapSerializer.java:807)
	at com.fasterxml.jackson.databind.ser.std.MapSerializer.serializeWithoutTypeInfo(MapSerializer.java:763)
	at com.fasterxml.jackson.databind.ser.std.MapSerializer.serialize(MapSerializer.java:719)
	at com.fasterxml.jackson.databind.ser.std.MapSerializer.serialize(MapSerializer.java:34)
	at com.fasterxml.jackson.databind.ser.std.MapSerializer.serializeFields(MapSerializer.java:807)
	at com.fasterxml.jackson.databind.ser.std.MapSerializer.serializeWithoutTypeInfo(MapSerializer.java:763)
	at com.fasterxml.jackson.databind.ser.std.MapSerializer.serialize(MapSerializer.java:719)
	at com.fasterxml.jackson.databind.ser.std.MapSerializer.serialize(MapSerializer.java:34)
	at com.fasterxml.jackson.databind.ser.std.MapSerializer.serializeFields(MapSerializer.java:807)
	at com.fasterxml.jackson.databind.ser.std.MapSerializer.serializeWithoutTypeInfo(MapSerializer.java:763)
	at com.fasterxml.jackson.databind.ser.std.MapSerializer.serialize(MapSerializer.java:719)
	at com.fasterxml.jackson.databind.ser.std.MapSerializer.serialize(MapSerializer.java:34)
	at com.fasterxml.jackson.databind.ser.std.MapSerializer.serializeFields(MapSerializer.java:807)
	at com.fasterxml.jackson.databind.ser.std.MapSerializer.serializeWithoutTypeInfo(MapSerializer.java:763)
	at com.fasterxml.jackson.databind.ser.std.MapSerializer.serialize(MapSerializer.java:719)
	at com.fasterxml.jackson.databind.ser.std.MapSerializer.serialize(MapSerializer.java:34)
	at com.fasterxml.jackson.databind.ser.std.MapSerializer.serializeFields(MapSerializer.java:807)
	at com.fasterxml.jackson.databind.ser.std.MapSerializer.serializeWithoutTypeInfo(MapSerializer.java:763)
	at com.fasterxml.jackson.databind.ser.std.MapSerializer.serialize(MapSerializer.java:719)
	at com.fasterxml.jackson.databind.ser.std.MapSerializer.serialize(MapSerializer.java:34)
	at com.fasterxml.jackson.databind.ser.std.MapSerializer.serializeFields(MapSerializer.java:807)
	at com.fasterxml.jackson.databind.ser.std.MapSerializer.serializeWithoutTypeInfo(MapSerializer.java:763)
	at com.fasterxml.jackson.databind.ser.std.MapSerializer.serialize(MapSerializer.java:719)
	at com.fasterxml.jackson.databind.ser.std.MapSerializer.serialize(MapSerializer.java:34)
	at com.fasterxml.jackson.databind.ser.std.MapSerializer.serializeFields(MapSerializer.java:807)
	at com.fasterxml.jackson.databind.ser.std.MapSerializer.serializeWithoutTypeInfo(MapSerializer.java:763)
	at com.fasterxml.jackson.databind.ser.std.MapSerializer.serialize(MapSerializer.java:719)
	at com.fasterxml.jackson.databind.ser.std.MapSerializer.serialize(MapSerializer.java:34)
	at com.fasterxml.jackson.databind.ser.std.MapSerializer.serializeFields(MapSerializer.java:807)
	at com.fasterxml.jackson.databind.ser.std.MapSerializer.serializeWithoutTypeInfo(MapSerializer.java:763)
	at com.fasterxml.jackson.databind.ser.std.MapSerializer.serialize(MapSerializer.java:719)
	at com.fasterxml.jackson.databind.ser.std.MapSerializer.serialize(MapSerializer.java:34)
	at com.fasterxml.jackson.databind.ser.std.MapSerializer.serializeFields(MapSerializer.java:807)
	at com.fasterxml.jackson.databind.ser.std.MapSerializer.serializeWithoutTypeInfo(MapSerializer.java:763)
	at com.fasterxml.jackson.databind.ser.std.MapSerializer.serialize(MapSerializer.java:719)
	at com.fasterxml.jackson.databind.ser.std.MapSerializer.serialize(MapSerializer.java:34)
	at com.fasterxml.jackson.databind.ser.std.MapSerializer.serializeFields(MapSerializer.java:807)
	at com.fasterxml.jackson.databind.ser.std.MapSerializer.serializeWithoutTypeInfo(MapSerializer.java:763)
	at com.fasterxml.jackson.databind.ser.std.MapSerializer.serialize(MapSerializer.java:719)
	at com.fasterxml.jackson.databind.ser.std.MapSerializer.serialize(MapSerializer.java:34)
	at com.fasterxml.jackson.databind.ser.std.MapSerializer.serializeFields(MapSerializer.java:807)
	at com.fasterxml.jackson.databind.ser.std.MapSerializer.serializeWithoutTypeInfo(MapSerializer.java:763)
	at com.fasterxml.jackson.databind.ser.std.MapSerializer.serialize(MapSerializer.java:719)
	at com.fasterxml.jackson.databind.ser.std.MapSerializer.serialize(MapSerializer.java:34)
	at com.fasterxml.jackson.databind.ser.std.MapSerializer.serializeFields(MapSerializer.java:807)
	at com.fasterxml.jackson.databind.ser.std.MapSerializer.serializeWithoutTypeInfo(MapSerializer.java:763)
	at com.fasterxml.jackson.databind.ser.std.MapSerializer.serialize(MapSerializer.java:719)
	at com.fasterxml.jackson.databind.ser.std.MapSerializer.serialize(MapSerializer.java:34)
	at com.fasterxml.jackson.databind.ser.std.MapSerializer.serializeFields(MapSerializer.java:807)
	at com.fasterxml.jackson.databind.ser.std.MapSerializer.serializeWithoutTypeInfo(MapSerializer.java:763)
	at com.fasterxml.jackson.databind.ser.std.MapSerializer.serialize(MapSerializer.java:719)
	at com.fasterxml.jackson.databind.ser.std.MapSerializer.serialize(MapSerializer.java:34)
	at com.fasterxml.jackson.databind.ser.std.MapSerializer.serializeFields(MapSerializer.java:807)
	at com.fasterxml.jackson.databind.ser.std.MapSerializer.serializeWithoutTypeInfo(MapSerializer.java:763)
	at com.fasterxml.jackson.databind.ser.std.MapSerializer.serialize(MapSerializer.java:719)
	at com.fasterxml.jackson.databind.ser.std.MapSerializer.serialize(MapSerializer.java:34)
	at com.fasterxml.jackson.databind.ser.std.MapSerializer.serializeFields(MapSerializer.java:807)
	at com.fasterxml.jackson.databind.ser.std.MapSerializer.serializeWithoutTypeInfo(MapSerializer.java:763)
	at com.fasterxml.jackson.databind.ser.std.MapSerializer.serialize(MapSerializer.java:719)
	at com.fasterxml.jackson.databind.ser.std.MapSerializer.serialize(MapSerializer.java:34)
	at com.fasterxml.jackson.databind.ser.std.MapSerializer.serializeFields(MapSerializer.java:807)
	at com.fasterxml.jackson.databind.ser.std.MapSerializer.serializeWithoutTypeInfo(MapSerializer.java:763)
	at com.fasterxml.jackson.databind.ser.std.MapSerializer.serialize(MapSerializer.java:719)
	at com.fasterxml.jackson.databind.ser.std.MapSerializer.serialize(MapSerializer.java:34)
	at com.fasterxml.jackson.databind.ser.std.MapSerializer.serializeFields(MapSerializer.java:807)
	at com.fasterxml.jackson.databind.ser.std.MapSerializer.serializeWithoutTypeInfo(MapSerializer.java:763)
	at com.fasterxml.jackson.databind.ser.std.MapSerializer.serialize(MapSerializer.java:719)
	at com.fasterxml.jackson.databind.ser.std.MapSerializer.serialize(MapSerializer.java:34)
	at com.fasterxml.jackson.databind.ser.std.MapSerializer.serializeFields(MapSerializer.java:807)
	at com.fasterxml.jackson.databind.ser.std.MapSerializer.serializeWithoutTypeInfo(MapSerializer.java:763)
	at com.fasterxml.jackson.databind.ser.std.MapSerializer.serialize(MapSerializer.java:719)
	at com.fasterxml.jackson.databind.ser.std.MapSerializer.serialize(MapSerializer.java:34)
	at com.fasterxml.jackson.databind.ser.std.MapSerializer.serializeFields(MapSerializer.java:807)
	at com.fasterxml.jackson.databind.ser.std.MapSerializer.serializeWithoutTypeInfo(MapSerializer.java:763)
	at com.fasterxml.jackson.databind.ser.std.MapSerializer.serialize(MapSerializer.java:719)
	at com.fasterxml.jackson.databind.ser.std.MapSerializer.serialize(MapSerializer.java:34)
	at com.fasterxml.jackson.databind.ser.std.MapSerializer.serializeFields(MapSerializer.java:807)
	at com.fasterxml.jackson.databind.ser.std.MapSerializer.serializeWithoutTypeInfo(MapSerializer.java:763)
	at com.fasterxml.jackson.databind.ser.std.MapSerializer.serialize(MapSerializer.java:719)
	at com.fasterxml.jackson.databind.ser.std.MapSerializer.serialize(MapSerializer.java:34)
	at com.fasterxml.jackson.databind.ser.std.MapSerializer.serializeFields(MapSerializer.java:807)
	at com.fasterxml.jackson.databind.ser.std.MapSerializer.serializeWithoutTypeInfo(MapSerializer.java:763)
	at com.fasterxml.jackson.databind.ser.std.MapSerializer.serialize(MapSerializer.java:719)
	at com.fasterxml.jackson.databind.ser.std.MapSerializer.serialize(MapSerializer.java:34)
	at com.fasterxml.jackson.databind.ser.std.MapSerializer.serializeFields(MapSerializer.java:807)
	at com.fasterxml.jackson.databind.ser.std.MapSerializer.serializeWithoutTypeInfo(MapSerializer.java:763)
	at com.fasterxml.jackson.databind.ser.std.MapSerializer.serialize(MapSerializer.java:719)
	at com.fasterxml.jackson.databind.ser.std.MapSerializer.serialize(MapSerializer.java:34)
	at com.fasterxml.jackson.databind.ser.std.MapSerializer.serializeFields(MapSerializer.java:807)
	at com.fasterxml.jackson.databind.ser.std.MapSerializer.serializeWithoutTypeInfo(MapSerializer.java:763)
	at com.fasterxml.jackson.databind.ser.std.MapSerializer.serialize(MapSerializer.java:719)
	at com.fasterxml.jackson.databind.ser.std.MapSerializer.serialize(MapSerializer.java:34)
	at com.fasterxml.jackson.databind.ser.std.MapSerializer.serializeFields(MapSerializer.java:807)
	at com.fasterxml.jackson.databind.ser.std.MapSerializer.serializeWithoutTypeInfo(MapSerializer.java:763)
	at com.fasterxml.jackson.databind.ser.std.MapSerializer.serialize(MapSerializer.java:719)
	at com.fasterxml.jackson.databind.ser.std.MapSerializer.serialize(MapSerializer.java:34)
	at com.fasterxml.jackson.databind.ser.std.MapSerializer.serializeFields(MapSerializer.java:807)
	at com.fasterxml.jackson.databind.ser.std.MapSerializer.serializeWithoutTypeInfo(MapSerializer.java:763)
	at com.fasterxml.jackson.databind.ser.std.MapSerializer.serialize(MapSerializer.java:719)
	at com.fasterxml.jackson.databind.ser.std.MapSerializer.serialize(MapSerializer.java:34)
	at com.fasterxml.jackson.databind.ser.std.MapSerializer.serializeFields(MapSerializer.java:807)
	at com.fasterxml.jackson.databind.ser.std.MapSerializer.serializeWithoutTypeInfo(MapSerializer.java:763)
	at com.fasterxml.jackson.databind.ser.std.MapSerializer.serialize(MapSerializer.java:719)
	at com.fasterxml.jackson.databind.ser.std.MapSerializer.serialize(MapSerializer.java:34)
	at com.fasterxml.jackson.databind.ser.std.MapSerializer.serializeFields(MapSerializer.java:807)
	at com.fasterxml.jackson.databind.ser.std.MapSerializer.serializeWithoutTypeInfo(MapSerializer.java:763)
	at com.fasterxml.jackson.databind.ser.std.MapSerializer.serialize(MapSerializer.java:719)
	at com.fasterxml.jackson.databind.ser.std.MapSerializer.serialize(MapSerializer.java:34)
	at com.fasterxml.jackson.databind.ser.std.MapSerializer.serializeFields(MapSerializer.java:807)
	at com.fasterxml.jackson.databind.ser.std.MapSerializer.serializeWithoutTypeInfo(MapSerializer.java:763)
	at com.fasterxml.jackson.databind.ser.std.MapSerializer.serialize(MapSerializer.java:719)
	at com.fasterxml.jackson.databind.ser.std.MapSerializer.serialize(MapSerializer.java:34)
	at com.fasterxml.jackson.databind.ser.std.MapSerializer.serializeFields(MapSerializer.java:807)
	at com.fasterxml.jackson.databind.ser.std.MapSerializer.serializeWithoutTypeInfo(MapSerializer.java:763)
	at com.fasterxml.jackson.databind.ser.std.MapSerializer.serialize(MapSerializer.java:719)
	at com.fasterxml.jackson.databind.ser.std.MapSerializer.serialize(MapSerializer.java:34)
	at com.fasterxml.jackson.databind.ser.std.MapSerializer.serializeFields(MapSerializer.java:807)
	at com.fasterxml.jackson.databind.ser.std.MapSerializer.serializeWithoutTypeInfo(MapSerializer.java:763)
	at com.fasterxml.jackson.databind.ser.std.MapSerializer.serialize(MapSerializer.java:719)
	at com.fasterxml.jackson.databind.ser.std.MapSerializer.serialize(MapSerializer.java:34)
	at com.fasterxml.jackson.databind.ser.std.MapSerializer.serializeFields(MapSerializer.java:807)
	at com.fasterxml.jackson.databind.ser.std.MapSerializer.serializeWithoutTypeInfo(MapSerializer.java:763)
	at com.fasterxml.jackson.databind.ser.std.MapSerializer.serialize(MapSerializer.java:719)
	at com.fasterxml.jackson.databind.ser.std.MapSerializer.serialize(MapSerializer.java:34)
	at com.fasterxml.jackson.databind.ser.std.MapSerializer.serializeFields(MapSerializer.java:807)
	at com.fasterxml.jackson.databind.ser.std.MapSerializer.serializeWithoutTypeInfo(MapSerializer.java:763)
	at com.fasterxml.jackson.databind.ser.std.MapSerializer.serialize(MapSerializer.java:719)
	at com.fasterxml.jackson.databind.ser.std.MapSerializer.serialize(MapSerializer.java:34)
	at com.fasterxml.jackson.databind.ser.std.MapSerializer.serializeFields(MapSerializer.java:807)
	at com.fasterxml.jackson.databind.ser.std.MapSerializer.serializeWithoutTypeInfo(MapSerializer.java:763)
	at com.fasterxml.jackson.databind.ser.std.MapSerializer.serialize(MapSerializer.java:719)
	at com.fasterxml.jackson.databind.ser.std.MapSerializer.serialize(MapSerializer.java:34)
	at com.fasterxml.jackson.databind.ser.std.MapSerializer.serializeFields(MapSerializer.java:807)
	at com.fasterxml.jackson.databind.ser.std.MapSerializer.serializeWithoutTypeInfo(MapSerializer.java:763)
	at com.fasterxml.jackson.databind.ser.std.MapSerializer.serialize(MapSerializer.java:719)
	at com.fasterxml.jackson.databind.ser.std.MapSerializer.serialize(MapSerializer.java:34)
	at com.fasterxml.jackson.databind.ser.std.MapSerializer.serializeFields(MapSerializer.java:807)
	at com.fasterxml.jackson.databind.ser.std.MapSerializer.serializeWithoutTypeInfo(MapSerializer.java:763)
	at com.fasterxml.jackson.databind.ser.std.MapSerializer.serialize(MapSerializer.java:719)
	at com.fasterxml.jackson.databind.ser.std.MapSerializer.serialize(MapSerializer.java:34)
	at com.fasterxml.jackson.databind.ser.std.MapSerializer.serializeFields(MapSerializer.java:807)
	at com.fasterxml.jackson.databind.ser.std.MapSerializer.serializeWithoutTypeInfo(MapSerializer.java:763)
	at com.fasterxml.jackson.databind.ser.std.MapSerializer.serialize(MapSerializer.java:719)
	at com.fasterxml.jackson.databind.ser.std.MapSerializer.serialize(MapSerializer.java:34)
	at com.fasterxml.jackson.databind.ser.std.MapSerializer.serializeFields(MapSerializer.java:807)
	at com.fasterxml.jackson.databind.ser.std.MapSerializer.serializeWithoutTypeInfo(MapSerializer.java:763)
	at com.fasterxml.jackson.databind.ser.std.MapSerializer.serialize(MapSerializer.java:719)
	at com.fasterxml.jackson.databind.ser.std.MapSerializer.serialize(MapSerializer.java:34)
	at com.fasterxml.jackson.databind.ser.std.MapSerializer.serializeFields(MapSerializer.java:807)
	at com.fasterxml.jackson.databind.ser.std.MapSerializer.serializeWithoutTypeInfo(MapSerializer.java:763)
	at com.fasterxml.jackson.databind.ser.std.MapSerializer.serialize(MapSerializer.java:719)
	at com.fasterxml.jackson.databind.ser.std.MapSerializer.serialize(MapSerializer.java:34)
	at com.fasterxml.jackson.databind.ser.std.MapSerializer.serializeFields(MapSerializer.java:807)
	at com.fasterxml.jackson.databind.ser.std.MapSerializer.serializeWithoutTypeInfo(MapSerializer.java:763)
	at com.fasterxml.jackson.databind.ser.std.MapSerializer.serialize(MapSerializer.java:719)
	at com.fasterxml.jackson.databind.ser.std.MapSerializer.serialize(MapSerializer.java:34)
	at com.fasterxml.jackson.databind.ser.std.MapSerializer.serializeFields(MapSerializer.java:807)
	at com.fasterxml.jackson.databind.ser.std.MapSerializer.serializeWithoutTypeInfo(MapSerializer.java:763)
	at com.fasterxml.jackson.databind.ser.std.MapSerializer.serialize(MapSerializer.java:719)
	at com.fasterxml.jackson.databind.ser.std.MapSerializer.serialize(MapSerializer.java:34)
	at com.fasterxml.jackson.databind.ser.std.MapSerializer.serializeFields(MapSerializer.java:807)
	at com.fasterxml.jackson.databind.ser.std.MapSerializer.serializeWithoutTypeInfo(MapSerializer.java:763)
	at com.fasterxml.jackson.databind.ser.std.MapSerializer.serialize(MapSerializer.java:719)
	at com.fasterxml.jackson.databind.ser.std.MapSerializer.serialize(MapSerializer.java:34)
	at com.fasterxml.jackson.databind.ser.std.MapSerializer.serializeFields(MapSerializer.java:807)
	at com.fasterxml.jackson.databind.ser.std.MapSerializer.serializeWithoutTypeInfo(MapSerializer.java:763)
	at com.fasterxml.jackson.databind.ser.std.MapSerializer.serialize(MapSerializer.java:719)
	at com.fasterxml.jackson.databind.ser.std.MapSerializer.serialize(MapSerializer.java:34)
	at com.fasterxml.jackson.databind.ser.std.MapSerializer.serializeFields(MapSerializer.java:807)
	at com.fasterxml.jackson.databind.ser.std.MapSerializer.serializeWithoutTypeInfo(MapSerializer.java:763)
	at com.fasterxml.jackson.databind.ser.std.MapSerializer.serialize(MapSerializer.java:719)
	at com.fasterxml.jackson.databind.ser.std.MapSerializer.serialize(MapSerializer.java:34)
	at com.fasterxml.jackson.databind.ser.std.MapSerializer.serializeFields(MapSerializer.java:807)
	at com.fasterxml.jackson.databind.ser.std.MapSerializer.serializeWithoutTypeInfo(MapSerializer.java:763)
	at com.fasterxml.jackson.databind.ser.std.MapSerializer.serialize(MapSerializer.java:719)
	at com.fasterxml.jackson.databind.ser.std.MapSerializer.serialize(MapSerializer.java:34)
	at com.fasterxml.jackson.databind.ser.std.MapSerializer.serializeFields(MapSerializer.java:807)
	at com.fasterxml.jackson.databind.ser.std.MapSerializer.serializeWithoutTypeInfo(MapSerializer.java:763)
	at com.fasterxml.jackson.databind.ser.std.MapSerializer.serialize(MapSerializer.java:719)
	at com.fasterxml.jackson.databind.ser.std.MapSerializer.serialize(MapSerializer.java:34)
	at com.fasterxml.jackson.databind.ser.std.MapSerializer.serializeFields(MapSerializer.java:807)
	at com.fasterxml.jackson.databind.ser.std.MapSerializer.serializeWithoutTypeInfo(MapSerializer.java:763)
	at com.fasterxml.jackson.databind.ser.std.MapSerializer.serialize(MapSerializer.java:719)
	at com.fasterxml.jackson.databind.ser.std.MapSerializer.serialize(MapSerializer.java:34)
	at com.fasterxml.jackson.databind.ser.std.MapSerializer.serializeFields(MapSerializer.java:807)
	at com.fasterxml.jackson.databind.ser.std.MapSerializer.serializeWithoutTypeInfo(MapSerializer.java:763)
	at com.fasterxml.jackson.databind.ser.std.MapSerializer.serialize(MapSerializer.java:719)
	at com.fasterxml.jackson.databind.ser.std.MapSerializer.serialize(MapSerializer.java:34)
	at com.fasterxml.jackson.databind.ser.std.MapSerializer.serializeFields(MapSerializer.java:807)
	at com.fasterxml.jackson.databind.ser.std.MapSerializer.serializeWithoutTypeInfo(MapSerializer.java:763)
	at com.fasterxml.jackson.databind.ser.std.MapSerializer.serialize(MapSerializer.java:719)
	at com.fasterxml.jackson.databind.ser.std.MapSerializer.serialize(MapSerializer.java:34)
	at com.fasterxml.jackson.databind.ser.std.MapSerializer.serializeFields(MapSerializer.java:807)
	at com.fasterxml.jackson.databind.ser.std.MapSerializer.serializeWithoutTypeInfo(MapSerializer.java:763)
	at com.fasterxml.jackson.databind.ser.std.MapSerializer.serialize(MapSerializer.java:719)
	at com.fasterxml.jackson.databind.ser.std.MapSerializer.serialize(MapSerializer.java:34)
	at com.fasterxml.jackson.databind.ser.std.MapSerializer.serializeFields(MapSerializer.java:807)
	at com.fasterxml.jackson.databind.ser.std.MapSerializer.serializeWithoutTypeInfo(MapSerializer.java:763)
	at com.fasterxml.jackson.databind.ser.std.MapSerializer.serialize(MapSerializer.java:719)
	at com.fasterxml.jackson.databind.ser.std.MapSerializer.serialize(MapSerializer.java:34)
	at com.fasterxml.jackson.databind.ser.std.MapSerializer.serializeFields(MapSerializer.java:807)
	at com.fasterxml.jackson.databind.ser.std.MapSerializer.serializeWithoutTypeInfo(MapSerializer.java:763)
	at com.fasterxml.jackson.databind.ser.std.MapSerializer.serialize(MapSerializer.java:719)
	at com.fasterxml.jackson.databind.ser.std.MapSerializer.serialize(MapSerializer.java:34)
	at com.fasterxml.jackson.databind.ser.std.MapSerializer.serializeFields(MapSerializer.java:807)
	at com.fasterxml.jackson.databind.ser.std.MapSerializer.serializeWithoutTypeInfo(MapSerializer.java:763)
	at com.fasterxml.jackson.databind.ser.std.MapSerializer.serialize(MapSerializer.java:719)
	at com.fasterxml.jackson.databind.ser.std.MapSerializer.serialize(MapSerializer.java:34)
	at com.fasterxml.jackson.databind.ser.std.MapSerializer.serializeFields(MapSerializer.java:807)
	at com.fasterxml.jackson.databind.ser.std.MapSerializer.serializeWithoutTypeInfo(MapSerializer.java:763)
	at com.fasterxml.jackson.databind.ser.std.MapSerializer.serialize(MapSerializer.java:719)
	at com.fasterxml.jackson.databind.ser.std.MapSerializer.serialize(MapSerializer.java:34)
	at com.fasterxml.jackson.databind.ser.std.MapSerializer.serializeFields(MapSerializer.java:807)
	at com.fasterxml.jackson.databind.ser.std.MapSerializer.serializeWithoutTypeInfo(MapSerializer.java:763)
	at com.fasterxml.jackson.databind.ser.std.MapSerializer.serialize(MapSerializer.java:719)
	at com.fasterxml.jackson.databind.ser.std.MapSerializer.serialize(MapSerializer.java:34)
	at com.fasterxml.jackson.databind.ser.std.MapSerializer.serializeFields(MapSerializer.java:807)
	at com.fasterxml.jackson.databind.ser.std.MapSerializer.serializeWithoutTypeInfo(MapSerializer.java:763)
	at com.fasterxml.jackson.databind.ser.std.MapSerializer.serialize(MapSerializer.java:719)
	at com.fasterxml.jackson.databind.ser.std.MapSerializer.serialize(MapSerializer.java:34)
	at com.fasterxml.jackson.databind.ser.std.MapSerializer.serializeFields(MapSerializer.java:807)
	at com.fasterxml.jackson.databind.ser.std.MapSerializer.serializeWithoutTypeInfo(MapSerializer.java:763)
	at com.fasterxml.jackson.databind.ser.std.MapSerializer.serialize(MapSerializer.java:719)
	at com.fasterxml.jackson.databind.ser.std.MapSerializer.serialize(MapSerializer.java:34)
	at com.fasterxml.jackson.databind.ser.std.MapSerializer.serializeFields(MapSerializer.java:807)
	at com.fasterxml.jackson.databind.ser.std.MapSerializer.serializeWithoutTypeInfo(MapSerializer.java:763)
	at com.fasterxml.jackson.databind.ser.std.MapSerializer.serialize(MapSerializer.java:719)
	at com.fasterxml.jackson.databind.ser.std.MapSerializer.serialize(MapSerializer.java:34)
	at com.fasterxml.jackson.databind.ser.std.MapSerializer.serializeFields(MapSerializer.java:807)
	at com.fasterxml.jackson.databind.ser.std.MapSerializer.serializeWithoutTypeInfo(MapSerializer.java:763)
	at com.fasterxml.jackson.databind.ser.std.MapSerializer.serialize(MapSerializer.java:719)
	at com.fasterxml.jackson.databind.ser.std.MapSerializer.serialize(MapSerializer.java:34)
	at com.fasterxml.jackson.databind.ser.std.MapSerializer.serializeFields(MapSerializer.java:807)
	at com.fasterxml.jackson.databind.ser.std.MapSerializer.serializeWithoutTypeInfo(MapSerializer.java:763)
	at com.fasterxml.jackson.databind.ser.std.MapSerializer.serialize(MapSerializer.java:719)
	at com.fasterxml.jackson.databind.ser.std.MapSerializer.serialize(MapSerializer.java:34)
	at com.fasterxml.jackson.databind.ser.std.MapSerializer.serializeFields(MapSerializer.java:807)
	at com.fasterxml.jackson.databind.ser.std.MapSerializer.serializeWithoutTypeInfo(MapSerializer.java:763)
	at com.fasterxml.jackson.databind.ser.std.MapSerializer.serialize(MapSerializer.java:719)
	at com.fasterxml.jackson.databind.ser.std.MapSerializer.serialize(MapSerializer.java:34)
	at com.fasterxml.jackson.databind.ser.std.MapSerializer.serializeFields(MapSerializer.java:807)
	at com.fasterxml.jackson.databind.ser.std.MapSerializer.serializeWithoutTypeInfo(MapSerializer.java:763)
	at com.fasterxml.jackson.databind.ser.std.MapSerializer.serialize(MapSerializer.java:719)
	at com.fasterxml.jackson.databind.ser.std.MapSerializer.serialize(MapSerializer.java:34)
	at com.fasterxml.jackson.databind.ser.std.MapSerializer.serializeFields(MapSerializer.java:807)
	at com.fasterxml.jackson.databind.ser.std.MapSerializer.serializeWithoutTypeInfo(MapSerializer.java:763)
	at com.fasterxml.jackson.databind.ser.std.MapSerializer.serialize(MapSerializer.java:719)
	at com.fasterxml.jackson.databind.ser.std.MapSerializer.serialize(MapSerializer.java:34)
	at com.fasterxml.jackson.databind.ser.std.MapSerializer.serializeFields(MapSerializer.java:807)
	at com.fasterxml.jackson.databind.ser.std.MapSerializer.serializeWithoutTypeInfo(MapSerializer.java:763)
	at com.fasterxml.jackson.databind.ser.std.MapSerializer.serialize(MapSerializer.java:719)
	at com.fasterxml.jackson.databind.ser.std.MapSerializer.serialize(MapSerializer.java:34)
	at com.fasterxml.jackson.databind.ser.std.MapSerializer.serializeFields(MapSerializer.java:807)
	at com.fasterxml.jackson.databind.ser.std.MapSerializer.serializeWithoutTypeInfo(MapSerializer.java:763)
	at com.fasterxml.jackson.databind.ser.std.MapSerializer.serialize(MapSerializer.java:719)
	at com.fasterxml.jackson.databind.ser.std.MapSerializer.serialize(MapSerializer.java:34)
	at com.fasterxml.jackson.databind.ser.std.MapSerializer.serializeFields(MapSerializer.java:807)
	at com.fasterxml.jackson.databind.ser.std.MapSerializer.serializeWithoutTypeInfo(MapSerializer.java:763)
	at com.fasterxml.jackson.databind.ser.std.MapSerializer.serialize(MapSerializer.java:719)
	at com.fasterxml.jackson.databind.ser.std.MapSerializer.serialize(MapSerializer.java:34)
	at com.fasterxml.jackson.databind.ser.std.MapSerializer.serializeFields(MapSerializer.java:807)
	at com.fasterxml.jackson.databind.ser.std.MapSerializer.serializeWithoutTypeInfo(MapSerializer.java:763)
	at com.fasterxml.jackson.databind.ser.std.MapSerializer.serialize(MapSerializer.java:719)
	at com.fasterxml.jackson.databind.ser.std.MapSerializer.serialize(MapSerializer.java:34)
	at com.fasterxml.jackson.databind.ser.std.MapSerializer.serializeFields(MapSerializer.java:807)
	at com.fasterxml.jackson.databind.ser.std.MapSerializer.serializeWithoutTypeInfo(MapSerializer.java:763)
	at com.fasterxml.jackson.databind.ser.std.MapSerializer.serialize(MapSerializer.java:719)
	at com.fasterxml.jackson.databind.ser.std.MapSerializer.serialize(MapSerializer.java:34)
	at com.fasterxml.jackson.databind.ser.std.MapSerializer.serializeFields(MapSerializer.java:807)
	at com.fasterxml.jackson.databind.ser.std.MapSerializer.serializeWithoutTypeInfo(MapSerializer.java:763)
	at com.fasterxml.jackson.databind.ser.std.MapSerializer.serialize(MapSerializer.java:719)
	at com.fasterxml.jackson.databind.ser.std.MapSerializer.serialize(MapSerializer.java:34)
	at com.fasterxml.jackson.databind.ser.std.MapSerializer.serializeFields(MapSerializer.java:807)
	at com.fasterxml.jackson.databind.ser.std.MapSerializer.serializeWithoutTypeInfo(MapSerializer.java:763)
	at com.fasterxml.jackson.databind.ser.std.MapSerializer.serialize(MapSerializer.java:719)
	at com.fasterxml.jackson.databind.ser.std.MapSerializer.serialize(MapSerializer.java:34)
	at com.fasterxml.jackson.databind.ser.std.MapSerializer.serializeFields(MapSerializer.java:807)
	at com.fasterxml.jackson.databind.ser.std.MapSerializer.serializeWithoutTypeInfo(MapSerializer.java:763)
	at com.fasterxml.jackson.databind.ser.std.MapSerializer.serialize(MapSerializer.java:719)
	at com.fasterxml.jackson.databind.ser.std.MapSerializer.serialize(MapSerializer.java:34)
	at com.fasterxml.jackson.databind.ser.std.MapSerializer.serializeFields(MapSerializer.java:807)
	at com.fasterxml.jackson.databind.ser.std.MapSerializer.serializeWithoutTypeInfo(MapSerializer.java:763)
	at com.fasterxml.jackson.databind.ser.std.MapSerializer.serialize(MapSerializer.java:719)
	at com.fasterxml.jackson.databind.ser.std.MapSerializer.serialize(MapSerializer.java:34)
	at com.fasterxml.jackson.databind.ser.std.MapSerializer.serializeFields(MapSerializer.java:807)
	at com.fasterxml.jackson.databind.ser.std.MapSerializer.serializeWithoutTypeInfo(MapSerializer.java:763)
	at com.fasterxml.jackson.databind.ser.std.MapSerializer.serialize(MapSerializer.java:719)
	at com.fasterxml.jackson.databind.ser.std.MapSerializer.serialize(MapSerializer.java:34)
	at com.fasterxml.jackson.databind.ser.std.MapSerializer.serializeFields(MapSerializer.java:807)
	at com.fasterxml.jackson.databind.ser.std.MapSerializer.serializeWithoutTypeInfo(MapSerializer.java:763)
	at com.fasterxml.jackson.databind.ser.std.MapSerializer.serialize(MapSerializer.java:719)
	at com.fasterxml.jackson.databind.ser.std.MapSerializer.serialize(MapSerializer.java:34)
	at com.fasterxml.jackson.databind.ser.std.MapSerializer.serializeFields(MapSerializer.java:807)
	at com.fasterxml.jackson.databind.ser.std.MapSerializer.serializeWithoutTypeInfo(MapSerializer.java:763)
	at com.fasterxml.jackson.databind.ser.std.MapSerializer.serialize(MapSerializer.java:719)
	at com.fasterxml.jackson.databind.ser.std.MapSerializer.serialize(MapSerializer.java:34)
	at com.fasterxml.jackson.databind.ser.std.MapSerializer.serializeFields(MapSerializer.java:807)
	at com.fasterxml.jackson.databind.ser.std.MapSerializer.serializeWithoutTypeInfo(MapSerializer.java:763)
	at com.fasterxml.jackson.databind.ser.std.MapSerializer.serialize(MapSerializer.java:719)
	at com.fasterxml.jackson.databind.ser.std.MapSerializer.serialize(MapSerializer.java:34)
	at com.fasterxml.jackson.databind.ser.std.MapSerializer.serializeFields(MapSerializer.java:807)
	at com.fasterxml.jackson.databind.ser.std.MapSerializer.serializeWithoutTypeInfo(MapSerializer.java:763)
	at com.fasterxml.jackson.databind.ser.std.MapSerializer.serialize(MapSerializer.java:719)
	at com.fasterxml.jackson.databind.ser.std.MapSerializer.serialize(MapSerializer.java:34)
	at com.fasterxml.jackson.databind.ser.std.MapSerializer.serializeFields(MapSerializer.java:807)
	at com.fasterxml.jackson.databind.ser.std.MapSerializer.serializeWithoutTypeInfo(MapSerializer.java:763)
	at com.fasterxml.jackson.databind.ser.std.MapSerializer.serialize(MapSerializer.java:719)
	at com.fasterxml.jackson.databind.ser.std.MapSerializer.serialize(MapSerializer.java:34)
	at com.fasterxml.jackson.databind.ser.std.MapSerializer.serializeFields(MapSerializer.java:807)
	at com.fasterxml.jackson.databind.ser.std.MapSerializer.serializeWithoutTypeInfo(MapSerializer.java:763)
	at com.fasterxml.jackson.databind.ser.std.MapSerializer.serialize(MapSerializer.java:719)
	at com.fasterxml.jackson.databind.ser.std.MapSerializer.serialize(MapSerializer.java:34)
	at com.fasterxml.jackson.databind.ser.std.MapSerializer.serializeFields(MapSerializer.java:807)
	at com.fasterxml.jackson.databind.ser.std.MapSerializer.serializeWithoutTypeInfo(MapSerializer.java:763)
	at com.fasterxml.jackson.databind.ser.std.MapSerializer.serialize(MapSerializer.java:719)
	at com.fasterxml.jackson.databind.ser.std.MapSerializer.serialize(MapSerializer.java:34)
	at com.fasterxml.jackson.databind.ser.std.MapSerializer.serializeFields(MapSerializer.java:807)
	at com.fasterxml.jackson.databind.ser.std.MapSerializer.serializeWithoutTypeInfo(MapSerializer.java:763)
	at com.fasterxml.jackson.databind.ser.std.MapSerializer.serialize(MapSerializer.java:719)
	at com.fasterxml.jackson.databind.ser.std.MapSerializer.serialize(MapSerializer.java:34)
	at com.fasterxml.jackson.databind.ser.std.MapSerializer.serializeFields(MapSerializer.java:807)
	at com.fasterxml.jackson.databind.ser.std.MapSerializer.serializeWithoutTypeInfo(MapSerializer.java:763)
	at com.fasterxml.jackson.databind.ser.std.MapSerializer.serialize(MapSerializer.java:719)
	at com.fasterxml.jackson.databind.ser.std.MapSerializer.serialize(MapSerializer.java:34)
	at com.fasterxml.jackson.databind.ser.std.MapSerializer.serializeFields(MapSerializer.java:807)
	at com.fasterxml.jackson.databind.ser.std.MapSerializer.serializeWithoutTypeInfo(MapSerializer.java:763)
	at com.fasterxml.jackson.databind.ser.std.MapSerializer.serialize(MapSerializer.java:719)
	at com.fasterxml.jackson.databind.ser.std.MapSerializer.serialize(MapSerializer.java:34)
	at com.fasterxml.jackson.databind.ser.std.MapSerializer.serializeFields(MapSerializer.java:807)
	at com.fasterxml.jackson.databind.ser.std.MapSerializer.serializeWithoutTypeInfo(MapSerializer.java:763)
	at com.fasterxml.jackson.databind.ser.std.MapSerializer.serialize(MapSerializer.java:719)
	at com.fasterxml.jackson.databind.ser.std.MapSerializer.serialize(MapSerializer.java:34)
	at com.fasterxml.jackson.databind.ser.std.MapSerializer.serializeFields(MapSerializer.java:807)
	at com.fasterxml.jackson.databind.ser.std.MapSerializer.serializeWithoutTypeInfo(MapSerializer.java:763)
	at com.fasterxml.jackson.databind.ser.std.MapSerializer.serialize(MapSerializer.java:719)
	at com.fasterxml.jackson.databind.ser.std.MapSerializer.serialize(MapSerializer.java:34)
	at com.fasterxml.jackson.databind.ser.std.MapSerializer.serializeFields(MapSerializer.java:807)
	at com.fasterxml.jackson.databind.ser.std.MapSerializer.serializeWithoutTypeInfo(MapSerializer.java:763)
	at com.fasterxml.jackson.databind.ser.std.MapSerializer.serialize(MapSerializer.java:719)
	at com.fasterxml.jackson.databind.ser.std.MapSerializer.serialize(MapSerializer.java:34)
	at com.fasterxml.jackson.databind.ser.std.MapSerializer.serializeFields(MapSerializer.java:807)
	at com.fasterxml.jackson.databind.ser.std.MapSerializer.serializeWithoutTypeInfo(MapSerializer.java:763)
	at com.fasterxml.jackson.databind.ser.std.MapSerializer.serialize(MapSerializer.java:719)
	at com.fasterxml.jackson.databind.ser.std.MapSerializer.serialize(MapSerializer.java:34)
	at com.fasterxml.jackson.databind.ser.std.MapSerializer.serializeFields(MapSerializer.java:807)
	at com.fasterxml.jackson.databind.ser.std.MapSerializer.serializeWithoutTypeInfo(MapSerializer.java:763)
	at com.fasterxml.jackson.databind.ser.std.MapSerializer.serialize(MapSerializer.java:719)
	at com.fasterxml.jackson.databind.ser.std.MapSerializer.serialize(MapSerializer.java:34)
	at com.fasterxml.jackson.databind.ser.std.MapSerializer.serializeFields(MapSerializer.java:807)
	at com.fasterxml.jackson.databind.ser.std.MapSerializer.serializeWithoutTypeInfo(MapSerializer.java:763)
	at com.fasterxml.jackson.databind.ser.std.MapSerializer.serialize(MapSerializer.java:719)
	at com.fasterxml.jackson.databind.ser.std.MapSerializer.serialize(MapSerializer.java:34)
	at com.fasterxml.jackson.databind.ser.std.MapSerializer.serializeFields(MapSerializer.java:807)
	at com.fasterxml.jackson.databind.ser.std.MapSerializer.serializeWithoutTypeInfo(MapSerializer.java:763)
	at com.fasterxml.jackson.databind.ser.std.MapSerializer.serialize(MapSerializer.java:719)
	at com.fasterxml.jackson.databind.ser.std.MapSerializer.serialize(MapSerializer.java:34)
	at com.fasterxml.jackson.databind.ser.std.MapSerializer.serializeFields(MapSerializer.java:807)
	at com.fasterxml.jackson.databind.ser.std.MapSerializer.serializeWithoutTypeInfo(MapSerializer.java:763)
	at com.fasterxml.jackson.databind.ser.std.MapSerializer.serialize(MapSerializer.java:719)
	at com.fasterxml.jackson.databind.ser.std.MapSerializer.serialize(MapSerializer.java:34)
	at com.fasterxml.jackson.databind.ser.std.MapSerializer.serializeFields(MapSerializer.java:807)
	at com.fasterxml.jackson.databind.ser.std.MapSerializer.serializeWithoutTypeInfo(MapSerializer.java:763)
	at com.fasterxml.jackson.databind.ser.std.MapSerializer.serialize(MapSerializer.java:719)
	at com.fasterxml.jackson.databind.ser.std.MapSerializer.serialize(MapSerializer.java:34)
	at com.fasterxml.jackson.databind.ser.std.MapSerializer.serializeFields(MapSerializer.java:807)
	at com.fasterxml.jackson.databind.ser.std.MapSerializer.serializeWithoutTypeInfo(MapSerializer.java:763)
	at com.fasterxml.jackson.databind.ser.std.MapSerializer.serialize(MapSerializer.java:719)
	at com.fasterxml.jackson.databind.ser.std.MapSerializer.serialize(MapSerializer.java:34)
	at com.fasterxml.jackson.databind.ser.std.MapSerializer.serializeFields(MapSerializer.java:807)
	at com.fasterxml.jackson.databind.ser.std.MapSerializer.serializeWithoutTypeInfo(MapSerializer.java:763)
	at com.fasterxml.jackson.databind.ser.std.MapSerializer.serialize(MapSerializer.java:719)
	at com.fasterxml.jackson.databind.ser.std.MapSerializer.serialize(MapSerializer.java:34)
	at com.fasterxml.jackson.databind.ser.std.MapSerializer.serializeFields(MapSerializer.java:807)
	at com.fasterxml.jackson.databind.ser.std.MapSerializer.serializeWithoutTypeInfo(MapSerializer.java:763)
	at com.fasterxml.jackson.databind.ser.std.MapSerializer.serialize(MapSerializer.java:719)
	at com.fasterxml.jackson.databind.ser.std.MapSerializer.serialize(MapSerializer.java:34)
	at com.fasterxml.jackson.databind.ser.std.MapSerializer.serializeFields(MapSerializer.java:807)
	at com.fasterxml.jackson.databind.ser.std.MapSerializer.serializeWithoutTypeInfo(MapSerializer.java:763)
	at com.fasterxml.jackson.databind.ser.std.MapSerializer.serialize(MapSerializer.java:719)
	at com.fasterxml.jackson.databind.ser.std.MapSerializer.serialize(MapSerializer.java:34)
	at com.fasterxml.jackson.databind.ser.std.MapSerializer.serializeFields(MapSerializer.java:807)
	at com.fasterxml.jackson.databind.ser.std.MapSerializer.serializeWithoutTypeInfo(MapSerializer.java:763)
	at com.fasterxml.jackson.databind.ser.std.MapSerializer.serialize(MapSerializer.java:719)
	at com.fasterxml.jackson.databind.ser.std.MapSerializer.serialize(MapSerializer.java:34)
	at com.fasterxml.jackson.databind.ser.std.MapSerializer.serializeFields(MapSerializer.java:807)
	at com.fasterxml.jackson.databind.ser.std.MapSerializer.serializeWithoutTypeInfo(MapSerializer.java:763)
	at com.fasterxml.jackson.databind.ser.std.MapSerializer.serialize(MapSerializer.java:719)
	at com.fasterxml.jackson.databind.ser.std.MapSerializer.serialize(MapSerializer.java:34)
	at com.fasterxml.jackson.databind.ser.std.MapSerializer.serializeFields(MapSerializer.java:807)
	at com.fasterxml.jackson.databind.ser.std.MapSerializer.serializeWithoutTypeInfo(MapSerializer.java:763)
	at com.fasterxml.jackson.databind.ser.std.MapSerializer.serialize(MapSerializer.java:719)
	at com.fasterxml.jackson.databind.ser.std.MapSerializer.serialize(MapSerializer.java:34)
	at com.fasterxml.jackson.databind.ser.std.MapSerializer.serializeFields(MapSerializer.java:807)
	at com.fasterxml.jackson.databind.ser.std.MapSerializer.serializeWithoutTypeInfo(MapSerializer.java:763)
	at com.fasterxml.jackson.databind.ser.std.MapSerializer.serialize(MapSerializer.java:719)
	at com.fasterxml.jackson.databind.ser.std.MapSerializer.serialize(MapSerializer.java:34)
	at com.fasterxml.jackson.databind.ser.std.MapSerializer.serializeFields(MapSerializer.java:807)
	at com.fasterxml.jackson.databind.ser.std.MapSerializer.serializeWithoutTypeInfo(MapSerializer.java:763)
	at com.fasterxml.jackson.databind.ser.std.MapSerializer.serialize(MapSerializer.java:719)
	at com.fasterxml.jackson.databind.ser.std.MapSerializer.serialize(MapSerializer.java:34)
	at com.fasterxml.jackson.databind.ser.std.MapSerializer.serializeFields(MapSerializer.java:807)
	at com.fasterxml.jackson.databind.ser.std.MapSerializer.serializeWithoutTypeInfo(MapSerializer.java:763)
	at com.fasterxml.jackson.databind.ser.std.MapSerializer.serialize(MapSerializer.java:719)
	at com.fasterxml.jackson.databind.ser.std.MapSerializer.serialize(MapSerializer.java:34)
	at com.fasterxml.jackson.databind.ser.std.MapSerializer.serializeFields(MapSerializer.java:807)
	at com.fasterxml.jackson.databind.ser.std.MapSerializer.serializeWithoutTypeInfo(MapSerializer.java:763)
	at com.fasterxml.jackson.databind.ser.std.MapSerializer.serialize(MapSerializer.java:719)
	at com.fasterxml.jackson.databind.ser.std.MapSerializer.serialize(MapSerializer.java:34)
	at com.fasterxml.jackson.databind.ser.std.MapSerializer.serializeFields(MapSerializer.java:807)
	at com.fasterxml.jackson.databind.ser.std.MapSerializer.serializeWithoutTypeInfo(MapSerializer.java:763)
	at com.fasterxml.jackson.databind.ser.std.MapSerializer.serialize(MapSerializer.java:719)
	at com.fasterxml.jackson.databind.ser.std.MapSerializer.serialize(MapSerializer.java:34)
	at com.fasterxml.jackson.databind.ser.std.MapSerializer.serializeFields(MapSerializer.java:807)
	at com.fasterxml.jackson.databind.ser.std.MapSerializer.serializeWithoutTypeInfo(MapSerializer.java:763)
	at com.fasterxml.jackson.databind.ser.std.MapSerializer.serialize(MapSerializer.java:719)
	at com.fasterxml.jackson.databind.ser.std.MapSerializer.serialize(MapSerializer.java:34)
	at com.fasterxml.jackson.databind.ser.std.MapSerializer.serializeFields(MapSerializer.java:807)
	at com.fasterxml.jackson.databind.ser.std.MapSerializer.serializeWithoutTypeInfo(MapSerializer.java:763)
	at com.fasterxml.jackson.databind.ser.std.MapSerializer.serialize(MapSerializer.java:719)
	at com.fasterxml.jackson.databind.ser.std.MapSerializer.serialize(MapSerializer.java:34)
	at com.fasterxml.jackson.databind.ser.std.MapSerializer.serializeFields(MapSerializer.java:807)
	at com.fasterxml.jackson.databind.ser.std.MapSerializer.serializeWithoutTypeInfo(MapSerializer.java:763)
	at com.fasterxml.jackson.databind.ser.std.MapSerializer.serialize(MapSerializer.java:719)
	at com.fasterxml.jackson.databind.ser.std.MapSerializer.serialize(MapSerializer.java:34)
	at com.fasterxml.jackson.databind.ser.std.MapSerializer.serializeFields(MapSerializer.java:807)
	at com.fasterxml.jackson.databind.ser.std.MapSerializer.serializeWithoutTypeInfo(MapSerializer.java:763)
	at com.fasterxml.jackson.databind.ser.std.MapSerializer.serialize(MapSerializer.java:719)
	at com.fasterxml.jackson.databind.ser.std.MapSerializer.serialize(MapSerializer.java:34)
	at com.fasterxml.jackson.databind.ser.std.MapSerializer.serializeFields(MapSerializer.java:807)
	at com.fasterxml.jackson.databind.ser.std.MapSerializer.serializeWithoutTypeInfo(MapSerializer.java:763)
	at com.fasterxml.jackson.databind.ser.std.MapSerializer.serialize(MapSerializer.java:719)
	at com.fasterxml.jackson.databind.ser.std.MapSerializer.serialize(MapSerializer.java:34)
	at com.fasterxml.jackson.databind.ser.std.MapSerializer.serializeFields(MapSerializer.java:807)
	at com.fasterxml.jackson.databind.ser.std.MapSerializer.serializeWithoutTypeInfo(MapSerializer.java:763)
	at com.fasterxml.jackson.databind.ser.std.MapSerializer.serialize(MapSerializer.java:719)
	at com.fasterxml.jackson.databind.ser.std.MapSerializer.serialize(MapSerializer.java:34)
	at com.fasterxml.jackson.databind.ser.std.MapSerializer.serializeFields(MapSerializer.java:807)
	at com.fasterxml.jackson.databind.ser.std.MapSerializer.serializeWithoutTypeInfo(MapSerializer.java:763)
	at com.fasterxml.jackson.databind.ser.std.MapSerializer.serialize(MapSerializer.java:719)
	at com.fasterxml.jackson.databind.ser.std.MapSerializer.serialize(MapSerializer.java:34)
	at com.fasterxml.jackson.databind.ser.std.MapSerializer.serializeFields(MapSerializer.java:807)
	at com.fasterxml.jackson.databind.ser.std.MapSerializer.serializeWithoutTypeInfo(MapSerializer.java:763)
	at com.fasterxml.jackson.databind.ser.std.MapSerializer.serialize(MapSerializer.java:719)
	at com.fasterxml.jackson.databind.ser.std.MapSerializer.serialize(MapSerializer.java:34)
	at com.fasterxml.jackson.databind.ser.std.MapSerializer.serializeFields(MapSerializer.java:807)
	at com.fasterxml.jackson.databind.ser.std.MapSerializer.serializeWithoutTypeInfo(MapSerializer.java:763)
	at com.fasterxml.jackson.databind.ser.std.MapSerializer.serialize(MapSerializer.java:719)
	at com.fasterxml.jackson.databind.ser.std.MapSerializer.serialize(MapSerializer.java:34)
	at com.fasterxml.jackson.databind.ser.std.MapSerializer.serializeFields(MapSerializer.java:807)
	at com.fasterxml.jackson.databind.ser.std.MapSerializer.serializeWithoutTypeInfo(MapSerializer.java:763)
	at com.fasterxml.jackson.databind.ser.std.MapSerializer.serialize(MapSerializer.java:719)
	at com.fasterxml.jackson.databind.ser.std.MapSerializer.serialize(MapSerializer.java:34)
	at com.fasterxml.jackson.databind.ser.std.MapSerializer.serializeFields(MapSerializer.java:807)
	at com.fasterxml.jackson.databind.ser.std.MapSerializer.serializeWithoutTypeInfo(MapSerializer.java:763)
	at com.fasterxml.jackson.databind.ser.std.MapSerializer.serialize(MapSerializer.java:719)
	at com.fasterxml.jackson.databind.ser.std.MapSerializer.serialize(MapSerializer.java:34)
	at com.fasterxml.jackson.databind.ser.std.MapSerializer.serializeFields(MapSerializer.java:807)
	at com.fasterxml.jackson.databind.ser.std.MapSerializer.serializeWithoutTypeInfo(MapSerializer.java:763)
	at com.fasterxml.jackson.databind.ser.std.MapSerializer.serialize(MapSerializer.java:719)
	at com.fasterxml.jackson.databind.ser.std.MapSerializer.serialize(MapSerializer.java:34)
	at com.fasterxml.jackson.databind.ser.std.MapSerializer.serializeFields(MapSerializer.java:807)
	at com.fasterxml.jackson.databind.ser.std.MapSerializer.serializeWithoutTypeInfo(MapSerializer.java:763)
	at com.fasterxml.jackson.databind.ser.std.MapSerializer.serialize(MapSerializer.java:719)
	at com.fasterxml.jackson.databind.ser.std.MapSerializer.serialize(MapSerializer.java:34)
	at com.fasterxml.jackson.databind.ser.std.MapSerializer.serializeFields(MapSerializer.java:807)
	at com.fasterxml.jackson.databind.ser.std.MapSerializer.serializeWithoutTypeInfo(MapSerializer.java:763)
	at com.fasterxml.jackson.databind.ser.std.MapSerializer.serialize(MapSerializer.java:719)
	at com.fasterxml.jackson.databind.ser.std.MapSerializer.serialize(MapSerializer.java:34)
	at com.fasterxml.jackson.databind.ser.std.MapSerializer.serializeFields(MapSerializer.java:807)
	at com.fasterxml.jackson.databind.ser.std.MapSerializer.serializeWithoutTypeInfo(MapSerializer.java:763)
	at com.fasterxml.jackson.databind.ser.std.MapSerializer.serialize(MapSerializer.java:719)
	at com.fasterxml.jackson.databind.ser.std.MapSerializer.serialize(MapSerializer.java:34)
	at com.fasterxml.jackson.databind.ser.std.MapSerializer.serializeFields(MapSerializer.java:807)
	at com.fasterxml.jackson.databind.ser.std.MapSerializer.serializeWithoutTypeInfo(MapSerializer.java:763)
	at com.fasterxml.jackson.databind.ser.std.MapSerializer.serialize(MapSerializer.java:719)
	at com.fasterxml.jackson.databind.ser.std.MapSerializer.serialize(MapSerializer.java:34)
	at com.fasterxml.jackson.databind.ser.std.MapSerializer.serializeFields(MapSerializer.java:807)
	at com.fasterxml.jackson.databind.ser.std.MapSerializer.serializeWithoutTypeInfo(MapSerializer.java:763)
	at com.fasterxml.jackson.databind.ser.std.MapSerializer.serialize(MapSerializer.java:719)
	at com.fasterxml.jackson.databind.ser.std.MapSerializer.serialize(MapSerializer.java:34)
	at com.fasterxml.jackson.databind.ser.std.MapSerializer.serializeFields(MapSerializer.java:807)
	at com.fasterxml.jackson.databind.ser.std.MapSerializer.serializeWithoutTypeInfo(MapSerializer.java:763)
	at com.fasterxml.jackson.databind.ser.std.MapSerializer.serialize(MapSerializer.java:719)
	at com.fasterxml.jackson.databind.ser.std.MapSerializer.serialize(MapSerializer.java:34)
	at com.fasterxml.jackson.databind.ser.std.MapSerializer.serializeFields(MapSerializer.java:807)
	at com.fasterxml.jackson.databind.ser.std.MapSerializer.serializeWithoutTypeInfo(MapSerializer.java:763)
	at com.fasterxml.jackson.databind.ser.std.MapSerializer.serialize(MapSerializer.java:719)
	at com.fasterxml.jackson.databind.ser.std.MapSerializer.serialize(MapSerializer.java:34)
	at com.fasterxml.jackson.databind.ser.std.MapSerializer.serializeFields(MapSerializer.java:807)
	at com.fasterxml.jackson.databind.ser.std.MapSerializer.serializeWithoutTypeInfo(MapSerializer.java:763)
	at com.fasterxml.jackson.databind.ser.std.MapSerializer.serialize(MapSerializer.java:719)
	at com.fasterxml.jackson.databind.ser.std.MapSerializer.serialize(MapSerializer.java:34)
	at com.fasterxml.jackson.databind.ser.std.MapSerializer.serializeFields(MapSerializer.java:807)
	at com.fasterxml.jackson.databind.ser.std.MapSerializer.serializeWithoutTypeInfo(MapSerializer.java:763)
	at com.fasterxml.jackson.databind.ser.std.MapSerializer.serialize(MapSerializer.java:719)
	at com.fasterxml.jackson.databind.ser.std.MapSerializer.serialize(MapSerializer.java:34)
	at com.fasterxml.jackson.databind.ser.std.MapSerializer.serializeFields(MapSerializer.java:807)
	at com.fasterxml.jackson.databind.ser.std.MapSerializer.serializeWithoutTypeInfo(MapSerializer.java:763)
	at com.fasterxml.jackson.databind.ser.std.MapSerializer.serialize(MapSerializer.java:719)
	at com.fasterxml.jackson.databind.ser.std.MapSerializer.serialize(MapSerializer.java:34)
	at com.fasterxml.jackson.databind.ser.std.MapSerializer.serializeFields(MapSerializer.java:807)
	at com.fasterxml.jackson.databind.ser.std.MapSerializer.serializeWithoutTypeInfo(MapSerializer.java:763)
	at com.fasterxml.jackson.databind.ser.std.MapSerializer.serialize(MapSerializer.java:719)
	at com.fasterxml.jackson.databind.ser.std.MapSerializer.serialize(MapSerializer.java:34)
	at com.fasterxml.jackson.databind.ser.std.MapSerializer.serializeFields(MapSerializer.java:807)
	at com.fasterxml.jackson.databind.ser.std.MapSerializer.serializeWithoutTypeInfo(MapSerializer.java:763)
	at com.fasterxml.jackson.databind.ser.std.MapSerializer.serialize(MapSerializer.java:719)
	at com.fasterxml.jackson.databind.ser.std.MapSerializer.serialize(MapSerializer.java:34)
	at com.fasterxml.jackson.databind.ser.std.MapSerializer.serializeFields(MapSerializer.java:807)
	at com.fasterxml.jackson.databind.ser.std.MapSerializer.serializeWithoutTypeInfo(MapSerializer.java:763)
	at com.fasterxml.jackson.databind.ser.std.MapSerializer.serialize(MapSerializer.java:719)
	at com.fasterxml.jackson.databind.ser.std.MapSerializer.serialize(MapSerializer.java:34)
	at com.fasterxml.jackson.databind.ser.std.MapSerializer.serializeFields(MapSerializer.java:807)
	at com.fasterxml.jackson.databind.ser.std.MapSerializer.serializeWithoutTypeInfo(MapSerializer.java:763)
	at com.fasterxml.jackson.databind.ser.std.MapSerializer.serialize(MapSerializer.java:719)
	at com.fasterxml.jackson.databind.ser.std.MapSerializer.serialize(MapSerializer.java:34)
	at com.fasterxml.jackson.databind.ser.std.MapSerializer.serializeFields(MapSerializer.java:807)
	at com.fasterxml.jackson.databind.ser.std.MapSerializer.serializeWithoutTypeInfo(MapSerializer.java:763)
	at com.fasterxml.jackson.databind.ser.std.MapSerializer.serialize(MapSerializer.java:719)
	at com.fasterxml.jackson.databind.ser.std.MapSerializer.serialize(MapSerializer.java:34)
	at com.fasterxml.jackson.databind.ser.std.MapSerializer.serializeFields(MapSerializer.java:807)
	at com.fasterxml.jackson.databind.ser.std.MapSerializer.serializeWithoutTypeInfo(MapSerializer.java:763)
	at com.fasterxml.jackson.databind.ser.std.MapSerializer.serialize(MapSerializer.java:719)
	at com.fasterxml.jackson.databind.ser.std.MapSerializer.serialize(MapSerializer.java:34)
	at com.fasterxml.jackson.databind.ser.std.MapSerializer.serializeFields(MapSerializer.java:807)
	at com.fasterxml.jackson.databind.ser.std.MapSerializer.serializeWithoutTypeInfo(MapSerializer.java:763)
	at com.fasterxml.jackson.databind.ser.std.MapSerializer.serialize(MapSerializer.java:719)
	at com.fasterxml.jackson.databind.ser.std.MapSerializer.serialize(MapSerializer.java:34)
	at com.fasterxml.jackson.databind.ser.std.MapSerializer.serializeFields(MapSerializer.java:807)
	at com.fasterxml.jackson.databind.ser.std.MapSerializer.serializeWithoutTypeInfo(MapSerializer.java:763)
	at com.fasterxml.jackson.databind.ser.std.MapSerializer.serialize(MapSerializer.java:719)
	at com.fasterxml.jackson.databind.ser.std.MapSerializer.serialize(MapSerializer.java:34)
	at com.fasterxml.jackson.databind.ser.std.MapSerializer.serializeFields(MapSerializer.java:807)
	at com.fasterxml.jackson.databind.ser.std.MapSerializer.serializeWithoutTypeInfo(MapSerializer.java:763)
	at com.fasterxml.jackson.databind.ser.std.MapSerializer.serialize(MapSerializer.java:719)
	at com.fasterxml.jackson.databind.ser.std.MapSerializer.serialize(MapSerializer.java:34)
	at com.fasterxml.jackson.databind.ser.std.MapSerializer.serializeFields(MapSerializer.java:807)
	at com.fasterxml.jackson.databind.ser.std.MapSerializer.serializeWithoutTypeInfo(MapSerializer.java:763)
	at com.fasterxml.jackson.databind.ser.std.MapSerializer.serialize(MapSerializer.java:719)
	at com.fasterxml.jackson.databind.ser.std.MapSerializer.serialize(MapSerializer.java:34)
	at com.fasterxml.jackson.databind.ser.std.MapSerializer.serializeFields(MapSerializer.java:807)
	at com.fasterxml.jackson.databind.ser.std.MapSerializer.serializeWithoutTypeInfo(MapSerializer.java:763)
	at com.fasterxml.jackson.databind.ser.std.MapSerializer.serialize(MapSerializer.java:719)
	at com.fasterxml.jackson.databind.ser.std.MapSerializer.serialize(MapSerializer.java:34)
	at com.fasterxml.jackson.databind.ser.std.MapSerializer.serializeFields(MapSerializer.java:807)
	at com.fasterxml.jackson.databind.ser.std.MapSerializer.serializeWithoutTypeInfo(MapSerializer.java:763)
	at com.fasterxml.jackson.databind.ser.std.MapSerializer.serialize(MapSerializer.java:719)
	at com.fasterxml.jackson.databind.ser.std.MapSerializer.serialize(MapSerializer.java:34)
	at com.fasterxml.jackson.databind.ser.std.MapSerializer.serializeFields(MapSerializer.java:807)
	at com.fasterxml.jackson.databind.ser.std.MapSerializer.serializeWithoutTypeInfo(MapSerializer.java:763)
	at com.fasterxml.jackson.databind.ser.std.MapSerializer.serialize(MapSerializer.java:719)
	at com.fasterxml.jackson.databind.ser.std.MapSerializer.serialize(MapSerializer.java:34)
	at com.fasterxml.jackson.databind.ser.std.MapSerializer.serializeFields(MapSerializer.java:807)
	at com.fasterxml.jackson.databind.ser.std.MapSerializer.serializeWithoutTypeInfo(MapSerializer.java:763)
	at com.fasterxml.jackson.databind.ser.std.MapSerializer.serialize(MapSerializer.java:719)
	at com.fasterxml.jackson.databind.ser.std.MapSerializer.serialize(MapSerializer.java:34)
	at com.fasterxml.jackson.databind.ser.std.MapSerializer.serializeFields(MapSerializer.java:807)
	at com.fasterxml.jackson.databind.ser.std.MapSerializer.serializeWithoutTypeInfo(MapSerializer.java:763)
	at com.fasterxml.jackson.databind.ser.std.MapSerializer.serialize(MapSerializer.java:719)
	at com.fasterxml.jackson.databind.ser.std.MapSerializer.serialize(MapSerializer.java:34)
	at com.fasterxml.jackson.databind.ser.std.MapSerializer.serializeFields(MapSerializer.java:807)
	at com.fasterxml.jackson.databind.ser.std.MapSerializer.serializeWithoutTypeInfo(MapSerializer.java:763)
	at com.fasterxml.jackson.databind.ser.std.MapSerializer.serialize(MapSerializer.java:719)
	at com.fasterxml.jackson.databind.ser.std.MapSerializer.serialize(MapSerializer.java:34)
	at com.fasterxml.jackson.databind.ser.std.MapSerializer.serializeFields(MapSerializer.java:807)
	at com.fasterxml.jackson.databind.ser.std.MapSerializer.serializeWithoutTypeInfo(MapSerializer.java:763)
	at com.fasterxml.jackson.databind.ser.std.MapSerializer.serialize(MapSerializer.java:719)
	at com.fasterxml.jackson.databind.ser.std.MapSerializer.serialize(MapSerializer.java:34)
	at com.fasterxml.jackson.databind.ser.std.MapSerializer.serializeFields(MapSerializer.java:807)
	at com.fasterxml.jackson.databind.ser.std.MapSerializer.serializeWithoutTypeInfo(MapSerializer.java:763)
	at com.fasterxml.jackson.databind.ser.std.MapSerializer.serialize(MapSerializer.java:719)
	at com.fasterxml.jackson.databind.ser.std.MapSerializer.serialize(MapSerializer.java:34)
	at com.fasterxml.jackson.databind.ser.std.MapSerializer.serializeFields(MapSerializer.java:807)
	at com.fasterxml.jackson.databind.ser.std.MapSerializer.serializeWithoutTypeInfo(MapSerializer.java:763)
	at com.fasterxml.jackson.databind.ser.std.MapSerializer.serialize(MapSerializer.java:719)
	at com.fasterxml.jackson.databind.ser.std.MapSerializer.serialize(MapSerializer.java:34)
	at com.fasterxml.jackson.databind.ser.std.MapSerializer.serializeFields(MapSerializer.java:807)
	at com.fasterxml.jackson.databind.ser.std.MapSerializer.serializeWithoutTypeInfo(MapSerializer.java:763)
	at com.fasterxml.jackson.databind.ser.std.MapSerializer.serialize(MapSerializer.java:719)
	at com.fasterxml.jackson.databind.ser.std.MapSerializer.serialize(MapSerializer.java:34)
	at com.fasterxml.jackson.databind.ser.std.MapSerializer.serializeFields(MapSerializer.java:807)
	at com.fasterxml.jackson.databind.ser.std.MapSerializer.serializeWithoutTypeInfo(MapSerializer.java:763)
	at com.fasterxml.jackson.databind.ser.std.MapSerializer.serialize(MapSerializer.java:719)
	at com.fasterxml.jackson.databind.ser.std.MapSerializer.serialize(MapSerializer.java:34)
	at com.fasterxml.jackson.databind.ser.std.MapSerializer.serializeFields(MapSerializer.java:807)
	at com.fasterxml.jackson.databind.ser.std.MapSerializer.serializeWithoutTypeInfo(MapSerializer.java:763)
	at com.fasterxml.jackson.databind.ser.std.MapSerializer.serialize(MapSerializer.java:719)
	at com.fasterxml.jackson.databind.ser.std.MapSerializer.serialize(MapSerializer.java:34)
	at com.fasterxml.jackson.databind.ser.std.MapSerializer.serializeFields(MapSerializer.java:807)
	at com.fasterxml.jackson.databind.ser.std.MapSerializer.serializeWithoutTypeInfo(MapSerializer.java:763)
	at com.fasterxml.jackson.databind.ser.std.MapSerializer.serialize(MapSerializer.java:719)
	at com.fasterxml.jackson.databind.ser.std.MapSerializer.serialize(MapSerializer.java:34)
	at com.fasterxml.jackson.databind.ser.std.MapSerializer.serializeFields(MapSerializer.java:807)
	at com.fasterxml.jackson.databind.ser.std.MapSerializer.serializeWithoutTypeInfo(MapSerializer.java:763)
	at com.fasterxml.jackson.databind.ser.std.MapSerializer.serialize(MapSerializer.java:719)
	at com.fasterxml.jackson.databind.ser.std.MapSerializer.serialize(MapSerializer.java:34)
	at com.fasterxml.jackson.databind.ser.std.MapSerializer.serializeFields(MapSerializer.java:807)
	at com.fasterxml.jackson.databind.ser.std.MapSerializer.serializeWithoutTypeInfo(MapSerializer.java:763)
	at com.fasterxml.jackson.databind.ser.std.MapSerializer.serialize(MapSerializer.java:719)
	at com.fasterxml.jackson.databind.ser.std.MapSerializer.serialize(MapSerializer.java:34)
	at com.fasterxml.jackson.databind.ser.std.MapSerializer.serializeFields(MapSerializer.java:807)
	at com.fasterxml.jackson.databind.ser.std.MapSerializer.serializeWithoutTypeInfo(MapSerializer.java:763)
	at com.fasterxml.jackson.databind.ser.std.MapSerializer.serialize(MapSerializer.java:719)
	at com.fasterxml.jackson.databind.ser.std.MapSerializer.serialize(MapSerializer.java:34)
	at com.fasterxml.jackson.databind.ser.std.MapSerializer.serializeFields(MapSerializer.java:807)
	at com.fasterxml.jackson.databind.ser.std.MapSerializer.serializeWithoutTypeInfo(MapSerializer.java:763)
	at com.fasterxml.jackson.databind.ser.std.MapSerializer.serialize(MapSerializer.java:719)
	at com.fasterxml.jackson.databind.ser.std.MapSerializer.serialize(MapSerializer.java:34)
	at com.fasterxml.jackson.databind.ser.std.MapSerializer.serializeFields(MapSerializer.java:807)
	at com.fasterxml.jackson.databind.ser.std.MapSerializer.serializeWithoutTypeInfo(MapSerializer.java:763)
	at com.fasterxml.jackson.databind.ser.std.MapSerializer.serialize(MapSerializer.java:719)
	at com.fasterxml.jackson.databind.ser.std.MapSerializer.serialize(MapSerializer.java:34)
	at com.fasterxml.jackson.databind.ser.std.MapSerializer.serializeFields(MapSerializer.java:807)
	at com.fasterxml.jackson.databind.ser.std.MapSerializer.serializeWithoutTypeInfo(MapSerializer.java:763)
	at com.fasterxml.jackson.databind.ser.std.MapSerializer.serialize(MapSerializer.java:719)
	at com.fasterxml.jackson.databind.ser.std.MapSerializer.serialize(MapSerializer.java:34)
	at com.fasterxml.jackson.databind.ser.std.MapSerializer.serializeFields(MapSerializer.java:807)
	at com.fasterxml.jackson.databind.ser.std.MapSerializer.serializeWithoutTypeInfo(MapSerializer.java:763)
	at com.fasterxml.jackson.databind.ser.std.MapSerializer.serialize(MapSerializer.java:719)
	at com.fasterxml.jackson.databind.ser.std.MapSerializer.serialize(MapSerializer.java:34)
	at com.fasterxml.jackson.databind.ser.std.MapSerializer.serializeFields(MapSerializer.java:807)
	at com.fasterxml.jackson.databind.ser.std.MapSerializer.serializeWithoutTypeInfo(MapSerializer.java:763)
	at com.fasterxml.jackson.databind.ser.std.MapSerializer.serialize(MapSerializer.java:719)
	at com.fasterxml.jackson.databind.ser.std.MapSerializer.serialize(MapSerializer.java:34)
	at com.fasterxml.jackson.databind.ser.std.MapSerializer.serializeFields(MapSerializer.java:807)
	at com.fasterxml.jackson.databind.ser.std.MapSerializer.serializeWithoutTypeInfo(MapSerializer.java:763)
	at com.fasterxml.jackson.databind.ser.std.MapSerializer.serialize(MapSerializer.java:719)
	at com.fasterxml.jackson.databind.ser.std.MapSerializer.serialize(MapSerializer.java:34)
	at com.fasterxml.jackson.databind.ser.std.MapSerializer.serializeFields(MapSerializer.java:807)
	at com.fasterxml.jackson.databind.ser.std.MapSerializer.serializeWithoutTypeInfo(MapSerializer.java:763)
	at com.fasterxml.jackson.databind.ser.std.MapSerializer.serialize(MapSerializer.java:719)
	at com.fasterxml.jackson.databind.ser.std.MapSerializer.serialize(MapSerializer.java:34)
	at com.fasterxml.jackson.databind.ser.std.MapSerializer.serializeFields(MapSerializer.java:807)
	at com.fasterxml.jackson.databind.ser.std.MapSerializer.serializeWithoutTypeInfo(MapSerializer.java:763)
	at com.fasterxml.jackson.databind.ser.std.MapSerializer.serialize(MapSerializer.java:719)
	at com.fasterxml.jackson.databind.ser.std.MapSerializer.serialize(MapSerializer.java:34)
	at com.fasterxml.jackson.databind.ser.std.MapSerializer.serializeFields(MapSerializer.java:807)
	at com.fasterxml.jackson.databind.ser.std.MapSerializer.serializeWithoutTypeInfo(MapSerializer.java:763)
	at com.fasterxml.jackson.databind.ser.std.MapSerializer.serialize(MapSerializer.java:719)
	at com.fasterxml.jackson.databind.ser.std.MapSerializer.serialize(MapSerializer.java:34)
	at com.fasterxml.jackson.databind.ser.std.MapSerializer.serializeFields(MapSerializer.java:807)
	at com.fasterxml.jackson.databind.ser.std.MapSerializer.serializeWithoutTypeInfo(MapSerializer.java:763)
	at com.fasterxml.jackson.databind.ser.std.MapSerializer.serialize(MapSerializer.java:719)
	at com.fasterxml.jackson.databind.ser.std.MapSerializer.serialize(MapSerializer.java:34)
	at com.fasterxml.jackson.databind.ser.std.MapSerializer.serializeFields(MapSerializer.java:807)
	at com.fasterxml.jackson.databind.ser.std.MapSerializer.serializeWithoutTypeInfo(MapSerializer.java:763)
	at com.fasterxml.jackson.databind.ser.std.MapSerializer.serialize(MapSerializer.java:719)
	at com.fasterxml.jackson.databind.ser.std.MapSerializer.serialize(MapSerializer.java:34)
	at com.fasterxml.jackson.databind.ser.std.MapSerializer.serializeFields(MapSerializer.java:807)
	at com.fasterxml.jackson.databind.ser.std.MapSerializer.serializeWithoutTypeInfo(MapSerializer.java:763)
	at com.fasterxml.jackson.databind.ser.std.MapSerializer.serialize(MapSerializer.java:719)
	at com.fasterxml.jackson.databind.ser.std.MapSerializer.serialize(MapSerializer.java:34)
	at com.fasterxml.jackson.databind.ser.std.MapSerializer.serializeFields(MapSerializer.java:807)
	at com.fasterxml.jackson.databind.ser.std.MapSerializer.serializeWithoutTypeInfo(MapSerializer.java:763)
	at com.fasterxml.jackson.databind.ser.std.MapSerializer.serialize(MapSerializer.java:719)
	at com.fasterxml.jackson.databind.ser.std.MapSerializer.serialize(MapSerializer.java:34)
	at com.fasterxml.jackson.databind.ser.std.MapSerializer.serializeFields(MapSerializer.java:807)
	at com.fasterxml.jackson.databind.ser.std.MapSerializer.serializeWithoutTypeInfo(MapSerializer.java:763)
	at com.fasterxml.jackson.databind.ser.std.MapSerializer.serialize(MapSerializer.java:719)
	at com.fasterxml.jackson.databind.ser.std.MapSerializer.serialize(MapSerializer.java:34)
	at com.fasterxml.jackson.databind.ser.std.MapSerializer.serializeFields(MapSerializer.java:807)
	at com.fasterxml.jackson.databind.ser.std.MapSerializer.serializeWithoutTypeInfo(MapSerializer.java:763)
	at com.fasterxml.jackson.databind.ser.std.MapSerializer.serialize(MapSerializer.java:719)
	at com.fasterxml.jackson.databind.ser.std.MapSerializer.serialize(MapSerializer.java:34)
	at com.fasterxml.jackson.databind.ser.std.MapSerializer.serializeFields(MapSerializer.java:807)
	at com.fasterxml.jackson.databind.ser.std.MapSerializer.serializeWithoutTypeInfo(MapSerializer.java:763)
	at com.fasterxml.jackson.databind.ser.std.MapSerializer.serialize(MapSerializer.java:719)
	at com.fasterxml.jackson.databind.ser.std.MapSerializer.serialize(MapSerializer.java:34)
	at com.fasterxml.jackson.databind.ser.std.MapSerializer.serializeFields(MapSerializer.java:807)
	at com.fasterxml.jackson.databind.ser.std.MapSerializer.serializeWithoutTypeInfo(MapSerializer.java:763)
	at com.fasterxml.jackson.databind.ser.std.MapSerializer.serialize(MapSerializer.java:719)
	at com.fasterxml.jackson.databind.ser.std.MapSerializer.serialize(MapSerializer.java:34)
	at com.fasterxml.jackson.databind.ser.std.MapSerializer.serializeFields(MapSerializer.java:807)
	at com.fasterxml.jackson.databind.ser.std.MapSerializer.serializeWithoutTypeInfo(MapSerializer.java:763)
	at com.fasterxml.jackson.databind.ser.std.MapSerializer.serialize(MapSerializer.java:719)
	at com.fasterxml.jackson.databind.ser.std.MapSerializer.serialize(MapSerializer.java:34)
	at com.fasterxml.jackson.databind.ser.std.MapSerializer.serializeFields(MapSerializer.java:807)
	at com.fasterxml.jackson.databind.ser.std.MapSerializer.serializeWithoutTypeInfo(MapSerializer.java:763)
	at com.fasterxml.jackson.databind.ser.std.MapSerializer.serialize(MapSerializer.java:719)
	at com.fasterxml.jackson.databind.ser.std.MapSerializer.serialize(MapSerializer.java:34)
	at com.fasterxml.jackson.databind.ser.std.MapSerializer.serializeFields(MapSerializer.java:807)
	at com.fasterxml.jackson.databind.ser.std.MapSerializer.serializeWithoutTypeInfo(MapSerializer.java:763)
	at com.fasterxml.jackson.databind.ser.std.MapSerializer.serialize(MapSerializer.java:719)
	at com.fasterxml.jackson.databind.ser.std.MapSerializer.serialize(MapSerializer.java:34)
	at com.fasterxml.jackson.databind.ser.std.MapSerializer.serializeFields(MapSerializer.java:807)
	at com.fasterxml.jackson.databind.ser.std.MapSerializer.serializeWithoutTypeInfo(MapSerializer.java:763)
	at com.fasterxml.jackson.databind.ser.std.MapSerializer.serialize(MapSerializer.java:719)
	at com.fasterxml.jackson.databind.ser.std.MapSerializer.serialize(MapSerializer.java:34)
	at com.fasterxml.jackson.databind.ser.std.MapSerializer.serializeFields(MapSerializer.java:807)
	at com.fasterxml.jackson.databind.ser.std.MapSerializer.serializeWithoutTypeInfo(MapSerializer.java:763)
	at com.fasterxml.jackson.databind.ser.std.MapSerializer.serialize(MapSerializer.java:719)
	at com.fasterxml.jackson.databind.ser.std.MapSerializer.serialize(MapSerializer.java:34)
	at com.fasterxml.jackson.databind.ser.std.MapSerializer.serializeFields(MapSerializer.java:807)
	at com.fasterxml.jackson.databind.ser.std.MapSerializer.serializeWithoutTypeInfo(MapSerializer.java:763)
	at com.fasterxml.jackson.databind.ser.std.MapSerializer.serialize(MapSerializer.java:719)
	at com.fasterxml.jackson.databind.ser.std.MapSerializer.serialize(MapSerializer.java:34)
	at com.fasterxml.jackson.databind.ser.std.MapSerializer.serializeFields(MapSerializer.java:807)
	at com.fasterxml.jackson.databind.ser.std.MapSerializer.serializeWithoutTypeInfo(MapSerializer.java:763)
	at com.fasterxml.jackson.databind.ser.std.MapSerializer.serialize(MapSerializer.java:719)
	at com.fasterxml.jackson.databind.ser.std.MapSerializer.serialize(MapSerializer.java:34)
	at com.fasterxml.jackson.databind.ser.std.MapSerializer.serializeFields(MapSerializer.java:807)
	at com.fasterxml.jackson.databind.ser.std.MapSerializer.serializeWithoutTypeInfo(MapSerializer.java:763)
	at com.fasterxml.jackson.databind.ser.std.MapSerializer.serialize(MapSerializer.java:719)
	at com.fasterxml.jackson.databind.ser.std.MapSerializer.serialize(MapSerializer.java:34)
	at com.fasterxml.jackson.databind.ser.std.MapSerializer.serializeFields(MapSerializer.java:807)
	at com.fasterxml.jackson.databind.ser.std.MapSerializer.serializeWithoutTypeInfo(MapSerializer.java:763)
	at com.fasterxml.jackson.databind.ser.std.MapSerializer.serialize(MapSerializer.java:719)
	at com.fasterxml.jackson.databind.ser.std.MapSerializer.serialize(MapSerializer.java:34)
	at com.fasterxml.jackson.databind.ser.std.MapSerializer.serializeFields(MapSerializer.java:807)
	at com.fasterxml.jackson.databind.ser.std.MapSerializer.serializeWithoutTypeInfo(MapSerializer.java:763)
	at com.fasterxml.jackson.databind.ser.std.MapSerializer.serialize(MapSerializer.java:719)
	at com.fasterxml.jackson.databind.ser.std.MapSerializer.serialize(MapSerializer.java:34)
	at com.fasterxml.jackson.databind.ser.std.MapSerializer.serializeFields(MapSerializer.java:807)
	at com.fasterxml.jackson.databind.ser.std.MapSerializer.serializeWithoutTypeInfo(MapSerializer.java:763)
	at com.fasterxml.jackson.databind.ser.std.MapSerializer.serialize(MapSerializer.java:719)
	at com.fasterxml.jackson.databind.ser.std.MapSerializer.serialize(MapSerializer.java:34)
	at com.fasterxml.jackson.databind.ser.std.MapSerializer.serializeFields(MapSerializer.java:807)
	at com.fasterxml.jackson.databind.ser.std.MapSerializer.serializeWithoutTypeInfo(MapSerializer.java:763)
	at com.fasterxml.jackson.databind.ser.std.MapSerializer.serialize(MapSerializer.java:719)
	at com.fasterxml.jackson.databind.ser.std.MapSerializer.serialize(MapSerializer.java:34)
	at com.fasterxml.jackson.databind.ser.std.MapSerializer.serializeFields(MapSerializer.java:807)
	at com.fasterxml.jackson.databind.ser.std.MapSerializer.serializeWithoutTypeInfo(MapSerializer.java:763)
	at com.fasterxml.jackson.databind.ser.std.MapSerializer.serialize(MapSerializer.java:719)
	at com.fasterxml.jackson.databind.ser.std.MapSerializer.serialize(MapSerializer.java:34)
	at com.fasterxml.jackson.databind.ser.std.MapSerializer.serializeFields(MapSerializer.java:807)
	at com.fasterxml.jackson.databind.ser.std.MapSerializer.serializeWithoutTypeInfo(MapSerializer.java:763)
	at com.fasterxml.jackson.databind.ser.std.MapSerializer.serialize(MapSerializer.java:719)
	at com.fasterxml.jackson.databind.ser.std.MapSerializer.serialize(MapSerializer.java:34)
	at com.fasterxml.jackson.databind.ser.std.MapSerializer.serializeFields(MapSerializer.java:807)
	at com.fasterxml.jackson.databind.ser.std.MapSerializer.serializeWithoutTypeInfo(MapSerializer.java:763)
	at com.fasterxml.jackson.databind.ser.std.MapSerializer.serialize(MapSerializer.java:719)
	at com.fasterxml.jackson.databind.ser.std.MapSerializer.serialize(MapSerializer.java:34)
	at com.fasterxml.jackson.databind.ser.std.MapSerializer.serializeFields(MapSerializer.java:807)
	at com.fasterxml.jackson.databind.ser.std.MapSerializer.serializeWithoutTypeInfo(MapSerializer.java:763)
	at com.fasterxml.jackson.databind.ser.std.MapSerializer.serialize(MapSerializer.java:719)
	at com.fasterxml.jackson.databind.ser.std.MapSerializer.serialize(MapSerializer.java:34)
	at com.fasterxml.jackson.databind.ser.std.MapSerializer.serializeFields(MapSerializer.java:807)
	at com.fasterxml.jackson.databind.ser.std.MapSerializer.serializeWithoutTypeInfo(MapSerializer.java:763)
	at com.fasterxml.jackson.databind.ser.std.MapSerializer.serialize(MapSerializer.java:719)
	at com.fasterxml.jackson.databind.ser.std.MapSerializer.serialize(MapSerializer.java:34)
	at com.fasterxml.jackson.databind.ser.std.MapSerializer.serializeFields(MapSerializer.java:807)
	at com.fasterxml.jackson.databind.ser.std.MapSerializer.serializeWithoutTypeInfo(MapSerializer.java:763)
	at com.fasterxml.jackson.databind.ser.std.MapSerializer.serialize(MapSerializer.java:719)
	at com.fasterxml.jackson.databind.ser.std.MapSerializer.serialize(MapSerializer.java:34)
	at com.fasterxml.jackson.databind.ser.std.MapSerializer.serializeFields(MapSerializer.java:807)
Caused by: com.fasterxml.jackson.core.exc.StreamConstraintsException: Document nesting depth (1001) exceeds the maximum allowed (1000, from `StreamWriteConstraints.getMaxNestingDepth()`)
	at com.fasterxml.jackson.core.StreamWriteConstraints._constructException(StreamWriteConstraints.java:177)
	at com.fasterxml.jackson.core.StreamWriteConstraints.validateNestingDepth(StreamWriteConstraints.java:162)
	at com.fasterxml.jackson.core.json.WriterBasedJsonGenerator.writeStartObject(WriterBasedJsonGenerator.java:335)
	at com.fasterxml.jackson.databind.ser.std.MapSerializer.serialize(MapSerializer.java:718)
	at com.fasterxml.jackson.databind.ser.std.MapSerializer.serialize(MapSerializer.java:34)
	at com.fasterxml.jackson.databind.ser.std.MapSerializer.serializeFields(MapSerializer.java:807)
	at com.fasterxml.jackson.databind.ser.std.MapSerializer.serializeWithoutTypeInfo(MapSerializer.java:763)
	at com.fasterxml.jackson.databind.ser.std.MapSerializer.serialize(MapSerializer.java:719)
	at com.fasterxml.jackson.databind.ser.std.MapSerializer.serialize(MapSerializer.java:34)
	at com.fasterxml.jackson.databind.ser.std.MapSerializer.serializeFields(MapSerializer.java:807)
	at com.fasterxml.jackson.databind.ser.std.MapSerializer.serializeWithoutTypeInfo(MapSerializer.java:763)
	at com.fasterxml.jackson.databind.ser.std.MapSerializer.serialize(MapSerializer.java:719)
	at com.fasterxml.jackson.databind.ser.std.MapSerializer.serialize(MapSerializer.java:34)
	at com.fasterxml.jackson.databind.ser.std.MapSerializer.serializeFields(MapSerializer.java:807)
	at com.fasterxml.jackson.databind.ser.std.MapSerializer.serializeWithoutTypeInfo(MapSerializer.java:763)
	at com.fasterxml.jackson.databind.ser.std.MapSerializer.serialize(MapSerializer.java:719)
	at com.fasterxml.jackson.databind.ser.std.MapSerializer.serialize(MapSerializer.java:34)
	at com.fasterxml.jackson.databind.ser.std.MapSerializer.serializeFields(MapSerializer.java:807)
	at com.fasterxml.jackson.databind.ser.std.MapSerializer.serializeWithoutTypeInfo(MapSerializer.java:763)
	at com.fasterxml.jackson.databind.ser.std.MapSerializer.serialize(MapSerializer.java:719)
	at com.fasterxml.jackson.databind.ser.std.MapSerializer.serialize(MapSerializer.java:34)
	at com.fasterxml.jackson.databind.ser.std.MapSerializer.serializeFields(MapSerializer.java:807)
	at com.fasterxml.jackson.databind.ser.std.MapSerializer.serializeWithoutTypeInfo(MapSerializer.java:763)
	at com.fasterxml.jackson.databind.ser.std.MapSerializer.serialize(MapSerializer.java:719)
	at com.fasterxml.jackson.databind.ser.std.MapSerializer.serialize(MapSerializer.java:34)
	at com.fasterxml.jackson.databind.ser.std.MapSerializer.serializeFields(MapSerializer.java:807)
	at com.fasterxml.jackson.databind.ser.std.MapSerializer.serializeWithoutTypeInfo(MapSerializer.java:763)
	at com.fasterxml.jackson.databind.ser.std.MapSerializer.serialize(MapSerializer.java:719)
	at com.fasterxml.jackson.databind.ser.std.MapSerializer.serialize(MapSerializer.java:34)
	at com.fasterxml.jackson.databind.ser.std.MapSerializer.serializeFields(MapSerializer.java:807)
	at com.fasterxml.jackson.databind.ser.std.MapSerializer.serializeWithoutTypeInfo(MapSerializer.java:763)
	at com.fasterxml.jackson.databind.ser.std.MapSerializer.serialize(MapSerializer.java:719)
	at com.fasterxml.jackson.databind.ser.std.MapSerializer.serialize(MapSerializer.java:34)
	at com.fasterxml.jackson.databind.ser.std.MapSerializer.serializeFields(MapSerializer.java:807)
	at com.fasterxml.jackson.databind.ser.std.MapSerializer.serializeWithoutTypeInfo(MapSerializer.java:763)
	at com.fasterxml.jackson.databind.ser.std.MapSerializer.serialize(MapSerializer.java:719)
	at com.fasterxml.jackson.databind.ser.std.MapSerializer.serialize(MapSerializer.java:34)
	at com.fasterxml.jackson.databind.ser.std.MapSerializer.serializeFields(MapSerializer.java:807)
	at com.fasterxml.jackson.databind.ser.std.MapSerializer.serializeWithoutTypeInfo(MapSerializer.java:763)
	at com.fasterxml.jackson.databind.ser.std.MapSerializer.serialize(MapSerializer.java:719)
	at com.fasterxml.jackson.databind.ser.std.MapSerializer.serialize(MapSerializer.java:34)
	at com.fasterxml.jackson.databind.ser.std.MapSerializer.serializeFields(MapSerializer.java:807)
	at com.fasterxml.jackson.databind.ser.std.MapSerializer.serializeWithoutTypeInfo(MapSerializer.java:763)
	at com.fasterxml.jackson.databind.ser.std.MapSerializer.serialize(MapSerializer.java:719)
	at com.fasterxml.jackson.databind.ser.std.MapSerializer.serialize(MapSerializer.java:34)
	at com.fasterxml.jackson.databind.ser.std.MapSerializer.serializeFields(MapSerializer.java:807)
	at com.fasterxml.jackson.databind.ser.std.MapSerializer.serializeWithoutTypeInfo(MapSerializer.java:763)
	at com.fasterxml.jackson.databind.ser.std.MapSerializer.serialize(MapSerializer.java:719)
	at com.fasterxml.jackson.databind.ser.std.MapSerializer.serialize(MapSerializer.java:34)
	at com.fasterxml.jackson.databind.ser.std.MapSerializer.serializeFields(MapSerializer.java:807)
	at com.fasterxml.jackson.databind.ser.std.MapSerializer.serializeWithoutTypeInfo(MapSerializer.java:763)
	at com.fasterxml.jackson.databind.ser.std.MapSerializer.serialize(MapSerializer.java:719)
	at com.fasterxml.jackson.databind.ser.std.MapSerializer.serialize(MapSerializer.java:34)
	at com.fasterxml.jackson.databind.ser.std.MapSerializer.serializeFields(MapSerializer.java:807)
	at com.fasterxml.jackson.databind.ser.std.MapSerializer.serializeWithoutTypeInfo(MapSerializer.java:763)
	at com.fasterxml.jackson.databind.ser.std.MapSerializer.serialize(MapSerializer.java:719)
	at com.fasterxml.jackson.databind.ser.std.MapSerializer.serialize(MapSerializer.java:34)
	at com.fasterxml.jackson.databind.ser.std.MapSerializer.serializeFields(MapSerializer.java:807)
	at com.fasterxml.jackson.databind.ser.std.MapSerializer.serializeWithoutTypeInfo(MapSerializer.java:763)
	at com.fasterxml.jackson.databind.ser.std.MapSerializer.serialize(MapSerializer.java:719)
	at com.fasterxml.jackson.databind.ser.std.MapSerializer.serialize(MapSerializer.java:34)
	at com.fasterxml.jackson.databind.ser.std.MapSerializer.serializeFields(MapSerializer.java:807)
	at com.fasterxml.jackson.databind.ser.std.MapSerializer.serializeWithoutTypeInfo(MapSerializer.java:763)
	at com.fasterxml.jackson.databind.ser.std.MapSerializer.serialize(MapSerializer.java:719)
	at com.fasterxml.jackson.databind.ser.std.MapSerializer.serialize(MapSerializer.java:34)
	at com.fasterxml.jackson.databind.ser.std.MapSerializer.serializeFields(MapSerializer.java:807)
	at com.fasterxml.jackson.databind.ser.std.MapSerializer.serializeWithoutTypeInfo(MapSerializer.java:763)
	at com.fasterxml.jackson.databind.ser.std.MapSerializer.serialize(MapSerializer.java:719)
	at com.fasterxml.jackson.databind.ser.std.MapSerializer.serialize(MapSerializer.java:34)
	at com.fasterxml.jackson.databind.ser.std.MapSerializer.serializeFields(MapSerializer.java:807)
	at com.fasterxml.jackson.databind.ser.std.MapSerializer.serializeWithoutTypeInfo(MapSerializer.java:763)
	at com.fasterxml.jackson.databind.ser.std.MapSerializer.serialize(MapSerializer.java:719)
	at com.fasterxml.jackson.databind.ser.std.MapSerializer.serialize(MapSerializer.java:34)
	at com.fasterxml.jackson.databind.ser.std.MapSerializer.serializeFields(MapSerializer.java:807)
	at com.fasterxml.jackson.databind.ser.std.MapSerializer.serializeWithoutTypeInfo(MapSerializer.java:763)
	at com.fasterxml.jackson.databind.ser.std.MapSerializer.serialize(MapSerializer.java:719)
	at com.fasterxml.jackson.databind.ser.std.MapSerializer.serialize(MapSerializer.java:34)
	at com.fasterxml.jackson.databind.ser.std.MapSerializer.serializeFields(MapSerializer.java:807)
	at com.fasterxml.jackson.databind.ser.std.MapSerializer.serializeWithoutTypeInfo(MapSerializer.java:763)
	at com.fasterxml.jackson.databind.ser.std.MapSerializer.serialize(MapSerializer.java:719)
	at com.fasterxml.jackson.databind.ser.std.MapSerializer.serialize(MapSerializer.java:34)
	at com.fasterxml.jackson.databind.ser.std.MapSerializer.serializeFields(MapSerializer.java:807)
	at com.fasterxml.jackson.databind.ser.std.MapSerializer.serializeWithoutTypeInfo(MapSerializer.java:763)
	at com.fasterxml.jackson.databind.ser.std.MapSerializer.serialize(MapSerializer.java:719)
	at com.fasterxml.jackson.databind.ser.std.MapSerializer.serialize(MapSerializer.java:34)
	at com.fasterxml.jackson.databind.ser.std.MapSerializer.serializeFields(MapSerializer.java:807)
	at com.fasterxml.jackson.databind.ser.std.MapSerializer.serializeWithoutTypeInfo(MapSerializer.java:763)
	at com.fasterxml.jackson.databind.ser.std.MapSerializer.serialize(MapSerializer.java:719)
	at com.fasterxml.jackson.databind.ser.std.MapSerializer.serialize(MapSerializer.java:34)
	at com.fasterxml.jackson.databind.ser.std.MapSerializer.serializeFields(MapSerializer.java:807)
	at com.fasterxml.jackson.databind.ser.std.MapSerializer.serializeWithoutTypeInfo(MapSerializer.java:763)
	at com.fasterxml.jackson.databind.ser.std.MapSerializer.serialize(MapSerializer.java:719)
	at com.fasterxml.jackson.databind.ser.std.MapSerializer.serialize(MapSerializer.java:34)
	at com.fasterxml.jackson.databind.ser.std.MapSerializer.serializeFields(MapSerializer.java:807)
	at com.fasterxml.jackson.databind.ser.std.MapSerializer.serializeWithoutTypeInfo(MapSerializer.java:763)
	at com.fasterxml.jackson.databind.ser.std.MapSerializer.serialize(MapSerializer.java:719)
	at com.fasterxml.jackson.databind.ser.std.MapSerializer.serialize(MapSerializer.java:34)
	at com.fasterxml.jackson.databind.ser.std.MapSerializer.serializeFields(MapSerializer.java:807)
	at com.fasterxml.jackson.databind.ser.std.MapSerializer.serializeWithoutTypeInfo(MapSerializer.java:763)
	at com.fasterxml.jackson.databind.ser.std.MapSerializer.serialize(MapSerializer.java:719)
	at com.fasterxml.jackson.databind.ser.std.MapSerializer.serialize(MapSerializer.java:34)
	at com.fasterxml.jackson.databind.ser.std.MapSerializer.serializeFields(MapSerializer.java:807)
	at com.fasterxml.jackson.databind.ser.std.MapSerializer.serializeWithoutTypeInfo(MapSerializer.java:763)
	at com.fasterxml.jackson.databind.ser.std.MapSerializer.serialize(MapSerializer.java:719)
	at com.fasterxml.jackson.databind.ser.std.MapSerializer.serialize(MapSerializer.java:34)
	at com.fasterxml.jackson.databind.ser.std.MapSerializer.serializeFields(MapSerializer.java:807)
	at com.fasterxml.jackson.databind.ser.std.MapSerializer.serializeWithoutTypeInfo(MapSerializer.java:763)
	at com.fasterxml.jackson.databind.ser.std.MapSerializer.serialize(MapSerializer.java:719)
	at com.fasterxml.jackson.databind.ser.std.MapSerializer.serialize(MapSerializer.java:34)
	at com.fasterxml.jackson.databind.ser.std.MapSerializer.serializeFields(MapSerializer.java:807)
	at com.fasterxml.jackson.databind.ser.std.MapSerializer.serializeWithoutTypeInfo(MapSerializer.java:763)
	at com.fasterxml.jackson.databind.ser.std.MapSerializer.serialize(MapSerializer.java:719)
	at com.fasterxml.jackson.databind.ser.std.MapSerializer.serialize(MapSerializer.java:34)
	at com.fasterxml.jackson.databind.ser.std.MapSerializer.serializeFields(MapSerializer.java:807)
	at com.fasterxml.jackson.databind.ser.std.MapSerializer.serializeWithoutTypeInfo(MapSerializer.java:763)
	at com.fasterxml.jackson.databind.ser.std.MapSerializer.serialize(MapSerializer.java:719)
	at com.fasterxml.jackson.databind.ser.std.MapSerializer.serialize(MapSerializer.java:34)
	at com.fasterxml.jackson.databind.ser.std.MapSerializer.serializeFields(MapSerializer.java:807)
	at com.fasterxml.jackson.databind.ser.std.MapSerializer.serializeWithoutTypeInfo(MapSerializer.java:763)
	at com.fasterxml.jackson.databind.ser.std.MapSerializer.serialize(MapSerializer.java:719)
	at com.fasterxml.jackson.databind.ser.std.MapSerializer.serialize(MapSerializer.java:34)
	at com.fasterxml.jackson.databind.ser.std.MapSerializer.serializeFields(MapSerializer.java:807)
	at com.fasterxml.jackson.databind.ser.std.MapSerializer.serializeWithoutTypeInfo(MapSerializer.java:763)
	at com.fasterxml.jackson.databind.ser.std.MapSerializer.serialize(MapSerializer.java:719)
	at com.fasterxml.jackson.databind.ser.std.MapSerializer.serialize(MapSerializer.java:34)
	at com.fasterxml.jackson.databind.ser.std.MapSerializer.serializeFields(MapSerializer.java:807)
	at com.fasterxml.jackson.databind.ser.std.MapSerializer.serializeWithoutTypeInfo(MapSerializer.java:763)
	at com.fasterxml.jackson.databind.ser.std.MapSerializer.serialize(MapSerializer.java:719)
	at com.fasterxml.jackson.databind.ser.std.MapSerializer.serialize(MapSerializer.java:34)
	at com.fasterxml.jackson.databind.ser.std.MapSerializer.serializeFields(MapSerializer.java:807)
	at com.fasterxml.jackson.databind.ser.std.MapSerializer.serializeWithoutTypeInfo(MapSerializer.java:763)
	at com.fasterxml.jackson.databind.ser.std.MapSerializer.serialize(MapSerializer.java:719)
	at com.fasterxml.jackson.databind.ser.std.MapSerializer.serialize(MapSerializer.java:34)
	at com.fasterxml.jackson.databind.ser.std.MapSerializer.serializeFields(MapSerializer.java:807)
	at com.fasterxml.jackson.databind.ser.std.MapSerializer.serializeWithoutTypeInfo(MapSerializer.java:763)
	at com.fasterxml.jackson.databind.ser.std.MapSerializer.serialize(MapSerializer.java:719)
	at com.fasterxml.jackson.databind.ser.std.MapSerializer.serialize(MapSerializer.java:34)
	at com.fasterxml.jackson.databind.ser.std.MapSerializer.serializeFields(MapSerializer.java:807)
	at com.fasterxml.jackson.databind.ser.std.MapSerializer.serializeWithoutTypeInfo(MapSerializer.java:763)
	at com.fasterxml.jackson.databind.ser.std.MapSerializer.serialize(MapSerializer.java:719)
	at com.fasterxml.jackson.databind.ser.std.MapSerializer.serialize(MapSerializer.java:34)
	at com.fasterxml.jackson.databind.ser.std.MapSerializer.serializeFields(MapSerializer.java:807)
	at com.fasterxml.jackson.databind.ser.std.MapSerializer.serializeWithoutTypeInfo(MapSerializer.java:763)
	at com.fasterxml.jackson.databind.ser.std.MapSerializer.serialize(MapSerializer.java:719)
	at com.fasterxml.jackson.databind.ser.std.MapSerializer.serialize(MapSerializer.java:34)
	at com.fasterxml.jackson.databind.ser.std.MapSerializer.serializeFields(MapSerializer.java:807)
	at com.fasterxml.jackson.databind.ser.std.MapSerializer.serializeWithoutTypeInfo(MapSerializer.java:763)
	at com.fasterxml.jackson.databind.ser.std.MapSerializer.serialize(MapSerializer.java:719)
	at com.fasterxml.jackson.databind.ser.std.MapSerializer.serialize(MapSerializer.java:34)
	at com.fasterxml.jackson.databind.ser.std.MapSerializer.serializeFields(MapSerializer.java:807)
	at com.fasterxml.jackson.databind.ser.std.MapSerializer.serializeWithoutTypeInfo(MapSerializer.java:763)
	at com.fasterxml.jackson.databind.ser.std.MapSerializer.serialize(MapSerializer.java:719)
	at com.fasterxml.jackson.databind.ser.std.MapSerializer.serialize(MapSerializer.java:34)
	at com.fasterxml.jackson.databind.ser.std.MapSerializer.serializeFields(MapSerializer.java:807)
	at com.fasterxml.jackson.databind.ser.std.MapSerializer.serializeWithoutTypeInfo(MapSerializer.java:763)
	at com.fasterxml.jackson.databind.ser.std.MapSerializer.serialize(MapSerializer.java:719)
	at com.fasterxml.jackson.databind.ser.std.MapSerializer.serialize(MapSerializer.java:34)
	at com.fasterxml.jackson.databind.ser.std.MapSerializer.serializeFields(MapSerializer.java:807)
	at com.fasterxml.jackson.databind.ser.std.MapSerializer.serializeWithoutTypeInfo(MapSerializer.java:763)
	at com.fasterxml.jackson.databind.ser.std.MapSerializer.serialize(MapSerializer.java:719)
	at com.fasterxml.jackson.databind.ser.std.MapSerializer.serialize(MapSerializer.java:34)
	at com.fasterxml.jackson.databind.ser.std.MapSerializer.serializeFields(MapSerializer.java:807)
	at com.fasterxml.jackson.databind.ser.std.MapSerializer.serializeWithoutTypeInfo(MapSerializer.java:763)
	at com.fasterxml.jackson.databind.ser.std.MapSerializer.serialize(MapSerializer.java:719)
	at com.fasterxml.jackson.databind.ser.std.MapSerializer.serialize(MapSerializer.java:34)
	at com.fasterxml.jackson.databind.ser.std.MapSerializer.serializeFields(MapSerializer.java:807)
	at com.fasterxml.jackson.databind.ser.std.MapSerializer.serializeWithoutTypeInfo(MapSerializer.java:763)
	at com.fasterxml.jackson.databind.ser.std.MapSerializer.serialize(MapSerializer.java:719)
	at com.fasterxml.jackson.databind.ser.std.MapSerializer.serialize(MapSerializer.java:34)
	at com.fasterxml.jackson.databind.ser.std.MapSerializer.serializeFields(MapSerializer.java:807)
	at com.fasterxml.jackson.databind.ser.std.MapSerializer.serializeWithoutTypeInfo(MapSerializer.java:763)
	at com.fasterxml.jackson.databind.ser.std.MapSerializer.serialize(MapSerializer.java:719)
	at com.fasterxml.jackson.databind.ser.std.MapSerializer.serialize(MapSerializer.java:34)
	at com.fasterxml.jackson.databind.ser.std.MapSerializer.serializeFields(MapSerializer.java:807)
	at com.fasterxml.jackson.databind.ser.std.MapSerializer.serializeWithoutTypeInfo(MapSerializer.java:763)
	at com.fasterxml.jackson.databind.ser.std.MapSerializer.serialize(MapSerializer.java:719)
	at com.fasterxml.jackson.databind.ser.std.MapSerializer.serialize(MapSerializer.java:34)
	at com.fasterxml.jackson.databind.ser.std.MapSerializer.serializeFields(MapSerializer.java:807)
	at com.fasterxml.jackson.databind.ser.std.MapSerializer.serializeWithoutTypeInfo(MapSerializer.java:763)
	at com.fasterxml.jackson.databind.ser.std.MapSerializer.serialize(MapSerializer.java:719)
	at com.fasterxml.jackson.databind.ser.std.MapSerializer.serialize(MapSerializer.java:34)
	at com.fasterxml.jackson.databind.ser.std.MapSerializer.serializeFields(MapSerializer.java:807)
	at com.fasterxml.jackson.databind.ser.std.MapSerializer.serializeWithoutTypeInfo(MapSerializer.java:763)
	at com.fasterxml.jackson.databind.ser.std.MapSerializer.serialize(MapSerializer.java:719)
	at com.fasterxml.jackson.databind.ser.std.MapSerializer.serialize(MapSerializer.java:34)
	at com.fasterxml.jackson.databind.ser.std.MapSerializer.serializeFields(MapSerializer.java:807)
	at com.fasterxml.jackson.databind.ser.std.MapSerializer.serializeWithoutTypeInfo(MapSerializer.java:763)
	at com.fasterxml.jackson.databind.ser.std.MapSerializer.serialize(MapSerializer.java:719)
	at com.fasterxml.jackson.databind.ser.std.MapSerializer.serialize(MapSerializer.java:34)
	at com.fasterxml.jackson.databind.ser.std.MapSerializer.serializeFields(MapSerializer.java:807)
	at com.fasterxml.jackson.databind.ser.std.MapSerializer.serializeWithoutTypeInfo(MapSerializer.java:763)
	at com.fasterxml.jackson.databind.ser.std.MapSerializer.serialize(MapSerializer.java:719)
	at com.fasterxml.jackson.databind.ser.std.MapSerializer.serialize(MapSerializer.java:34)
	at com.fasterxml.jackson.databind.ser.std.MapSerializer.serializeFields(MapSerializer.java:807)
	at com.fasterxml.jackson.databind.ser.std.MapSerializer.serializeWithoutTypeInfo(MapSerializer.java:763)
	at com.fasterxml.jackson.databind.ser.std.MapSerializer.serialize(MapSerializer.java:719)
	at com.fasterxml.jackson.databind.ser.std.MapSerializer.serialize(MapSerializer.java:34)
	at com.fasterxml.jackson.databind.ser.std.MapSerializer.serializeFields(MapSerializer.java:807)
	at com.fasterxml.jackson.databind.ser.std.MapSerializer.serializeWithoutTypeInfo(MapSerializer.java:763)
	at com.fasterxml.jackson.databind.ser.std.MapSerializer.serialize(MapSerializer.java:719)
	at com.fasterxml.jackson.databind.ser.std.MapSerializer.serialize(MapSerializer.java:34)
	at com.fasterxml.jackson.databind.ser.std.MapSerializer.serializeFields(MapSerializer.java:807)
	at com.fasterxml.jackson.databind.ser.std.MapSerializer.serializeWithoutTypeInfo(MapSerializer.java:763)
	at com.fasterxml.jackson.databind.ser.std.MapSerializer.serialize(MapSerializer.java:719)
	at com.fasterxml.jackson.databind.ser.std.MapSerializer.serialize(MapSerializer.java:34)
	at com.fasterxml.jackson.databind.ser.std.MapSerializer.serializeFields(MapSerializer.java:807)
	at com.fasterxml.jackson.databind.ser.std.MapSerializer.serializeWithoutTypeInfo(MapSerializer.java:763)
	at com.fasterxml.jackson.databind.ser.std.MapSerializer.serialize(MapSerializer.java:719)
	at com.fasterxml.jackson.databind.ser.std.MapSerializer.serialize(MapSerializer.java:34)
	at com.fasterxml.jackson.databind.ser.std.MapSerializer.serializeFields(MapSerializer.java:807)
	at com.fasterxml.jackson.databind.ser.std.MapSerializer.serializeWithoutTypeInfo(MapSerializer.java:763)
	at com.fasterxml.jackson.databind.ser.std.MapSerializer.serialize(MapSerializer.java:719)
	at com.fasterxml.jackson.databind.ser.std.MapSerializer.serialize(MapSerializer.java:34)
	at com.fasterxml.jackson.databind.ser.std.MapSerializer.serializeFields(MapSerializer.java:807)
	at com.fasterxml.jackson.databind.ser.std.MapSerializer.serializeWithoutTypeInfo(MapSerializer.java:763)
	at com.fasterxml.jackson.databind.ser.std.MapSerializer.serialize(MapSerializer.java:719)
	at com.fasterxml.jackson.databind.ser.std.MapSerializer.serialize(MapSerializer.java:34)
	at com.fasterxml.jackson.databind.ser.std.MapSerializer.serializeFields(MapSerializer.java:807)
	at com.fasterxml.jackson.databind.ser.std.MapSerializer.serializeWithoutTypeInfo(MapSerializer.java:763)
	at com.fasterxml.jackson.databind.ser.std.MapSerializer.serialize(MapSerializer.java:719)
	at com.fasterxml.jackson.databind.ser.std.MapSerializer.serialize(MapSerializer.java:34)
	at com.fasterxml.jackson.databind.ser.std.MapSerializer.serializeFields(MapSerializer.java:807)
	at com.fasterxml.jackson.databind.ser.std.MapSerializer.serializeWithoutTypeInfo(MapSerializer.java:763)
	at com.fasterxml.jackson.databind.ser.std.MapSerializer.serialize(MapSerializer.java:719)
	at com.fasterxml.jackson.databind.ser.std.MapSerializer.serialize(MapSerializer.java:34)
	at com.fasterxml.jackson.databind.ser.std.MapSerializer.serializeFields(MapSerializer.java:807)
	at com.fasterxml.jackson.databind.ser.std.MapSerializer.serializeWithoutTypeInfo(MapSerializer.java:763)
	at com.fasterxml.jackson.databind.ser.std.MapSerializer.serialize(MapSerializer.java:719)
	at com.fasterxml.jackson.databind.ser.std.MapSerializer.serialize(MapSerializer.java:34)
	at com.fasterxml.jackson.databind.ser.std.MapSerializer.serializeFields(MapSerializer.java:807)
	at com.fasterxml.jackson.databind.ser.std.MapSerializer.serializeWithoutTypeInfo(MapSerializer.java:763)
	at com.fasterxml.jackson.databind.ser.std.MapSerializer.serialize(MapSerializer.java:719)
	at com.fasterxml.jackson.databind.ser.std.MapSerializer.serialize(MapSerializer.java:34)
	at com.fasterxml.jackson.databind.ser.std.MapSerializer.serializeFields(MapSerializer.java:807)
	at com.fasterxml.jackson.databind.ser.std.MapSerializer.serializeWithoutTypeInfo(MapSerializer.java:763)
	at com.fasterxml.jackson.databind.ser.std.MapSerializer.serialize(MapSerializer.java:719)
	at com.fasterxml.jackson.databind.ser.std.MapSerializer.serialize(MapSerializer.java:34)
	at com.fasterxml.jackson.databind.ser.std.MapSerializer.serializeFields(MapSerializer.java:807)
	at com.fasterxml.jackson.databind.ser.std.MapSerializer.serializeWithoutTypeInfo(MapSerializer.java:763)
	at com.fasterxml.jackson.databind.ser.std.MapSerializer.serialize(MapSerializer.java:719)
	at com.fasterxml.jackson.databind.ser.std.MapSerializer.serialize(MapSerializer.java:34)
	at com.fasterxml.jackson.databind.ser.std.MapSerializer.serializeFields(MapSerializer.java:807)
	at com.fasterxml.jackson.databind.ser.std.MapSerializer.serializeWithoutTypeInfo(MapSerializer.java:763)
	at com.fasterxml.jackson.databind.ser.std.MapSerializer.serialize(MapSerializer.java:719)
	at com.fasterxml.jackson.databind.ser.std.MapSerializer.serialize(MapSerializer.java:34)
	at com.fasterxml.jackson.databind.ser.std.MapSerializer.serializeFields(MapSerializer.java:807)
	at com.fasterxml.jackson.databind.ser.std.MapSerializer.serializeWithoutTypeInfo(MapSerializer.java:763)
	at com.fasterxml.jackson.databind.ser.std.MapSerializer.serialize(MapSerializer.java:719)
	at com.fasterxml.jackson.databind.ser.std.MapSerializer.serialize(MapSerializer.java:34)
	at com.fasterxml.jackson.databind.ser.std.MapSerializer.serializeFields(MapSerializer.java:807)
	at com.fasterxml.jackson.databind.ser.std.MapSerializer.serializeWithoutTypeInfo(MapSerializer.java:763)
	at com.fasterxml.jackson.databind.ser.std.MapSerializer.serialize(MapSerializer.java:719)
	at com.fasterxml.jackson.databind.ser.std.MapSerializer.serialize(MapSerializer.java:34)
	at com.fasterxml.jackson.databind.ser.std.MapSerializer.serializeFields(MapSerializer.java:807)
	at com.fasterxml.jackson.databind.ser.std.MapSerializer.serializeWithoutTypeInfo(MapSerializer.java:763)
	at com.fasterxml.jackson.databind.ser.std.MapSerializer.serialize(MapSerializer.java:719)
	at com.fasterxml.jackson.databind.ser.std.MapSerializer.serialize(MapSerializer.java:34)
	at com.fasterxml.jackson.databind.ser.std.MapSerializer.serializeFields(MapSerializer.java:807)
	at com.fasterxml.jackson.databind.ser.std.MapSerializer.serializeWithoutTypeInfo(MapSerializer.java:763)
	at com.fasterxml.jackson.databind.ser.std.MapSerializer.serialize(MapSerializer.java:719)
	at com.fasterxml.jackson.databind.ser.std.MapSerializer.serialize(MapSerializer.java:34)
	at com.fasterxml.jackson.databind.ser.std.MapSerializer.serializeFields(MapSerializer.java:807)
	at com.fasterxml.jackson.databind.ser.std.MapSerializer.serializeWithoutTypeInfo(MapSerializer.java:763)
	at com.fasterxml.jackson.databind.ser.std.MapSerializer.serialize(MapSerializer.java:719)
	at com.fasterxml.jackson.databind.ser.std.MapSerializer.serialize(MapSerializer.java:34)
	at com.fasterxml.jackson.databind.ser.std.MapSerializer.serializeFields(MapSerializer.java:807)
	at com.fasterxml.jackson.databind.ser.std.MapSerializer.serializeWithoutTypeInfo(MapSerializer.java:763)
	at com.fasterxml.jackson.databind.ser.std.MapSerializer.serialize(MapSerializer.java:719)
	at com.fasterxml.jackson.databind.ser.std.MapSerializer.serialize(MapSerializer.java:34)
	at com.fasterxml.jackson.databind.ser.std.MapSerializer.serializeFields(MapSerializer.java:807)
	at com.fasterxml.jackson.databind.ser.std.MapSerializer.serializeWithoutTypeInfo(MapSerializer.java:763)
	at com.fasterxml.jackson.databind.ser.std.MapSerializer.serialize(MapSerializer.java:719)
	at com.fasterxml.jackson.databind.ser.std.MapSerializer.serialize(MapSerializer.java:34)
	at com.fasterxml.jackson.databind.ser.std.MapSerializer.serializeFields(MapSerializer.java:807)
	at com.fasterxml.jackson.databind.ser.std.MapSerializer.serializeWithoutTypeInfo(MapSerializer.java:763)
	at com.fasterxml.jackson.databind.ser.std.MapSerializer.serialize(MapSerializer.java:719)
	at com.fasterxml.jackson.databind.ser.std.MapSerializer.serialize(MapSerializer.java:34)
	at com.fasterxml.jackson.databind.ser.std.MapSerializer.serializeFields(MapSerializer.java:807)
	at com.fasterxml.jackson.databind.ser.std.MapSerializer.serializeWithoutTypeInfo(MapSerializer.java:763)
	at com.fasterxml.jackson.databind.ser.std.MapSerializer.serialize(MapSerializer.java:719)
	at com.fasterxml.jackson.databind.ser.std.MapSerializer.serialize(MapSerializer.java:34)
	at com.fasterxml.jackson.databind.ser.std.MapSerializer.serializeFields(MapSerializer.java:807)
	at com.fasterxml.jackson.databind.ser.std.MapSerializer.serializeWithoutTypeInfo(MapSerializer.java:763)
	at com.fasterxml.jackson.databind.ser.std.MapSerializer.serialize(MapSerializer.java:719)
	at com.fasterxml.jackson.databind.ser.std.MapSerializer.serialize(MapSerializer.java:34)
	at com.fasterxml.jackson.databind.ser.std.MapSerializer.serializeFields(MapSerializer.java:807)
	at com.fasterxml.jackson.databind.ser.std.MapSerializer.serializeWithoutTypeInfo(MapSerializer.java:763)
	at com.fasterxml.jackson.databind.ser.std.MapSerializer.serialize(MapSerializer.java:719)
	at com.fasterxml.jackson.databind.ser.std.MapSerializer.serialize(MapSerializer.java:34)
	at com.fasterxml.jackson.databind.ser.std.MapSerializer.serializeFields(MapSerializer.java:807)
	at com.fasterxml.jackson.databind.ser.std.MapSerializer.serializeWithoutTypeInfo(MapSerializer.java:763)
	at com.fasterxml.jackson.databind.ser.std.MapSerializer.serialize(MapSerializer.java:719)
	at com.fasterxml.jackson.databind.ser.std.MapSerializer.serialize(MapSerializer.java:34)
	at com.fasterxml.jackson.databind.ser.std.MapSerializer.serializeFields(MapSerializer.java:807)
	at com.fasterxml.jackson.databind.ser.std.MapSerializer.serializeWithoutTypeInfo(MapSerializer.java:763)
	at com.fasterxml.jackson.databind.ser.std.MapSerializer.serialize(MapSerializer.java:719)
	at com.fasterxml.jackson.databind.ser.std.MapSerializer.serialize(MapSerializer.java:34)
	at com.fasterxml.jackson.databind.ser.std.MapSerializer.serializeFields(MapSerializer.java:807)
	at com.fasterxml.jackson.databind.ser.std.MapSerializer.serializeWithoutTypeInfo(MapSerializer.java:763)
	at com.fasterxml.jackson.databind.ser.std.MapSerializer.serialize(MapSerializer.java:719)
	at com.fasterxml.jackson.databind.ser.std.MapSerializer.serialize(MapSerializer.java:34)
	at com.fasterxml.jackson.databind.ser.std.MapSerializer.serializeFields(MapSerializer.java:807)
	at com.fasterxml.jackson.databind.ser.std.MapSerializer.serializeWithoutTypeInfo(MapSerializer.java:763)
	at com.fasterxml.jackson.databind.ser.std.MapSerializer.serialize(MapSerializer.java:719)
	at com.fasterxml.jackson.databind.ser.std.MapSerializer.serialize(MapSerializer.java:34)
	at com.fasterxml.jackson.databind.ser.std.MapSerializer.serializeFields(MapSerializer.java:807)
	at com.fasterxml.jackson.databind.ser.std.MapSerializer.serializeWithoutTypeInfo(MapSerializer.java:763)
	at com.fasterxml.jackson.databind.ser.std.MapSerializer.serialize(MapSerializer.java:719)
	at com.fasterxml.jackson.databind.ser.std.MapSerializer.serialize(MapSerializer.java:34)
	at com.fasterxml.jackson.databind.ser.std.MapSerializer.serializeFields(MapSerializer.java:807)
	at com.fasterxml.jackson.databind.ser.std.MapSerializer.serializeWithoutTypeInfo(MapSerializer.java:763)
	at com.fasterxml.jackson.databind.ser.std.MapSerializer.serialize(MapSerializer.java:719)
	at com.fasterxml.jackson.databind.ser.std.MapSerializer.serialize(MapSerializer.java:34)
	at com.fasterxml.jackson.databind.ser.std.MapSerializer.serializeFields(MapSerializer.java:807)
	at com.fasterxml.jackson.databind.ser.std.MapSerializer.serializeWithoutTypeInfo(MapSerializer.java:763)
	at com.fasterxml.jackson.databind.ser.std.MapSerializer.serialize(MapSerializer.java:719)
	at com.fasterxml.jackson.databind.ser.std.MapSerializer.serialize(MapSerializer.java:34)
	at com.fasterxml.jackson.databind.ser.std.MapSerializer.serializeFields(MapSerializer.java:807)
	at com.fasterxml.jackson.databind.ser.std.MapSerializer.serializeWithoutTypeInfo(MapSerializer.java:763)
	at com.fasterxml.jackson.databind.ser.std.MapSerializer.serialize(MapSerializer.java:719)
	at com.fasterxml.jackson.databind.ser.std.MapSerializer.serialize(MapSerializer.java:34)
	at com.fasterxml.jackson.databind.ser.std.MapSerializer.serializeFields(MapSerializer.java:807)
	at com.fasterxml.jackson.databind.ser.std.MapSerializer.serializeWithoutTypeInfo(MapSerializer.java:763)
	at com.fasterxml.jackson.databind.ser.std.MapSerializer.serialize(MapSerializer.java:719)
	at com.fasterxml.jackson.databind.ser.std.MapSerializer.serialize(MapSerializer.java:34)
	at com.fasterxml.jackson.databind.ser.std.MapSerializer.serializeFields(MapSerializer.java:807)
	at com.fasterxml.jackson.databind.ser.std.MapSerializer.serializeWithoutTypeInfo(MapSerializer.java:763)
	at com.fasterxml.jackson.databind.ser.std.MapSerializer.serialize(MapSerializer.java:719)
	at com.fasterxml.jackson.databind.ser.std.MapSerializer.serialize(MapSerializer.java:34)
	at com.fasterxml.jackson.databind.ser.std.MapSerializer.serializeFields(MapSerializer.java:807)
	at com.fasterxml.jackson.databind.ser.std.MapSerializer.serializeWithoutTypeInfo(MapSerializer.java:763)
	at com.fasterxml.jackson.databind.ser.std.MapSerializer.serialize(MapSerializer.java:719)
	at com.fasterxml.jackson.databind.ser.std.MapSerializer.serialize(MapSerializer.java:34)
	at com.fasterxml.jackson.databind.ser.std.MapSerializer.serializeFields(MapSerializer.java:807)
	at com.fasterxml.jackson.databind.ser.std.MapSerializer.serializeWithoutTypeInfo(MapSerializer.java:763)
	at com.fasterxml.jackson.databind.ser.std.MapSerializer.serialize(MapSerializer.java:719)
	at com.fasterxml.jackson.databind.ser.std.MapSerializer.serialize(MapSerializer.java:34)
	at com.fasterxml.jackson.databind.ser.std.MapSerializer.serializeFields(MapSerializer.java:807)
	at com.fasterxml.jackson.databind.ser.std.MapSerializer.serializeWithoutTypeInfo(MapSerializer.java:763)
	at com.fasterxml.jackson.databind.ser.std.MapSerializer.serialize(MapSerializer.java:719)
	at com.fasterxml.jackson.databind.ser.std.MapSerializer.serialize(MapSerializer.java:34)
	at com.fasterxml.jackson.databind.ser.std.MapSerializer.serializeFields(MapSerializer.java:807)
	at com.fasterxml.jackson.databind.ser.std.MapSerializer.serializeWithoutTypeInfo(MapSerializer.java:763)
	at com.fasterxml.jackson.databind.ser.std.MapSerializer.serialize(MapSerializer.java:719)
	at com.fasterxml.jackson.databind.ser.std.MapSerializer.serialize(MapSerializer.java:34)
	at com.fasterxml.jackson.databind.ser.std.MapSerializer.serializeFields(MapSerializer.java:807)
	at com.fasterxml.jackson.databind.ser.std.MapSerializer.serializeWithoutTypeInfo(MapSerializer.java:763)
	at com.fasterxml.jackson.databind.ser.std.MapSerializer.serialize(MapSerializer.java:719)
	at com.fasterxml.jackson.databind.ser.std.MapSerializer.serialize(MapSerializer.java:34)
	at com.fasterxml.jackson.databind.ser.std.MapSerializer.serializeFields(MapSerializer.java:807)
	at com.fasterxml.jackson.databind.ser.std.MapSerializer.serializeWithoutTypeInfo(MapSerializer.java:763)
	at com.fasterxml.jackson.databind.ser.std.MapSerializer.serialize(MapSerializer.java:719)
	at com.fasterxml.jackson.databind.ser.std.MapSerializer.serialize(MapSerializer.java:34)
	at com.fasterxml.jackson.databind.ser.std.MapSerializer.serializeFields(MapSerializer.java:807)
	at com.fasterxml.jackson.databind.ser.std.MapSerializer.serializeWithoutTypeInfo(MapSerializer.java:763)
	at com.fasterxml.jackson.databind.ser.std.MapSerializer.serialize(MapSerializer.java:719)
	at com.fasterxml.jackson.databind.ser.std.MapSerializer.serialize(MapSerializer.java:34)
	at com.fasterxml.jackson.databind.ser.std.MapSerializer.serializeFields(MapSerializer.java:807)
	at com.fasterxml.jackson.databind.ser.std.MapSerializer.serializeWithoutTypeInfo(MapSerializer.java:763)
	at com.fasterxml.jackson.databind.ser.std.MapSerializer.serialize(MapSerializer.java:719)
	at com.fasterxml.jackson.databind.ser.std.MapSerializer.serialize(MapSerializer.java:34)
	at com.fasterxml.jackson.databind.ser.std.MapSerializer.serializeFields(MapSerializer.java:807)
	at com.fasterxml.jackson.databind.ser.std.MapSerializer.serializeWithoutTypeInfo(MapSerializer.java:763)
	at com.fasterxml.jackson.databind.ser.std.MapSerializer.serialize(MapSerializer.java:719)
	at com.fasterxml.jackson.databind.ser.std.MapSerializer.serialize(MapSerializer.java:34)
	at com.fasterxml.jackson.databind.ser.std.MapSerializer.serializeFields(MapSerializer.java:807)
	at com.fasterxml.jackson.databind.ser.std.MapSerializer.serializeWithoutTypeInfo(MapSerializer.java:763)
	at com.fasterxml.jackson.databind.ser.std.MapSerializer.serialize(MapSerializer.java:719)
	at com.fasterxml.jackson.databind.ser.std.MapSerializer.serialize(MapSerializer.java:34)
	at com.fasterxml.jackson.databind.ser.std.MapSerializer.serializeFields(MapSerializer.java:807)
	at com.fasterxml.jackson.databind.ser.std.MapSerializer.serializeWithoutTypeInfo(MapSerializer.java:763)
	at com.fasterxml.jackson.databind.ser.std.MapSerializer.serialize(MapSerializer.java:719)
	at com.fasterxml.jackson.databind.ser.std.MapSerializer.serialize(MapSerializer.java:34)
	at com.fasterxml.jackson.databind.ser.std.MapSerializer.serializeFields(MapSerializer.java:807)
	at com.fasterxml.jackson.databind.ser.std.MapSerializer.serializeWithoutTypeInfo(MapSerializer.java:763)
	at com.fasterxml.jackson.databind.ser.std.MapSerializer.serialize(MapSerializer.java:719)
	at com.fasterxml.jackson.databind.ser.std.MapSerializer.serialize(MapSerializer.java:34)
	at com.fasterxml.jackson.databind.ser.std.MapSerializer.serializeFields(MapSerializer.java:807)
	at com.fasterxml.jackson.databind.ser.std.MapSerializer.serializeWithoutTypeInfo(MapSerializer.java:763)
	at com.fasterxml.jackson.databind.ser.std.MapSerializer.serialize(MapSerializer.java:719)
	at com.fasterxml.jackson.databind.ser.std.MapSerializer.serialize(MapSerializer.java:34)
	at com.fasterxml.jackson.databind.ser.std.MapSerializer.serializeFields(MapSerializer.java:807)
	at com.fasterxml.jackson.databind.ser.std.MapSerializer.serializeWithoutTypeInfo(MapSerializer.java:763)
	at com.fasterxml.jackson.databind.ser.std.MapSerializer.serialize(MapSerializer.java:719)
	at com.fasterxml.jackson.databind.ser.std.MapSerializer.serialize(MapSerializer.java:34)
	at com.fasterxml.jackson.databind.ser.std.MapSerializer.serializeFields(MapSerializer.java:807)
	at com.fasterxml.jackson.databind.ser.std.MapSerializer.serializeWithoutTypeInfo(MapSerializer.java:763)
	at com.fasterxml.jackson.databind.ser.std.MapSerializer.serialize(MapSerializer.java:719)
	at com.fasterxml.jackson.databind.ser.std.MapSerializer.serialize(MapSerializer.java:34)
	at com.fasterxml.jackson.databind.ser.std.MapSerializer.serializeFields(MapSerializer.java:807)
	at com.fasterxml.jackson.databind.ser.std.MapSerializer.serializeWithoutTypeInfo(MapSerializer.java:763)
	at com.fasterxml.jackson.databind.ser.std.MapSerializer.serialize(MapSerializer.java:719)
	at com.fasterxml.jackson.databind.ser.std.MapSerializer.serialize(MapSerializer.java:34)
	at com.fasterxml.jackson.databind.ser.std.MapSerializer.serializeFields(MapSerializer.java:807)
	at com.fasterxml.jackson.databind.ser.std.MapSerializer.serializeWithoutTypeInfo(MapSerializer.java:763)
	at com.fasterxml.jackson.databind.ser.std.MapSerializer.serialize(MapSerializer.java:719)
	at com.fasterxml.jackson.databind.ser.std.MapSerializer.serialize(MapSerializer.java:34)
	at com.fasterxml.jackson.databind.ser.std.MapSerializer.serializeFields(MapSerializer.java:807)
	at com.fasterxml.jackson.databind.ser.std.MapSerializer.serializeWithoutTypeInfo(MapSerializer.java:763)
	at com.fasterxml.jackson.databind.ser.std.MapSerializer.serialize(MapSerializer.java:719)
	at com.fasterxml.jackson.databind.ser.std.MapSerializer.serialize(MapSerializer.java:34)
	at com.fasterxml.jackson.databind.ser.std.MapSerializer.serializeFields(MapSerializer.java:807)
	at com.fasterxml.jackson.databind.ser.std.MapSerializer.serializeWithoutTypeInfo(MapSerializer.java:763)
	at com.fasterxml.jackson.databind.ser.std.MapSerializer.serialize(MapSerializer.java:719)
	at com.fasterxml.jackson.databind.ser.std.MapSerializer.serialize(MapSerializer.java:34)
	at com.fasterxml.jackson.databind.ser.std.MapSerializer.serializeFields(MapSerializer.java:807)
	at com.fasterxml.jackson.databind.ser.std.MapSerializer.serializeWithoutTypeInfo(MapSerializer.java:763)
	at com.fasterxml.jackson.databind.ser.std.MapSerializer.serialize(MapSerializer.java:719)
	at com.fasterxml.jackson.databind.ser.std.MapSerializer.serialize(MapSerializer.java:34)
	at com.fasterxml.jackson.databind.ser.std.MapSerializer.serializeFields(MapSerializer.java:807)
	at com.fasterxml.jackson.databind.ser.std.MapSerializer.serializeWithoutTypeInfo(MapSerializer.java:763)
	at com.fasterxml.jackson.databind.ser.std.MapSerializer.serialize(MapSerializer.java:719)
	at com.fasterxml.jackson.databind.ser.std.MapSerializer.serialize(MapSerializer.java:34)
	at com.fasterxml.jackson.databind.ser.std.MapSerializer.serializeFields(MapSerializer.java:807)
	at com.fasterxml.jackson.databind.ser.std.MapSerializer.serializeWithoutTypeInfo(MapSerializer.java:763)
	at com.fasterxml.jackson.databind.ser.std.MapSerializer.serialize(MapSerializer.java:719)
	at com.fasterxml.jackson.databind.ser.std.MapSerializer.serialize(MapSerializer.java:34)
	at com.fasterxml.jackson.databind.ser.std.MapSerializer.serializeFields(MapSerializer.java:807)
	at com.fasterxml.jackson.databind.ser.std.MapSerializer.serializeWithoutTypeInfo(MapSerializer.java:763)
	at com.fasterxml.jackson.databind.ser.std.MapSerializer.serialize(MapSerializer.java:719)
	at com.fasterxml.jackson.databind.ser.std.MapSerializer.serialize(MapSerializer.java:34)
	at com.fasterxml.jackson.databind.ser.std.MapSerializer.serializeFields(MapSerializer.java:807)
	at com.fasterxml.jackson.databind.ser.std.MapSerializer.serializeWithoutTypeInfo(MapSerializer.java:763)
	at com.fasterxml.jackson.databind.ser.std.MapSerializer.serialize(MapSerializer.java:719)
	at com.fasterxml.jackson.databind.ser.std.MapSerializer.serialize(MapSerializer.java:34)
	at com.fasterxml.jackson.databind.ser.std.MapSerializer.serializeFields(MapSerializer.java:807)
	at com.fasterxml.jackson.databind.ser.std.MapSerializer.serializeWithoutTypeInfo(MapSerializer.java:763)
	at com.fasterxml.jackson.databind.ser.std.MapSerializer.serialize(MapSerializer.java:719)
	at com.fasterxml.jackson.databind.ser.std.MapSerializer.serialize(MapSerializer.java:34)
	at com.fasterxml.jackson.databind.ser.std.MapSerializer.serializeFields(MapSerializer.java:807)
	at com.fasterxml.jackson.databind.ser.std.MapSerializer.serializeWithoutTypeInfo(MapSerializer.java:763)
	at com.fasterxml.jackson.databind.ser.std.MapSerializer.serialize(MapSerializer.java:719)
	at com.fasterxml.jackson.databind.ser.std.MapSerializer.serialize(MapSerializer.java:34)
	at com.fasterxml.jackson.databind.ser.std.MapSerializer.serializeFields(MapSerializer.java:807)
	at com.fasterxml.jackson.databind.ser.std.MapSerializer.serializeWithoutTypeInfo(MapSerializer.java:763)
	at com.fasterxml.jackson.databind.ser.std.MapSerializer.serialize(MapSerializer.java:719)
	at com.fasterxml.jackson.databind.ser.std.MapSerializer.serialize(MapSerializer.java:34)
	at com.fasterxml.jackson.databind.ser.std.MapSerializer.serializeFields(MapSerializer.java:807)
	at com.fasterxml.jackson.databind.ser.std.MapSerializer.serializeWithoutTypeInfo(MapSerializer.java:763)
	at com.fasterxml.jackson.databind.ser.std.MapSerializer.serialize(MapSerializer.java:719)
	at com.fasterxml.jackson.databind.ser.std.MapSerializer.serialize(MapSerializer.java:34)
	at com.fasterxml.jackson.databind.ser.std.MapSerializer.serializeFields(MapSerializer.java:807)
	at com.fasterxml.jackson.databind.ser.std.MapSerializer.serializeWithoutTypeInfo(MapSerializer.java:763)
	at com.fasterxml.jackson.databind.ser.std.MapSerializer.serialize(MapSerializer.java:719)
	at com.fasterxml.jackson.databind.ser.std.MapSerializer.serialize(MapSerializer.java:34)
	at com.fasterxml.jackson.databind.ser.std.MapSerializer.serializeFields(MapSerializer.java:807)
	at com.fasterxml.jackson.databind.ser.std.MapSerializer.serializeWithoutTypeInfo(MapSerializer.java:763)
	at com.fasterxml.jackson.databind.ser.std.MapSerializer.serialize(MapSerializer.java:719)
	at com.fasterxml.jackson.databind.ser.std.MapSerializer.serialize(MapSerializer.java:34)
	at com.fasterxml.jackson.databind.ser.std.MapSerializer.serializeFields(MapSerializer.java:807)
	at com.fasterxml.jackson.databind.ser.std.MapSerializer.serializeWithoutTypeInfo(MapSerializer.java:763)
	at com.fasterxml.jackson.databind.ser.std.MapSerializer.serialize(MapSerializer.java:719)
	at com.fasterxml.jackson.databind.ser.std.MapSerializer.serialize(MapSerializer.java:34)
	at com.fasterxml.jackson.databind.ser.std.MapSerializer.serializeFields(MapSerializer.java:807)
	at com.fasterxml.jackson.databind.ser.std.MapSerializer.serializeWithoutTypeInfo(MapSerializer.java:763)
	at com.fasterxml.jackson.databind.ser.std.MapSerializer.serialize(MapSerializer.java:719)
	at com.fasterxml.jackson.databind.ser.std.MapSerializer.serialize(MapSerializer.java:34)
	at com.fasterxml.jackson.databind.ser.std.MapSerializer.serializeFields(MapSerializer.java:807)
	at com.fasterxml.jackson.databind.ser.std.MapSerializer.serializeWithoutTypeInfo(MapSerializer.java:763)
	at com.fasterxml.jackson.databind.ser.std.MapSerializer.serialize(MapSerializer.java:719)
	at com.fasterxml.jackson.databind.ser.std.MapSerializer.serialize(MapSerializer.java:34)
	at com.fasterxml.jackson.databind.ser.std.MapSerializer.serializeFields(MapSerializer.java:807)
	at com.fasterxml.jackson.databind.ser.std.MapSerializer.serializeWithoutTypeInfo(MapSerializer.java:763)
	at com.fasterxml.jackson.databind.ser.std.MapSerializer.serialize(MapSerializer.java:719)
	at com.fasterxml.jackson.databind.ser.std.MapSerializer.serialize(MapSerializer.java:34)
	at com.fasterxml.jackson.databind.ser.std.MapSerializer.serializeFields(MapSerializer.java:807)
	at com.fasterxml.jackson.databind.ser.std.MapSerializer.serializeWithoutTypeInfo(MapSerializer.java:763)
	at com.fasterxml.jackson.databind.ser.std.MapSerializer.serialize(MapSerializer.java:719)
	at com.fasterxml.jackson.databind.ser.std.MapSerializer.serialize(MapSerializer.java:34)
	at com.fasterxml.jackson.databind.ser.std.MapSerializer.serializeFields(MapSerializer.java:807)
	at com.fasterxml.jackson.databind.ser.std.MapSerializer.serializeWithoutTypeInfo(MapSerializer.java:763)
	at com.fasterxml.jackson.databind.ser.std.MapSerializer.serialize(MapSerializer.java:719)
	at com.fasterxml.jackson.databind.ser.std.MapSerializer.serialize(MapSerializer.java:34)
	at com.fasterxml.jackson.databind.ser.std.MapSerializer.serializeFields(MapSerializer.java:807)
	at com.fasterxml.jackson.databind.ser.std.MapSerializer.serializeWithoutTypeInfo(MapSerializer.java:763)
	at com.fasterxml.jackson.databind.ser.std.MapSerializer.serialize(MapSerializer.java:719)
	at com.fasterxml.jackson.databind.ser.std.MapSerializer.serialize(MapSerializer.java:34)
	at com.fasterxml.jackson.databind.ser.std.MapSerializer.serializeFields(MapSerializer.java:807)
	at com.fasterxml.jackson.databind.ser.std.MapSerializer.serializeWithoutTypeInfo(MapSerializer.java:763)
	at com.fasterxml.jackson.databind.ser.std.MapSerializer.serialize(MapSerializer.java:719)
	at com.fasterxml.jackson.databind.ser.std.MapSerializer.serialize(MapSerializer.java:34)
	at com.fasterxml.jackson.databind.ser.std.MapSerializer.serializeFields(MapSerializer.java:807)
	at com.fasterxml.jackson.databind.ser.std.MapSerializer.serializeWithoutTypeInfo(MapSerializer.java:763)
	at com.fasterxml.jackson.databind.ser.std.MapSerializer.serialize(MapSerializer.java:719)
	at com.fasterxml.jackson.databind.ser.std.MapSerializer.serialize(MapSerializer.java:34)
	at com.fasterxml.jackson.databind.ser.std.MapSerializer.serializeFields(MapSerializer.java:807)
	at com.fasterxml.jackson.databind.ser.std.MapSerializer.serializeWithoutTypeInfo(MapSerializer.java:763)
	at com.fasterxml.jackson.databind.ser.std.MapSerializer.serialize(MapSerializer.java:719)
	at com.fasterxml.jackson.databind.ser.std.MapSerializer.serialize(MapSerializer.java:34)
	at com.fasterxml.jackson.databind.ser.std.MapSerializer.serializeFields(MapSerializer.java:807)
	at com.fasterxml.jackson.databind.ser.std.MapSerializer.serializeWithoutTypeInfo(MapSerializer.java:763)
	at com.fasterxml.jackson.databind.ser.std.MapSerializer.serialize(MapSerializer.java:719)
	at com.fasterxml.jackson.databind.ser.std.MapSerializer.serialize(MapSerializer.java:34)
	at com.fasterxml.jackson.databind.ser.std.MapSerializer.serializeFields(MapSerializer.java:807)
	at com.fasterxml.jackson.databind.ser.std.MapSerializer.serializeWithoutTypeInfo(MapSerializer.java:763)
	at com.fasterxml.jackson.databind.ser.std.MapSerializer.serialize(MapSerializer.java:719)
	at com.fasterxml.jackson.databind.ser.std.MapSerializer.serialize(MapSerializer.java:34)
	at com.fasterxml.jackson.databind.ser.std.MapSerializer.serializeFields(MapSerializer.java:807)
	at com.fasterxml.jackson.databind.ser.std.MapSerializer.serializeWithoutTypeInfo(MapSerializer.java:763)
	at com.fasterxml.jackson.databind.ser.std.MapSerializer.serialize(MapSerializer.java:719)
	at com.fasterxml.jackson.databind.ser.std.MapSerializer.serialize(MapSerializer.java:34)
	at com.fasterxml.jackson.databind.ser.std.MapSerializer.serializeFields(MapSerializer.java:807)
	at com.fasterxml.jackson.databind.ser.std.MapSerializer.serializeWithoutTypeInfo(MapSerializer.java:763)
	at com.fasterxml.jackson.databind.ser.std.MapSerializer.serialize(MapSerializer.java:719)
	at com.fasterxml.jackson.databind.ser.std.MapSerializer.serialize(MapSerializer.java:34)
	at com.fasterxml.jackson.databind.ser.std.MapSerializer.serializeFields(MapSerializer.java:807)
	at com.fasterxml.jackson.databind.ser.std.MapSerializer.serializeWithoutTypeInfo(MapSerializer.java:763)
	at com.fasterxml.jackson.databind.ser.std.MapSerializer.serialize(MapSerializer.java:719)
	at com.fasterxml.jackson.databind.ser.std.MapSerializer.serialize(MapSerializer.java:34)
	at com.fasterxml.jackson.databind.ser.std.MapSerializer.serializeFields(MapSerializer.java:807)
	at com.fasterxml.jackson.databind.ser.std.MapSerializer.serializeWithoutTypeInfo(MapSerializer.java:763)
	at com.fasterxml.jackson.databind.ser.std.MapSerializer.serialize(MapSerializer.java:719)
	at com.fasterxml.jackson.databind.ser.std.MapSerializer.serialize(MapSerializer.java:34)
	at com.fasterxml.jackson.databind.ser.std.MapSerializer.serializeFields(MapSerializer.java:807)
	at com.fasterxml.jackson.databind.ser.std.MapSerializer.serializeWithoutTypeInfo(MapSerializer.java:763)
	at com.fasterxml.jackson.databind.ser.std.MapSerializer.serialize(MapSerializer.java:719)
	at com.fasterxml.jackson.databind.ser.std.MapSerializer.serialize(MapSerializer.java:34)
	at com.fasterxml.jackson.databind.ser.std.MapSerializer.serializeFields(MapSerializer.java:807)
	at com.fasterxml.jackson.databind.ser.std.MapSerializer.serializeWithoutTypeInfo(MapSerializer.java:763)
	at com.fasterxml.jackson.databind.ser.std.MapSerializer.serialize(MapSerializer.java:719)
	at com.fasterxml.jackson.databind.ser.std.MapSerializer.serialize(MapSerializer.java:34)
	at com.fasterxml.jackson.databind.ser.std.MapSerializer.serializeFields(MapSerializer.java:807)
	at com.fasterxml.jackson.databind.ser.std.MapSerializer.serializeWithoutTypeInfo(MapSerializer.java:763)
	at com.fasterxml.jackson.databind.ser.std.MapSerializer.serialize(MapSerializer.java:719)
	at com.fasterxml.jackson.databind.ser.std.MapSerializer.serialize(MapSerializer.java:34)
	at com.fasterxml.jackson.databind.ser.std.MapSerializer.serializeFields(MapSerializer.java:807)
	at com.fasterxml.jackson.databind.ser.std.MapSerializer.serializeWithoutTypeInfo(MapSerializer.java:763)
	at com.fasterxml.jackson.databind.ser.std.MapSerializer.serialize(MapSerializer.java:719)
	at com.fasterxml.jackson.databind.ser.std.MapSerializer.serialize(MapSerializer.java:34)
	at com.fasterxml.jackson.databind.ser.std.MapSerializer.serializeFields(MapSerializer.java:807)
	at com.fasterxml.jackson.databind.ser.std.MapSerializer.serializeWithoutTypeInfo(MapSerializer.java:763)
	at com.fasterxml.jackson.databind.ser.std.MapSerializer.serialize(MapSerializer.java:719)
	at com.fasterxml.jackson.databind.ser.std.MapSerializer.serialize(MapSerializer.java:34)
	at com.fasterxml.jackson.databind.ser.std.MapSerializer.serializeFields(MapSerializer.java:807)
	at com.fasterxml.jackson.databind.ser.std.MapSerializer.serializeWithoutTypeInfo(MapSerializer.java:763)
	at com.fasterxml.jackson.databind.ser.std.MapSerializer.serialize(MapSerializer.java:719)
	at com.fasterxml.jackson.databind.ser.std.MapSerializer.serialize(MapSerializer.java:34)
	at com.fasterxml.jackson.databind.ser.std.MapSerializer.serializeFields(MapSerializer.java:807)
	at com.fasterxml.jackson.databind.ser.std.MapSerializer.serializeWithoutTypeInfo(MapSerializer.java:763)
	at com.fasterxml.jackson.databind.ser.std.MapSerializer.serialize(MapSerializer.java:719)
	at com.fasterxml.jackson.databind.ser.std.MapSerializer.serialize(MapSerializer.java:34)
	at com.fasterxml.jackson.databind.ser.std.MapSerializer.serializeFields(MapSerializer.java:807)
	at com.fasterxml.jackson.databind.ser.std.MapSerializer.serializeWithoutTypeInfo(MapSerializer.java:763)
	at com.fasterxml.jackson.databind.ser.std.MapSerializer.serialize(MapSerializer.java:719)
	at com.fasterxml.jackson.databind.ser.std.MapSerializer.serialize(MapSerializer.java:34)
	at com.fasterxml.jackson.databind.ser.std.MapSerializer.serializeFields(MapSerializer.java:807)
	at com.fasterxml.jackson.databind.ser.std.MapSerializer.serializeWithoutTypeInfo(MapSerializer.java:763)
	at com.fasterxml.jackson.databind.ser.std.MapSerializer.serialize(MapSerializer.java:719)
	at com.fasterxml.jackson.databind.ser.std.MapSerializer.serialize(MapSerializer.java:34)
	at com.fasterxml.jackson.databind.ser.std.MapSerializer.serializeFields(MapSerializer.java:807)
	at com.fasterxml.jackson.databind.ser.std.MapSerializer.serializeWithoutTypeInfo(MapSerializer.java:763)
	at com.fasterxml.jackson.databind.ser.std.MapSerializer.serialize(MapSerializer.java:719)
	at com.fasterxml.jackson.databind.ser.std.MapSerializer.serialize(MapSerializer.java:34)
	at com.fasterxml.jackson.databind.ser.std.MapSerializer.serializeFields(MapSerializer.java:807)
	at com.fasterxml.jackson.databind.ser.std.MapSerializer.serializeWithoutTypeInfo(MapSerializer.java:763)
	at com.fasterxml.jackson.databind.ser.std.MapSerializer.serialize(MapSerializer.java:719)
	at com.fasterxml.jackson.databind.ser.std.MapSerializer.serialize(MapSerializer.java:34)
	at com.fasterxml.jackson.databind.ser.std.MapSerializer.serializeFields(MapSerializer.java:807)
	at com.fasterxml.jackson.databind.ser.std.MapSerializer.serializeWithoutTypeInfo(MapSerializer.java:763)
	at com.fasterxml.jackson.databind.ser.std.MapSerializer.serialize(MapSerializer.java:719)
	at com.fasterxml.jackson.databind.ser.std.MapSerializer.serialize(MapSerializer.java:34)
	at com.fasterxml.jackson.databind.ser.std.MapSerializer.serializeFields(MapSerializer.java:807)
	at com.fasterxml.jackson.databind.ser.std.MapSerializer.serializeWithoutTypeInfo(MapSerializer.java:763)
	at com.fasterxml.jackson.databind.ser.std.MapSerializer.serialize(MapSerializer.java:719)
	at com.fasterxml.jackson.databind.ser.std.MapSerializer.serialize(MapSerializer.java:34)
	at com.fasterxml.jackson.databind.ser.std.MapSerializer.serializeFields(MapSerializer.java:807)
	at com.fasterxml.jackson.databind.ser.std.MapSerializer.serializeWithoutTypeInfo(MapSerializer.java:763)
	at com.fasterxml.jackson.databind.ser.std.MapSerializer.serialize(MapSerializer.java:719)
	at com.fasterxml.jackson.databind.ser.std.MapSerializer.serialize(MapSerializer.java:34)
	at com.fasterxml.jackson.databind.ser.std.MapSerializer.serializeFields(MapSerializer.java:807)
	at com.fasterxml.jackson.databind.ser.std.MapSerializer.serializeWithoutTypeInfo(MapSerializer.java:763)
	at com.fasterxml.jackson.databind.ser.std.MapSerializer.serialize(MapSerializer.java:719)
	at com.fasterxml.jackson.databind.ser.std.MapSerializer.serialize(MapSerializer.java:34)
	at com.fasterxml.jackson.databind.ser.std.MapSerializer.serializeFields(MapSerializer.java:807)
	at com.fasterxml.jackson.databind.ser.std.MapSerializer.serializeWithoutTypeInfo(MapSerializer.java:763)
	at com.fasterxml.jackson.databind.ser.std.MapSerializer.serialize(MapSerializer.java:719)
	at com.fasterxml.jackson.databind.ser.std.MapSerializer.serialize(MapSerializer.java:34)
	at com.fasterxml.jackson.databind.ser.std.MapSerializer.serializeFields(MapSerializer.java:807)
	at com.fasterxml.jackson.databind.ser.std.MapSerializer.serializeWithoutTypeInfo(MapSerializer.java:763)
	at com.fasterxml.jackson.databind.ser.std.MapSerializer.serialize(MapSerializer.java:719)
	at com.fasterxml.jackson.databind.ser.std.MapSerializer.serialize(MapSerializer.java:34)
	at com.fasterxml.jackson.databind.ser.std.MapSerializer.serializeFields(MapSerializer.java:807)
	at com.fasterxml.jackson.databind.ser.std.MapSerializer.serializeWithoutTypeInfo(MapSerializer.java:763)
	at com.fasterxml.jackson.databind.ser.std.MapSerializer.serialize(MapSerializer.java:719)
	at com.fasterxml.jackson.databind.ser.std.MapSerializer.serialize(MapSerializer.java:34)
	at com.fasterxml.jackson.databind.ser.std.MapSerializer.serializeFields(MapSerializer.java:807)
	at com.fasterxml.jackson.databind.ser.std.MapSerializer.serializeWithoutTypeInfo(MapSerializer.java:763)
	at com.fasterxml.jackson.databind.ser.std.MapSerializer.serialize(MapSerializer.java:719)
	at com.fasterxml.jackson.databind.ser.std.MapSerializer.serialize(MapSerializer.java:34)
	at com.fasterxml.jackson.databind.ser.std.MapSerializer.serializeFields(MapSerializer.java:807)
	at com.fasterxml.jackson.databind.ser.std.MapSerializer.serializeWithoutTypeInfo(MapSerializer.java:763)
	at com.fasterxml.jackson.databind.ser.std.MapSerializer.serialize(MapSerializer.java:719)
	at com.fasterxml.jackson.databind.ser.std.MapSerializer.serialize(MapSerializer.java:34)
	at com.fasterxml.jackson.databind.ser.std.MapSerializer.serializeFields(MapSerializer.java:807)
	at com.fasterxml.jackson.databind.ser.std.MapSerializer.serializeWithoutTypeInfo(MapSerializer.java:763)
	at com.fasterxml.jackson.databind.ser.std.MapSerializer.serialize(MapSerializer.java:719)
	at com.fasterxml.jackson.databind.ser.std.MapSerializer.serialize(MapSerializer.java:34)
	at com.fasterxml.jackson.databind.ser.std.MapSerializer.serializeFields(MapSerializer.java:807)
	at com.fasterxml.jackson.databind.ser.std.MapSerializer.serializeWithoutTypeInfo(MapSerializer.java:763)
	at com.fasterxml.jackson.databind.ser.std.MapSerializer.serialize(MapSerializer.java:719)
	at com.fasterxml.jackson.databind.ser.std.MapSerializer.serialize(MapSerializer.java:34)
	at com.fasterxml.jackson.databind.ser.std.MapSerializer.serializeFields(MapSerializer.java:807)
	at com.fasterxml.jackson.databind.ser.std.MapSerializer.serializeWithoutTypeInfo(MapSerializer.java:763)
	at com.fasterxml.jackson.databind.ser.std.MapSerializer.serialize(MapSerializer.java:719)
	at com.fasterxml.jackson.databind.ser.std.MapSerializer.serialize(MapSerializer.java:34)
	at com.fasterxml.jackson.databind.ser.std.MapSerializer.serializeFields(MapSerializer.java:807)
	at com.fasterxml.jackson.databind.ser.std.MapSerializer.serializeWithoutTypeInfo(MapSerializer.java:763)
	at com.fasterxml.jackson.databind.ser.std.MapSerializer.serialize(MapSerializer.java:719)
	at com.fasterxml.jackson.databind.ser.std.MapSerializer.serialize(MapSerializer.java:34)
	at com.fasterxml.jackson.databind.ser.std.MapSerializer.serializeFields(MapSerializer.java:807)
	at com.fasterxml.jackson.databind.ser.std.MapSerializer.serializeWithoutTypeInfo(MapSerializer.java:763)
	at com.fasterxml.jackson.databind.ser.std.MapSerializer.serialize(MapSerializer.java:719)
	at com.fasterxml.jackson.databind.ser.std.MapSerializer.serialize(MapSerializer.java:34)
	at com.fasterxml.jackson.databind.ser.std.MapSerializer.serializeFields(MapSerializer.java:807)
	at com.fasterxml.jackson.databind.ser.std.MapSerializer.serializeWithoutTypeInfo(MapSerializer.java:763)
	at com.fasterxml.jackson.databind.ser.std.MapSerializer.serialize(MapSerializer.java:719)
	at com.fasterxml.jackson.databind.ser.std.MapSerializer.serialize(MapSerializer.java:34)
	at com.fasterxml.jackson.databind.ser.std.MapSerializer.serializeFields(MapSerializer.java:807)
	at com.fasterxml.jackson.databind.ser.std.MapSerializer.serializeWithoutTypeInfo(MapSerializer.java:763)
	at com.fasterxml.jackson.databind.ser.std.MapSerializer.serialize(MapSerializer.java:719)
	at com.fasterxml.jackson.databind.ser.std.MapSerializer.serialize(MapSerializer.java:34)
	at com.fasterxml.jackson.databind.ser.std.MapSerializer.serializeFields(MapSerializer.java:807)
	at com.fasterxml.jackson.databind.ser.std.MapSerializer.serializeWithoutTypeInfo(MapSerializer.java:763)
	at com.fasterxml.jackson.databind.ser.std.MapSerializer.serialize(MapSerializer.java:719)
	at com.fasterxml.jackson.databind.ser.std.MapSerializer.serialize(MapSerializer.java:34)
	at com.fasterxml.jackson.databind.ser.std.MapSerializer.serializeFields(MapSerializer.java:807)
	at com.fasterxml.jackson.databind.ser.std.MapSerializer.serializeWithoutTypeInfo(MapSerializer.java:763)
	at com.fasterxml.jackson.databind.ser.std.MapSerializer.serialize(MapSerializer.java:719)
	at com.fasterxml.jackson.databind.ser.std.MapSerializer.serialize(MapSerializer.java:34)
	at com.fasterxml.jackson.databind.ser.std.MapSerializer.serializeFields(MapSerializer.java:807)
	at com.fasterxml.jackson.databind.ser.std.MapSerializer.serializeWithoutTypeInfo(MapSerializer.java:763)
	at com.fasterxml.jackson.databind.ser.std.MapSerializer.serialize(MapSerializer.java:719)
	at com.fasterxml.jackson.databind.ser.std.MapSerializer.serialize(MapSerializer.java:34)
	at com.fasterxml.jackson.databind.ser.std.MapSerializer.serializeFields(MapSerializer.java:807)
	at com.fasterxml.jackson.databind.ser.std.MapSerializer.serializeWithoutTypeInfo(MapSerializer.java:763)
	at com.fasterxml.jackson.databind.ser.std.MapSerializer.serialize(MapSerializer.java:719)
	at com.fasterxml.jackson.databind.ser.std.MapSerializer.serialize(MapSerializer.java:34)
	at com.fasterxml.jackson.databind.ser.std.MapSerializer.serializeFields(MapSerializer.java:807)
	at com.fasterxml.jackson.databind.ser.std.MapSerializer.serializeWithoutTypeInfo(MapSerializer.java:763)
	at com.fasterxml.jackson.databind.ser.std.MapSerializer.serialize(MapSerializer.java:719)
	at com.fasterxml.jackson.databind.ser.std.MapSerializer.serialize(MapSerializer.java:34)
	at com.fasterxml.jackson.databind.ser.std.MapSerializer.serializeFields(MapSerializer.java:807)
	at com.fasterxml.jackson.databind.ser.std.MapSerializer.serializeWithoutTypeInfo(MapSerializer.java:763)
	at com.fasterxml.jackson.databind.ser.std.MapSerializer.serialize(MapSerializer.java:719)
	at com.fasterxml.jackson.databind.ser.std.MapSerializer.serialize(MapSerializer.java:34)
	at com.fasterxml.jackson.databind.ser.std.MapSerializer.serializeFields(MapSerializer.java:807)
	at com.fasterxml.jackson.databind.ser.std.MapSerializer.serializeWithoutTypeInfo(MapSerializer.java:763)
	at com.fasterxml.jackson.databind.ser.std.MapSerializer.serialize(MapSerializer.java:719)
	at com.fasterxml.jackson.databind.ser.std.MapSerializer.serialize(MapSerializer.java:34)
	at com.fasterxml.jackson.databind.ser.std.MapSerializer.serializeFields(MapSerializer.java:807)
	at com.fasterxml.jackson.databind.ser.std.MapSerializer.serializeWithoutTypeInfo(MapSerializer.java:763)
	at com.fasterxml.jackson.databind.ser.std.MapSerializer.serialize(MapSerializer.java:719)
	at com.fasterxml.jackson.databind.ser.std.MapSerializer.serialize(MapSerializer.java:34)
	at com.fasterxml.jackson.databind.ser.std.MapSerializer.serializeFields(MapSerializer.java:807)
	at com.fasterxml.jackson.databind.ser.std.MapSerializer.serializeWithoutTypeInfo(MapSerializer.java:763)
	at com.fasterxml.jackson.databind.ser.std.MapSerializer.serialize(MapSerializer.java:719)
	at com.fasterxml.jackson.databind.ser.std.MapSerializer.serialize(MapSerializer.java:34)
	at com.fasterxml.jackson.databind.ser.std.MapSerializer.serializeFields(MapSerializer.java:807)
	at com.fasterxml.jackson.databind.ser.std.MapSerializer.serializeWithoutTypeInfo(MapSerializer.java:763)
	at com.fasterxml.jackson.databind.ser.std.MapSerializer.serialize(MapSerializer.java:719)
	at com.fasterxml.jackson.databind.ser.std.MapSerializer.serialize(MapSerializer.java:34)
	at com.fasterxml.jackson.databind.ser.std.MapSerializer.serializeFields(MapSerializer.java:807)
	at com.fasterxml.jackson.databind.ser.std.MapSerializer.serializeWithoutTypeInfo(MapSerializer.java:763)
	at com.fasterxml.jackson.databind.ser.std.MapSerializer.serialize(MapSerializer.java:719)
	at com.fasterxml.jackson.databind.ser.std.MapSerializer.serialize(MapSerializer.java:34)
	at com.fasterxml.jackson.databind.ser.std.MapSerializer.serializeFields(MapSerializer.java:807)
	at com.fasterxml.jackson.databind.ser.std.MapSerializer.serializeWithoutTypeInfo(MapSerializer.java:763)
	at com.fasterxml.jackson.databind.ser.std.MapSerializer.serialize(MapSerializer.java:719)
	at com.fasterxml.jackson.databind.ser.std.MapSerializer.serialize(MapSerializer.java:34)
	at com.fasterxml.jackson.databind.ser.std.MapSerializer.serializeFields(MapSerializer.java:807)
	at com.fasterxml.jackson.databind.ser.std.MapSerializer.serializeWithoutTypeInfo(MapSerializer.java:763)
	at com.fasterxml.jackson.databind.ser.std.MapSerializer.serialize(MapSerializer.java:719)
	at com.fasterxml.jackson.databind.ser.std.MapSerializer.serialize(MapSerializer.java:34)
	at com.fasterxml.jackson.databind.ser.std.MapSerializer.serializeFields(MapSerializer.java:807)
	at com.fasterxml.jackson.databind.ser.std.MapSerializer.serializeWithoutTypeInfo(MapSerializer.java:763)
	at com.fasterxml.jackson.databind.ser.std.MapSerializer.serialize(MapSerializer.java:719)
	at com.fasterxml.jackson.databind.ser.std.MapSerializer.serialize(MapSerializer.java:34)
	at com.fasterxml.jackson.databind.ser.std.MapSerializer.serializeFields(MapSerializer.java:807)
	at com.fasterxml.jackson.databind.ser.std.MapSerializer.serializeWithoutTypeInfo(MapSerializer.java:763)
	at com.fasterxml.jackson.databind.ser.std.MapSerializer.serialize(MapSerializer.java:719)
	at com.fasterxml.jackson.databind.ser.std.MapSerializer.serialize(MapSerializer.java:34)
	at com.fasterxml.jackson.databind.ser.std.MapSerializer.serializeFields(MapSerializer.java:807)
	at com.fasterxml.jackson.databind.ser.std.MapSerializer.serializeWithoutTypeInfo(MapSerializer.java:763)
	at com.fasterxml.jackson.databind.ser.std.MapSerializer.serialize(MapSerializer.java:719)
	at com.fasterxml.jackson.databind.ser.std.MapSerializer.serialize(MapSerializer.java:34)
	at com.fasterxml.jackson.databind.ser.std.MapSerializer.serializeFields(MapSerializer.java:807)
	at com.fasterxml.jackson.databind.ser.std.MapSerializer.serializeWithoutTypeInfo(MapSerializer.java:763)
	at com.fasterxml.jackson.databind.ser.std.MapSerializer.serialize(MapSerializer.java:719)
	at com.fasterxml.jackson.databind.ser.std.MapSerializer.serialize(MapSerializer.java:34)
	at com.fasterxml.jackson.databind.ser.std.MapSerializer.serializeFields(MapSerializer.java:807)
	at com.fasterxml.jackson.databind.ser.std.MapSerializer.serializeWithoutTypeInfo(MapSerializer.java:763)
	at com.fasterxml.jackson.databind.ser.std.MapSerializer.serialize(MapSerializer.java:719)
	at com.fasterxml.jackson.databind.ser.std.MapSerializer.serialize(MapSerializer.java:34)
	at com.fasterxml.jackson.databind.ser.std.MapSerializer.serializeFields(MapSerializer.java:807)
	at com.fasterxml.jackson.databind.ser.std.MapSerializer.serializeWithoutTypeInfo(MapSerializer.java:763)
	at com.fasterxml.jackson.databind.ser.std.MapSerializer.serialize(MapSerializer.java:719)
	at com.fasterxml.jackson.databind.ser.std.MapSerializer.serialize(MapSerializer.java:34)
	at com.fasterxml.jackson.databind.ser.std.MapSerializer.serializeFields(MapSerializer.java:807)
	at com.fasterxml.jackson.databind.ser.std.MapSerializer.serializeWithoutTypeInfo(MapSerializer.java:763)
	at com.fasterxml.jackson.databind.ser.std.MapSerializer.serialize(MapSerializer.java:719)
	at com.fasterxml.jackson.databind.ser.std.MapSerializer.serialize(MapSerializer.java:34)
	at com.fasterxml.jackson.databind.ser.std.MapSerializer.serializeFields(MapSerializer.java:807)
	at com.fasterxml.jackson.databind.ser.std.MapSerializer.serializeWithoutTypeInfo(MapSerializer.java:763)
	at com.fasterxml.jackson.databind.ser.std.MapSerializer.serialize(MapSerializer.java:719)
	at com.fasterxml.jackson.databind.ser.std.MapSerializer.serialize(MapSerializer.java:34)
	at com.fasterxml.jackson.databind.ser.std.MapSerializer.serializeFields(MapSerializer.java:807)
	at com.fasterxml.jackson.databind.ser.std.MapSerializer.serializeWithoutTypeInfo(MapSerializer.java:763)
	at com.fasterxml.jackson.databind.ser.std.MapSerializer.serialize(MapSerializer.java:719)
	at com.fasterxml.jackson.databind.ser.std.MapSerializer.serialize(MapSerializer.java:34)
	at com.fasterxml.jackson.databind.ser.std.MapSerializer.serializeFields(MapSerializer.java:807)
	at com.fasterxml.jackson.databind.ser.std.MapSerializer.serializeWithoutTypeInfo(MapSerializer.java:763)
	at com.fasterxml.jackson.databind.ser.std.MapSerializer.serialize(MapSerializer.java:719)
	at com.fasterxml.jackson.databind.ser.std.MapSerializer.serialize(MapSerializer.java:34)
	at com.fasterxml.jackson.databind.ser.std.MapSerializer.serializeFields(MapSerializer.java:807)
	at com.fasterxml.jackson.databind.ser.std.MapSerializer.serializeWithoutTypeInfo(MapSerializer.java:763)
	at com.fasterxml.jackson.databind.ser.std.MapSerializer.serialize(MapSerializer.java:719)
	at com.fasterxml.jackson.databind.ser.std.MapSerializer.serialize(MapSerializer.java:34)
	at com.fasterxml.jackson.databind.ser.std.MapSerializer.serializeFields(MapSerializer.java:807)
	at com.fasterxml.jackson.databind.ser.std.MapSerializer.serializeWithoutTypeInfo(MapSerializer.java:763)
	at com.fasterxml.jackson.databind.ser.std.MapSerializer.serialize(MapSerializer.java:719)
	at com.fasterxml.jackson.databind.ser.std.MapSerializer.serialize(MapSerializer.java:34)
	at com.fasterxml.jackson.databind.ser.std.MapSerializer.serializeFields(MapSerializer.java:807)
	at com.fasterxml.jackson.databind.ser.std.MapSerializer.serializeWithoutTypeInfo(MapSerializer.java:763)
	at com.fasterxml.jackson.databind.ser.std.MapSerializer.serialize(MapSerializer.java:719)
	at com.fasterxml.jackson.databind.ser.std.MapSerializer.serialize(MapSerializer.java:34)
	at com.fasterxml.jackson.databind.ser.std.MapSerializer.serializeFields(MapSerializer.java:807)
	at com.fasterxml.jackson.databind.ser.std.MapSerializer.serializeWithoutTypeInfo(MapSerializer.java:763)
	at com.fasterxml.jackson.databind.ser.std.MapSerializer.serialize(MapSerializer.java:719)
	at com.fasterxml.jackson.databind.ser.std.MapSerializer.serialize(MapSerializer.java:34)
	at com.fasterxml.jackson.databind.ser.std.MapSerializer.serializeFields(MapSerializer.java:807)
	at com.fasterxml.jackson.databind.ser.std.MapSerializer.serializeWithoutTypeInfo(MapSerializer.java:763)
	at com.fasterxml.jackson.databind.ser.std.MapSerializer.serialize(MapSerializer.java:719)
	at com.fasterxml.jackson.databind.ser.std.MapSerializer.serialize(MapSerializer.java:34)
	at com.fasterxml.jackson.databind.ser.std.MapSerializer.serializeFields(MapSerializer.java:807)
	at com.fasterxml.jackson.databind.ser.std.MapSerializer.serializeWithoutTypeInfo(MapSerializer.java:763)
	at com.fasterxml.jackson.databind.ser.std.MapSerializer.serialize(MapSerializer.java:719)
	at com.fasterxml.jackson.databind.ser.std.MapSerializer.serialize(MapSerializer.java:34)
	at com.fasterxml.jackson.databind.ser.std.MapSerializer.serializeFields(MapSerializer.java:807)
	at com.fasterxml.jackson.databind.ser.std.MapSerializer.serializeWithoutTypeInfo(MapSerializer.java:763)
	at com.fasterxml.jackson.databind.ser.std.MapSerializer.serialize(MapSerializer.java:719)
	at com.fasterxml.jackson.databind.ser.std.MapSerializer.serialize(MapSerializer.java:34)
	at com.fasterxml.jackson.databind.ser.std.MapSerializer.serializeFields(MapSerializer.java:807)
	at com.fasterxml.jackson.databind.ser.std.MapSerializer.serializeWithoutTypeInfo(MapSerializer.java:763)
	at com.fasterxml.jackson.databind.ser.std.MapSerializer.serialize(MapSerializer.java:719)
	at com.fasterxml.jackson.databind.ser.std.MapSerializer.serialize(MapSerializer.java:34)
	at com.fasterxml.jackson.databind.ser.std.MapSerializer.serializeFields(MapSerializer.java:807)
	at com.fasterxml.jackson.databind.ser.std.MapSerializer.serializeWithoutTypeInfo(MapSerializer.java:763)
	at com.fasterxml.jackson.databind.ser.std.MapSerializer.serialize(MapSerializer.java:719)
	at com.fasterxml.jackson.databind.ser.std.MapSerializer.serialize(MapSerializer.java:34)
	at com.fasterxml.jackson.databind.ser.std.MapSerializer.serializeFields(MapSerializer.java:807)
	at com.fasterxml.jackson.databind.ser.std.MapSerializer.serializeWithoutTypeInfo(MapSerializer.java:763)
	at com.fasterxml.jackson.databind.ser.std.MapSerializer.serialize(MapSerializer.java:719)
	at com.fasterxml.jackson.databind.ser.std.MapSerializer.serialize(MapSerializer.java:34)
	at com.fasterxml.jackson.databind.ser.std.MapSerializer.serializeFields(MapSerializer.java:807)
	at com.fasterxml.jackson.databind.ser.std.MapSerializer.serializeWithoutTypeInfo(MapSerializer.java:763)
	at com.fasterxml.jackson.databind.ser.std.MapSerializer.serialize(MapSerializer.java:719)
	at com.fasterxml.jackson.databind.ser.std.MapSerializer.serialize(MapSerializer.java:34)
	at com.fasterxml.jackson.databind.ser.std.MapSerializer.serializeFields(MapSerializer.java:807)
	at com.fasterxml.jackson.databind.ser.std.MapSerializer.serializeWithoutTypeInfo(MapSerializer.java:763)
	at com.fasterxml.jackson.databind.ser.std.MapSerializer.serialize(MapSerializer.java:719)
	at com.fasterxml.jackson.databind.ser.std.MapSerializer.serialize(MapSerializer.java:34)
	at com.fasterxml.jackson.databind.ser.std.MapSerializer.serializeFields(MapSerializer.java:807)
	at com.fasterxml.jackson.databind.ser.std.MapSerializer.serializeWithoutTypeInfo(MapSerializer.java:763)
	at com.fasterxml.jackson.databind.ser.std.MapSerializer.serialize(MapSerializer.java:719)
	at com.fasterxml.jackson.databind.ser.std.MapSerializer.serialize(MapSerializer.java:34)
	at com.fasterxml.jackson.databind.ser.std.MapSerializer.serializeFields(MapSerializer.java:807)
	at com.fasterxml.jackson.databind.ser.std.MapSerializer.serializeWithoutTypeInfo(MapSerializer.java:763)
	at com.fasterxml.jackson.databind.ser.std.MapSerializer.serialize(MapSerializer.java:719)
	at com.fasterxml.jackson.databind.ser.std.MapSerializer.serialize(MapSerializer.java:34)
	at com.fasterxml.jackson.databind.ser.std.MapSerializer.serializeFields(MapSerializer.java:807)
	at com.fasterxml.jackson.databind.ser.std.MapSerializer.serializeWithoutTypeInfo(MapSerializer.java:763)
	at com.fasterxml.jackson.databind.ser.std.MapSerializer.serialize(MapSerializer.java:719)
	at com.fasterxml.jackson.databind.ser.std.MapSerializer.serialize(MapSerializer.java:34)
	at com.fasterxml.jackson.databind.ser.std.MapSerializer.serializeFields(MapSerializer.java:807)
	at com.fasterxml.jackson.databind.ser.std.MapSerializer.serializeWithoutTypeInfo(MapSerializer.java:763)
	at com.fasterxml.jackson.databind.ser.std.MapSerializer.serialize(MapSerializer.java:719)
	at com.fasterxml.jackson.databind.ser.std.MapSerializer.serialize(MapSerializer.java:34)
	at com.fasterxml.jackson.databind.ser.std.MapSerializer.serializeFields(MapSerializer.java:807)
	at com.fasterxml.jackson.databind.ser.std.MapSerializer.serializeWithoutTypeInfo(MapSerializer.java:763)
	at com.fasterxml.jackson.databind.ser.std.MapSerializer.serialize(MapSerializer.java:719)
	at com.fasterxml.jackson.databind.ser.std.MapSerializer.serialize(MapSerializer.java:34)
	at com.fasterxml.jackson.databind.ser.std.MapSerializer.serializeFields(MapSerializer.java:807)
	at com.fasterxml.jackson.databind.ser.std.MapSerializer.serializeWithoutTypeInfo(MapSerializer.java:763)
	at com.fasterxml.jackson.databind.ser.std.MapSerializer.serialize(MapSerializer.java:719)
	at com.fasterxml.jackson.databind.ser.std.MapSerializer.serialize(MapSerializer.java:34)
	at com.fasterxml.jackson.databind.ser.std.MapSerializer.serializeFields(MapSerializer.java:807)
	at com.fasterxml.jackson.databind.ser.std.MapSerializer.serializeWithoutTypeInfo(MapSerializer.java:763)
	at com.fasterxml.jackson.databind.ser.std.MapSerializer.serialize(MapSerializer.java:719)
	at com.fasterxml.jackson.databind.ser.std.MapSerializer.serialize(MapSerializer.java:34)
	at com.fasterxml.jackson.databind.ser.std.MapSerializer.serializeFields(MapSerializer.java:807)
	at com.fasterxml.jackson.databind.ser.std.MapSerializer.serializeWithoutTypeInfo(MapSerializer.java:763)
	at com.fasterxml.jackson.databind.ser.std.MapSerializer.serialize(MapSerializer.java:719)
	at com.fasterxml.jackson.databind.ser.std.MapSerializer.serialize(MapSerializer.java:34)
	at com.fasterxml.jackson.databind.ser.std.MapSerializer.serializeFields(MapSerializer.java:807)
	at com.fasterxml.jackson.databind.ser.std.MapSerializer.serializeWithoutTypeInfo(MapSerializer.java:763)
	at com.fasterxml.jackson.databind.ser.std.MapSerializer.serialize(MapSerializer.java:719)
	at com.fasterxml.jackson.databind.ser.std.MapSerializer.serialize(MapSerializer.java:34)
	at com.fasterxml.jackson.databind.ser.std.MapSerializer.serializeFields(MapSerializer.java:807)
	at com.fasterxml.jackson.databind.ser.std.MapSerializer.serializeWithoutTypeInfo(MapSerializer.java:763)
	at com.fasterxml.jackson.databind.ser.std.MapSerializer.serialize(MapSerializer.java:719)
	at com.fasterxml.jackson.databind.ser.std.MapSerializer.serialize(MapSerializer.java:34)
	at com.fasterxml.jackson.databind.ser.std.MapSerializer.serializeFields(MapSerializer.java:807)
	at com.fasterxml.jackson.databind.ser.std.MapSerializer.serializeWithoutTypeInfo(MapSerializer.java:763)
	at com.fasterxml.jackson.databind.ser.std.MapSerializer.serialize(MapSerializer.java:719)
	at com.fasterxml.jackson.databind.ser.std.MapSerializer.serialize(MapSerializer.java:34)
	at com.fasterxml.jackson.databind.ser.std.MapSerializer.serializeFields(MapSerializer.java:807)
	at com.fasterxml.jackson.databind.ser.std.MapSerializer.serializeWithoutTypeInfo(MapSerializer.java:763)
	at com.fasterxml.jackson.databind.ser.std.MapSerializer.serialize(MapSerializer.java:719)
	at com.fasterxml.jackson.databind.ser.std.MapSerializer.serialize(MapSerializer.java:34)
	at com.fasterxml.jackson.databind.ser.std.MapSerializer.serializeFields(MapSerializer.java:807)
	at com.fasterxml.jackson.databind.ser.std.MapSerializer.serializeWithoutTypeInfo(MapSerializer.java:763)
	at com.fasterxml.jackson.databind.ser.std.MapSerializer.serialize(MapSerializer.java:719)
	at com.fasterxml.jackson.databind.ser.std.MapSerializer.serialize(MapSerializer.java:34)
	at com.fasterxml.jackson.databind.ser.std.MapSerializer.serializeFields(MapSerializer.java:807)
	at com.fasterxml.jackson.databind.ser.std.MapSerializer.serializeWithoutTypeInfo(MapSerializer.java:763)
	at com.fasterxml.jackson.databind.ser.std.MapSerializer.serialize(MapSerializer.java:719)
	at com.fasterxml.jackson.databind.ser.std.MapSerializer.serialize(MapSerializer.java:34)
	at com.fasterxml.jackson.databind.ser.std.MapSerializer.serializeFields(MapSerializer.java:807)
	at com.fasterxml.jackson.databind.ser.std.MapSerializer.serializeWithoutTypeInfo(MapSerializer.java:763)
	at com.fasterxml.jackson.databind.ser.std.MapSerializer.serialize(MapSerializer.java:719)
	at com.fasterxml.jackson.databind.ser.std.MapSerializer.serialize(MapSerializer.java:34)
	at com.fasterxml.jackson.databind.ser.std.MapSerializer.serializeFields(MapSerializer.java:807)
	at com.fasterxml.jackson.databind.ser.std.MapSerializer.serializeWithoutTypeInfo(MapSerializer.java:763)
	at com.fasterxml.jackson.databind.ser.std.MapSerializer.serialize(MapSerializer.java:719)
	at com.fasterxml.jackson.databind.ser.std.MapSerializer.serialize(MapSerializer.java:34)
	at com.fasterxml.jackson.databind.ser.std.MapSerializer.serializeFields(MapSerializer.java:807)
	at com.fasterxml.jackson.databind.ser.std.MapSerializer.serializeWithoutTypeInfo(MapSerializer.java:763)
	at com.fasterxml.jackson.databind.ser.std.MapSerializer.serialize(MapSerializer.java:719)
	at com.fasterxml.jackson.databind.ser.std.MapSerializer.serialize(MapSerializer.java:34)
	at com.fasterxml.jackson.databind.ser.std.MapSerializer.serializeFields(MapSerializer.java:807)
	at com.fasterxml.jackson.databind.ser.std.MapSerializer.serializeWithoutTypeInfo(MapSerializer.java:763)
	at com.fasterxml.jackson.databind.ser.std.MapSerializer.serialize(MapSerializer.java:719)
	at com.fasterxml.jackson.databind.ser.std.MapSerializer.serialize(MapSerializer.java:34)
	at com.fasterxml.jackson.databind.ser.std.MapSerializer.serializeFields(MapSerializer.java:807)
	at com.fasterxml.jackson.databind.ser.std.MapSerializer.serializeWithoutTypeInfo(MapSerializer.java:763)
	at com.fasterxml.jackson.databind.ser.std.MapSerializer.serialize(MapSerializer.java:719)
	at com.fasterxml.jackson.databind.ser.std.MapSerializer.serialize(MapSerializer.java:34)
	at com.fasterxml.jackson.databind.ser.std.MapSerializer.serializeFields(MapSerializer.java:807)
	at com.fasterxml.jackson.databind.ser.std.MapSerializer.serializeWithoutTypeInfo(MapSerializer.java:763)
	at com.fasterxml.jackson.databind.ser.std.MapSerializer.serialize(MapSerializer.java:719)
	at com.fasterxml.jackson.databind.ser.std.MapSerializer.serialize(MapSerializer.java:34)
	at com.fasterxml.jackson.databind.ser.std.MapSerializer.serializeFields(MapSerializer.java:807)
	at com.fasterxml.jackson.databind.ser.std.MapSerializer.serializeWithoutTypeInfo(MapSerializer.java:763)
	at com.fasterxml.jackson.databind.ser.std.MapSerializer.serialize(MapSerializer.java:719)
	at com.fasterxml.jackson.databind.ser.std.MapSerializer.serialize(MapSerializer.java:34)
	at com.fasterxml.jackson.databind.ser.std.MapSerializer.serializeFields(MapSerializer.java:807)
	at com.fasterxml.jackson.databind.ser.std.MapSerializer.serializeWithoutTypeInfo(MapSerializer.java:763)
	at com.fasterxml.jackson.databind.ser.std.MapSerializer.serialize(MapSerializer.java:719)
	at com.fasterxml.jackson.databind.ser.std.MapSerializer.serialize(MapSerializer.java:34)
	at com.fasterxml.jackson.databind.ser.std.MapSerializer.serializeFields(MapSerializer.java:807)
	at com.fasterxml.jackson.databind.ser.std.MapSerializer.serializeWithoutTypeInfo(MapSerializer.java:763)
	at com.fasterxml.jackson.databind.ser.std.MapSerializer.serialize(MapSerializer.java:719)
	at com.fasterxml.jackson.databind.ser.std.MapSerializer.serialize(MapSerializer.java:34)
	at com.fasterxml.jackson.databind.ser.std.MapSerializer.serializeFields(MapSerializer.java:807)
	at com.fasterxml.jackson.databind.ser.std.MapSerializer.serializeWithoutTypeInfo(MapSerializer.java:763)
	at com.fasterxml.jackson.databind.ser.std.MapSerializer.serialize(MapSerializer.java:719)
	at com.fasterxml.jackson.databind.ser.std.MapSerializer.serialize(MapSerializer.java:34)
	at com.fasterxml.jackson.databind.ser.std.MapSerializer.serializeFields(MapSerializer.java:807)
	at com.fasterxml.jackson.databind.ser.std.MapSerializer.serializeWithoutTypeInfo(MapSerializer.java:763)
	at com.fasterxml.jackson.databind.ser.std.MapSerializer.serialize(MapSerializer.java:719)
	at com.fasterxml.jackson.databind.ser.std.MapSerializer.serialize(MapSerializer.java:34)
	at com.fasterxml.jackson.databind.ser.std.MapSerializer.serializeFields(MapSerializer.java:807)
	at com.fasterxml.jackson.databind.ser.std.MapSerializer.serializeWithoutTypeInfo(MapSerializer.java:763)
	at com.fasterxml.jackson.databind.ser.std.MapSerializer.serialize(MapSerializer.java:719)
	at com.fasterxml.jackson.databind.ser.std.MapSerializer.serialize(MapSerializer.java:34)
	at com.fasterxml.jackson.databind.ser.std.MapSerializer.serializeFields(MapSerializer.java:807)
	at com.fasterxml.jackson.databind.ser.std.MapSerializer.serializeWithoutTypeInfo(MapSerializer.java:763)
	at com.fasterxml.jackson.databind.ser.std.MapSerializer.serialize(MapSerializer.java:719)
	at com.fasterxml.jackson.databind.ser.std.MapSerializer.serialize(MapSerializer.java:34)
	at com.fasterxml.jackson.databind.ser.std.MapSerializer.serializeFields(MapSerializer.java:807)
	at com.fasterxml.jackson.databind.ser.std.MapSerializer.serializeWithoutTypeInfo(MapSerializer.java:763)
	at com.fasterxml.jackson.databind.ser.std.MapSerializer.serialize(MapSerializer.java:719)
	at com.fasterxml.jackson.databind.ser.std.MapSerializer.serialize(MapSerializer.java:34)
	at com.fasterxml.jackson.databind.ser.std.MapSerializer.serializeFields(MapSerializer.java:807)
	at com.fasterxml.jackson.databind.ser.std.MapSerializer.serializeWithoutTypeInfo(MapSerializer.java:763)
	at com.fasterxml.jackson.databind.ser.std.MapSerializer.serialize(MapSerializer.java:719)
	at com.fasterxml.jackson.databind.ser.std.MapSerializer.serialize(MapSerializer.java:34)
	at com.fasterxml.jackson.databind.ser.std.MapSerializer.serializeFields(MapSerializer.java:807)
	at com.fasterxml.jackson.databind.ser.std.MapSerializer.serializeWithoutTypeInfo(MapSerializer.java:763)
	at com.fasterxml.jackson.databind.ser.std.MapSerializer.serialize(MapSerializer.java:719)
	at com.fasterxml.jackson.databind.ser.std.MapSerializer.serialize(MapSerializer.java:34)
	at com.fasterxml.jackson.databind.ser.std.MapSerializer.serializeFields(MapSerializer.java:807)
	at com.fasterxml.jackson.databind.ser.std.MapSerializer.serializeWithoutTypeInfo(MapSerializer.java:763)
	at com.fasterxml.jackson.databind.ser.std.MapSerializer.serialize(MapSerializer.java:719)
	at com.fasterxml.jackson.databind.ser.std.MapSerializer.serialize(MapSerializer.java:34)
	at com.fasterxml.jackson.databind.ser.std.MapSerializer.serializeFields(MapSerializer.java:807)
	at com.fasterxml.jackson.databind.ser.std.MapSerializer.serializeWithoutTypeInfo(MapSerializer.java:763)
	at com.fasterxml.jackson.databind.ser.std.MapSerializer.serialize(MapSerializer.java:719)
	at com.fasterxml.jackson.databind.ser.std.MapSerializer.serialize(MapSerializer.java:34)
	at com.fasterxml.jackson.databind.ser.std.MapSerializer.serializeFields(MapSerializer.java:807)
	at com.fasterxml.jackson.databind.ser.std.MapSerializer.serializeWithoutTypeInfo(MapSerializer.java:763)
	at com.fasterxml.jackson.databind.ser.std.MapSerializer.serialize(MapSerializer.java:719)
	at com.fasterxml.jackson.databind.ser.std.MapSerializer.serialize(MapSerializer.java:34)
	at com.fasterxml.jackson.databind.ser.std.MapSerializer.serializeFields(MapSerializer.java:807)
	at com.fasterxml.jackson.databind.ser.std.MapSerializer.serializeWithoutTypeInfo(MapSerializer.java:763)
	at com.fasterxml.jackson.databind.ser.std.MapSerializer.serialize(MapSerializer.java:719)
	at com.fasterxml.jackson.databind.ser.std.MapSerializer.serialize(MapSerializer.java:34)
	at com.fasterxml.jackson.databind.ser.std.MapSerializer.serializeFields(MapSerializer.java:807)
	at com.fasterxml.jackson.databind.ser.std.MapSerializer.serializeWithoutTypeInfo(MapSerializer.java:763)
	at com.fasterxml.jackson.databind.ser.std.MapSerializer.serialize(MapSerializer.java:719)
	at com.fasterxml.jackson.databind.ser.std.MapSerializer.serialize(MapSerializer.java:34)
	at com.fasterxml.jackson.databind.ser.std.MapSerializer.serializeFields(MapSerializer.java:807)
	at com.fasterxml.jackson.databind.ser.std.MapSerializer.serializeWithoutTypeInfo(MapSerializer.java:763)
	at com.fasterxml.jackson.databind.ser.std.MapSerializer.serialize(MapSerializer.java:719)
	at com.fasterxml.jackson.databind.ser.std.MapSerializer.serialize(MapSerializer.java:34)
	at com.fasterxml.jackson.databind.ser.std.MapSerializer.serializeFields(MapSerializer.java:807)
	at com.fasterxml.jackson.databind.ser.std.MapSerializer.serializeWithoutTypeInfo(MapSerializer.java:763)
	at com.fasterxml.jackson.databind.ser.std.MapSerializer.serialize(MapSerializer.java:719)
	at com.fasterxml.jackson.databind.ser.std.MapSerializer.serialize(MapSerializer.java:34)
	at com.fasterxml.jackson.databind.ser.std.MapSerializer.serializeFields(MapSerializer.java:807)
	at com.fasterxml.jackson.databind.ser.std.MapSerializer.serializeWithoutTypeInfo(MapSerializer.java:763)
	at com.fasterxml.jackson.databind.ser.std.MapSerializer.serialize(MapSerializer.java:719)
	at com.fasterxml.jackson.databind.ser.std.MapSerializer.serialize(MapSerializer.java:34)
	at com.fasterxml.jackson.databind.ser.std.MapSerializer.serializeFields(MapSerializer.java:807)
	at com.fasterxml.jackson.databind.ser.std.MapSerializer.serializeWithoutTypeInfo(MapSerializer.java:763)
	at com.fasterxml.jackson.databind.ser.std.MapSerializer.serialize(MapSerializer.java:719)
	at com.fasterxml.jackson.databind.ser.std.MapSerializer.serialize(MapSerializer.java:34)
	at com.fasterxml.jackson.databind.ser.std.MapSerializer.serializeFields(MapSerializer.java:807)
	at com.fasterxml.jackson.databind.ser.std.MapSerializer.serializeWithoutTypeInfo(MapSerializer.java:763)
	at com.fasterxml.jackson.databind.ser.std.MapSerializer.serialize(MapSerializer.java:719)
	at com.fasterxml.jackson.databind.ser.std.MapSerializer.serialize(MapSerializer.java:34)
	at com.fasterxml.jackson.databind.ser.std.MapSerializer.serializeFields(MapSerializer.java:807)
	at com.fasterxml.jackson.databind.ser.std.MapSerializer.serializeWithoutTypeInfo(MapSerializer.java:763)
	at com.fasterxml.jackson.databind.ser.std.MapSerializer.serialize(MapSerializer.java:719)
	at com.fasterxml.jackson.databind.ser.std.MapSerializer.serialize(MapSerializer.java:34)
	at com.fasterxml.jackson.databind.ser.std.MapSerializer.serializeFields(MapSerializer.java:807)
	at com.fasterxml.jackson.databind.ser.std.MapSerializer.serializeWithoutTypeInfo(MapSerializer.java:763)
	at com.fasterxml.jackson.databind.ser.std.MapSerializer.serialize(MapSerializer.java:719)
	at com.fasterxml.jackson.databind.ser.std.MapSerializer.serialize(MapSerializer.java:34)
	at com.fasterxml.jackson.databind.ser.std.MapSerializer.serializeFields(MapSerializer.java:807)
	at com.fasterxml.jackson.databind.ser.std.MapSerializer.serializeWithoutTypeInfo(MapSerializer.java:763)
	at com.fasterxml.jackson.databind.ser.std.MapSerializer.serialize(MapSerializer.java:719)
	at com.fasterxml.jackson.databind.ser.std.MapSerializer.serialize(MapSerializer.java:34)
	at com.fasterxml.jackson.databind.ser.std.MapSerializer.serializeFields(MapSerializer.java:807)
	at com.fasterxml.jackson.databind.ser.std.MapSerializer.serializeWithoutTypeInfo(MapSerializer.java:763)
	at com.fasterxml.jackson.databind.ser.std.MapSerializer.serialize(MapSerializer.java:719)
	at com.fasterxml.jackson.databind.ser.std.MapSerializer.serialize(MapSerializer.java:34)
	at com.fasterxml.jackson.databind.ser.std.MapSerializer.serializeFields(MapSerializer.java:807)
	at com.fasterxml.jackson.databind.ser.std.MapSerializer.serializeWithoutTypeInfo(MapSerializer.java:763)
	at com.fasterxml.jackson.databind.ser.std.MapSerializer.serialize(MapSerializer.java:719)
	at com.fasterxml.jackson.databind.ser.std.MapSerializer.serialize(MapSerializer.java:34)
	at com.fasterxml.jackson.databind.ser.std.MapSerializer.serializeFields(MapSerializer.java:807)
	at com.fasterxml.jackson.databind.ser.std.MapSerializer.serializeWithoutTypeInfo(MapSerializer.java:763)
	at com.fasterxml.jackson.databind.ser.std.MapSerializer.serialize(MapSerializer.java:719)
	at com.fasterxml.jackson.databind.ser.std.MapSerializer.serialize(MapSerializer.java:34)
	at com.fasterxml.jackson.databind.ser.std.MapSerializer.serializeFields(MapSerializer.java:807)
	at com.fasterxml.jackson.databind.ser.std.MapSerializer.serializeWithoutTypeInfo(MapSerializer.java:763)
	at com.fasterxml.jackson.databind.ser.std.MapSerializer.serialize(MapSerializer.java:719)
	at com.fasterxml.jackson.databind.ser.std.MapSerializer.serialize(MapSerializer.java:34)
	at com.fasterxml.jackson.databind.ser.std.MapSerializer.serializeFields(MapSerializer.java:807)
	at com.fasterxml.jackson.databind.ser.std.MapSerializer.serializeWithoutTypeInfo(MapSerializer.java:763)
	at com.fasterxml.jackson.databind.ser.std.MapSerializer.serialize(MapSerializer.java:719)
	at com.fasterxml.jackson.databind.ser.std.MapSerializer.serialize(MapSerializer.java:34)
	at com.fasterxml.jackson.databind.ser.std.MapSerializer.serializeFields(MapSerializer.java:807)
	at com.fasterxml.jackson.databind.ser.std.MapSerializer.serializeWithoutTypeInfo(MapSerializer.java:763)
	at com.fasterxml.jackson.databind.ser.std.MapSerializer.serialize(MapSerializer.java:719)
	at com.fasterxml.jackson.databind.ser.std.MapSerializer.serialize(MapSerializer.java:34)
	at com.fasterxml.jackson.databind.ser.std.MapSerializer.serializeFields(MapSerializer.java:807)
	at com.fasterxml.jackson.databind.ser.std.MapSerializer.serializeWithoutTypeInfo(MapSerializer.java:763)
	at com.fasterxml.jackson.databind.ser.std.MapSerializer.serialize(MapSerializer.java:719)
	at com.fasterxml.jackson.databind.ser.std.MapSerializer.serialize(MapSerializer.java:34)
	at com.fasterxml.jackson.databind.ser.std.MapSerializer.serializeFields(MapSerializer.java:807)
	at com.fasterxml.jackson.databind.ser.std.MapSerializer.serializeWithoutTypeInfo(MapSerializer.java:763)
	at com.fasterxml.jackson.databind.ser.std.MapSerializer.serialize(MapSerializer.java:719)
	at com.fasterxml.jackson.databind.ser.std.MapSerializer.serialize(MapSerializer.java:34)
	at com.fasterxml.jackson.databind.ser.std.MapSerializer.serializeFields(MapSerializer.java:807)
	at com.fasterxml.jackson.databind.ser.std.MapSerializer.serializeWithoutTypeInfo(MapSerializer.java:763)
	at com.fasterxml.jackson.databind.ser.std.MapSerializer.serialize(MapSerializer.java:719)
	at com.fasterxml.jackson.databind.ser.std.MapSerializer.serialize(MapSerializer.java:34)
	at com.fasterxml.jackson.databind.ser.std.MapSerializer.serializeFields(MapSerializer.java:807)
	at com.fasterxml.jackson.databind.ser.std.MapSerializer.serializeWithoutTypeInfo(MapSerializer.java:763)
	at com.fasterxml.jackson.databind.ser.std.MapSerializer.serialize(MapSerializer.java:719)
	at com.fasterxml.jackson.databind.ser.std.MapSerializer.serialize(MapSerializer.java:34)
	at com.fasterxml.jackson.databind.ser.std.MapSerializer.serializeFields(MapSerializer.java:807)
	at com.fasterxml.jackson.databind.ser.std.MapSerializer.serializeWithoutTypeInfo(MapSerializer.java:763)
	at com.fasterxml.jackson.databind.ser.std.MapSerializer.serialize(MapSerializer.java:719)
	at com.fasterxml.jackson.databind.ser.std.MapSerializer.serialize(MapSerializer.java:34)
	at com.fasterxml.jackson.databind.ser.std.MapSerializer.serializeFields(MapSerializer.java:807)
	at com.fasterxml.jackson.databind.ser.std.MapSerializer.serializeWithoutTypeInfo(MapSerializer.java:763)
	at com.fasterxml.jackson.databind.ser.std.MapSerializer.serialize(MapSerializer.java:719)
	at com.fasterxml.jackson.databind.ser.std.MapSerializer.serialize(MapSerializer.java:34)
	at com.fasterxml.jackson.databind.ser.std.MapSerializer.serializeFields(MapSerializer.java:807)
	at com.fasterxml.jackson.databind.ser.std.MapSerializer.serializeWithoutTypeInfo(MapSerializer.java:763)
	at com.fasterxml.jackson.databind.ser.std.MapSerializer.serialize(MapSerializer.java:719)
	at com.fasterxml.jackson.databind.ser.std.MapSerializer.serialize(MapSerializer.java:34)
	at com.fasterxml.jackson.databind.ser.std.MapSerializer.serializeFields(MapSerializer.java:807)
	at com.fasterxml.jackson.databind.ser.std.MapSerializer.serializeWithoutTypeInfo(MapSerializer.java:763)
	at com.fasterxml.jackson.databind.ser.std.MapSerializer.serialize(MapSerializer.java:719)
	at com.fasterxml.jackson.databind.ser.std.MapSerializer.serialize(MapSerializer.java:34)
	at com.fasterxml.jackson.databind.ser.std.MapSerializer.serializeFields(MapSerializer.java:807)
	at com.fasterxml.jackson.databind.ser.std.MapSerializer.serializeWithoutTypeInfo(MapSerializer.java:763)
	at com.fasterxml.jackson.databind.ser.std.MapSerializer.serialize(MapSerializer.java:719)
	at com.fasterxml.jackson.databind.ser.std.MapSerializer.serialize(MapSerializer.java:34)
	at com.fasterxml.jackson.databind.ser.std.MapSerializer.serializeFields(MapSerializer.java:807)
	at com.fasterxml.jackson.databind.ser.std.MapSerializer.serializeWithoutTypeInfo(MapSerializer.java:763)
	at com.fasterxml.jackson.databind.ser.std.MapSerializer.serialize(MapSerializer.java:719)
	at com.fasterxml.jackson.databind.ser.std.MapSerializer.serialize(MapSerializer.java:34)
	at com.fasterxml.jackson.databind.ser.std.MapSerializer.serializeFields(MapSerializer.java:807)
	at com.fasterxml.jackson.databind.ser.std.MapSerializer.serializeWithoutTypeInfo(MapSerializer.java:763)
	at com.fasterxml.jackson.databind.ser.std.MapSerializer.serialize(MapSerializer.java:719)
	at com.fasterxml.jackson.databind.ser.std.MapSerializer.serialize(MapSerializer.java:34)
	at com.fasterxml.jackson.databind.ser.std.MapSerializer.serializeFields(MapSerializer.java:807)
	at com.fasterxml.jackson.databind.ser.std.MapSerializer.serializeWithoutTypeInfo(MapSerializer.java:763)
	at com.fasterxml.jackson.databind.ser.std.MapSerializer.serialize(MapSerializer.java:719)
	at com.fasterxml.jackson.databind.ser.std.MapSerializer.serialize(MapSerializer.java:34)
	at com.fasterxml.jackson.databind.ser.std.MapSerializer.serializeFields(MapSerializer.java:807)
	at com.fasterxml.jackson.databind.ser.std.MapSerializer.serializeWithoutTypeInfo(MapSerializer.java:763)
	at com.fasterxml.jackson.databind.ser.std.MapSerializer.serialize(MapSerializer.java:719)
	at com.fasterxml.jackson.databind.ser.std.MapSerializer.serialize(MapSerializer.java:34)
	at com.fasterxml.jackson.databind.ser.std.MapSerializer.serializeFields(MapSerializer.java:807)
	at com.fasterxml.jackson.databind.ser.std.MapSerializer.serializeWithoutTypeInfo(MapSerializer.java:763)
	at com.fasterxml.jackson.databind.ser.std.MapSerializer.serialize(MapSerializer.java:719)
	at com.fasterxml.jackson.databind.ser.std.MapSerializer.serialize(MapSerializer.java:34)
	at com.fasterxml.jackson.databind.ser.std.MapSerializer.serializeFields(MapSerializer.java:807)
	at com.fasterxml.jackson.databind.ser.std.MapSerializer.serializeWithoutTypeInfo(MapSerializer.java:763)
	at com.fasterxml.jackson.databind.ser.std.MapSerializer.serialize(MapSerializer.java:719)
	at com.fasterxml.jackson.databind.ser.std.MapSerializer.serialize(MapSerializer.java:34)
	at com.fasterxml.jackson.databind.ser.std.MapSerializer.serializeFields(MapSerializer.java:807)
	at com.fasterxml.jackson.databind.ser.std.MapSerializer.serializeWithoutTypeInfo(MapSerializer.java:763)
	at com.fasterxml.jackson.databind.ser.std.MapSerializer.serialize(MapSerializer.java:719)
	at com.fasterxml.jackson.databind.ser.std.MapSerializer.serialize(MapSerializer.java:34)
	at com.fasterxml.jackson.databind.ser.std.MapSerializer.serializeFields(MapSerializer.java:807)
	at com.fasterxml.jackson.databind.ser.std.MapSerializer.serializeWithoutTypeInfo(MapSerializer.java:763)
	at com.fasterxml.jackson.databind.ser.std.MapSerializer.serialize(MapSerializer.java:719)
]]></system-out>
    <system-err><![CDATA[SLF4J(E): Failed toString() invocation on an object of type [java.util.HashMap]
SLF4J(E): Reported exception:
java.lang.StackOverflowError
	at java.base/java.util.AbstractMap.toString(AbstractMap.java:545)
	at java.base/java.lang.String.valueOf(String.java:4465)
	at java.base/java.lang.StringBuilder.append(StringBuilder.java:173)
	at java.base/java.util.AbstractMap.toString(AbstractMap.java:557)
	at java.base/java.lang.String.valueOf(String.java:4465)
	at java.base/java.lang.StringBuilder.append(StringBuilder.java:173)
	at java.base/java.util.AbstractMap.toString(AbstractMap.java:557)
	at java.base/java.lang.String.valueOf(String.java:4465)
	at java.base/java.lang.StringBuilder.append(StringBuilder.java:173)
	at java.base/java.util.AbstractMap.toString(AbstractMap.java:557)
	at java.base/java.lang.String.valueOf(String.java:4465)
	at java.base/java.lang.StringBuilder.append(StringBuilder.java:173)
	at java.base/java.util.AbstractMap.toString(AbstractMap.java:557)
	at java.base/java.lang.String.valueOf(String.java:4465)
	at java.base/java.lang.StringBuilder.append(StringBuilder.java:173)
	at java.base/java.util.AbstractMap.toString(AbstractMap.java:557)
	at java.base/java.lang.String.valueOf(String.java:4465)
	at java.base/java.lang.StringBuilder.append(StringBuilder.java:173)
	at java.base/java.util.AbstractMap.toString(AbstractMap.java:557)
	at java.base/java.lang.String.valueOf(String.java:4465)
	at java.base/java.lang.StringBuilder.append(StringBuilder.java:173)
	at java.base/java.util.AbstractMap.toString(AbstractMap.java:557)
	at java.base/java.lang.String.valueOf(String.java:4465)
	at java.base/java.lang.StringBuilder.append(StringBuilder.java:173)
	at java.base/java.util.AbstractMap.toString(AbstractMap.java:557)
	at java.base/java.lang.String.valueOf(String.java:4465)
	at java.base/java.lang.StringBuilder.append(StringBuilder.java:173)
	at java.base/java.util.AbstractMap.toString(AbstractMap.java:557)
	at java.base/java.lang.String.valueOf(String.java:4465)
	at java.base/java.lang.StringBuilder.append(StringBuilder.java:173)
	at java.base/java.util.AbstractMap.toString(AbstractMap.java:557)
	at java.base/java.lang.String.valueOf(String.java:4465)
	at java.base/java.lang.StringBuilder.append(StringBuilder.java:173)
	at java.base/java.util.AbstractMap.toString(AbstractMap.java:557)
	at java.base/java.lang.String.valueOf(String.java:4465)
	at java.base/java.lang.StringBuilder.append(StringBuilder.java:173)
	at java.base/java.util.AbstractMap.toString(AbstractMap.java:557)
	at java.base/java.lang.String.valueOf(String.java:4465)
	at java.base/java.lang.StringBuilder.append(StringBuilder.java:173)
	at java.base/java.util.AbstractMap.toString(AbstractMap.java:557)
	at java.base/java.lang.String.valueOf(String.java:4465)
	at java.base/java.lang.StringBuilder.append(StringBuilder.java:173)
	at java.base/java.util.AbstractMap.toString(AbstractMap.java:557)
	at java.base/java.lang.String.valueOf(String.java:4465)
	at java.base/java.lang.StringBuilder.append(StringBuilder.java:173)
	at java.base/java.util.AbstractMap.toString(AbstractMap.java:557)
	at java.base/java.lang.String.valueOf(String.java:4465)
	at java.base/java.lang.StringBuilder.append(StringBuilder.java:173)
	at java.base/java.util.AbstractMap.toString(AbstractMap.java:557)
	at java.base/java.lang.String.valueOf(String.java:4465)
	at java.base/java.lang.StringBuilder.append(StringBuilder.java:173)
	at java.base/java.util.AbstractMap.toString(AbstractMap.java:557)
	at java.base/java.lang.String.valueOf(String.java:4465)
	at java.base/java.lang.StringBuilder.append(StringBuilder.java:173)
	at java.base/java.util.AbstractMap.toString(AbstractMap.java:557)
	at java.base/java.lang.String.valueOf(String.java:4465)
	at java.base/java.lang.StringBuilder.append(StringBuilder.java:173)
	at java.base/java.util.AbstractMap.toString(AbstractMap.java:557)
	at java.base/java.lang.String.valueOf(String.java:4465)
	at java.base/java.lang.StringBuilder.append(StringBuilder.java:173)
	at java.base/java.util.AbstractMap.toString(AbstractMap.java:557)
	at java.base/java.lang.String.valueOf(String.java:4465)
	at java.base/java.lang.StringBuilder.append(StringBuilder.java:173)
	at java.base/java.util.AbstractMap.toString(AbstractMap.java:557)
	at java.base/java.lang.String.valueOf(String.java:4465)
	at java.base/java.lang.StringBuilder.append(StringBuilder.java:173)
	at java.base/java.util.AbstractMap.toString(AbstractMap.java:557)
	at java.base/java.lang.String.valueOf(String.java:4465)
	at java.base/java.lang.StringBuilder.append(StringBuilder.java:173)
	at java.base/java.util.AbstractMap.toString(AbstractMap.java:557)
	at java.base/java.lang.String.valueOf(String.java:4465)
	at java.base/java.lang.StringBuilder.append(StringBuilder.java:173)
	at java.base/java.util.AbstractMap.toString(AbstractMap.java:557)
	at java.base/java.lang.String.valueOf(String.java:4465)
	at java.base/java.lang.StringBuilder.append(StringBuilder.java:173)
	at java.base/java.util.AbstractMap.toString(AbstractMap.java:557)
	at java.base/java.lang.String.valueOf(String.java:4465)
	at java.base/java.lang.StringBuilder.append(StringBuilder.java:173)
	at java.base/java.util.AbstractMap.toString(AbstractMap.java:557)
	at java.base/java.lang.String.valueOf(String.java:4465)
	at java.base/java.lang.StringBuilder.append(StringBuilder.java:173)
	at java.base/java.util.AbstractMap.toString(AbstractMap.java:557)
	at java.base/java.lang.String.valueOf(String.java:4465)
	at java.base/java.lang.StringBuilder.append(StringBuilder.java:173)
	at java.base/java.util.AbstractMap.toString(AbstractMap.java:557)
	at java.base/java.lang.String.valueOf(String.java:4465)
	at java.base/java.lang.StringBuilder.append(StringBuilder.java:173)
	at java.base/java.util.AbstractMap.toString(AbstractMap.java:557)
	at java.base/java.lang.String.valueOf(String.java:4465)
	at java.base/java.lang.StringBuilder.append(StringBuilder.java:173)
	at java.base/java.util.AbstractMap.toString(AbstractMap.java:557)
	at java.base/java.lang.String.valueOf(String.java:4465)
	at java.base/java.lang.StringBuilder.append(StringBuilder.java:173)
	at java.base/java.util.AbstractMap.toString(AbstractMap.java:557)
	at java.base/java.lang.String.valueOf(String.java:4465)
	at java.base/java.lang.StringBuilder.append(StringBuilder.java:173)
	at java.base/java.util.AbstractMap.toString(AbstractMap.java:557)
	at java.base/java.lang.String.valueOf(String.java:4465)
	at java.base/java.lang.StringBuilder.append(StringBuilder.java:173)
	at java.base/java.util.AbstractMap.toString(AbstractMap.java:557)
	at java.base/java.lang.String.valueOf(String.java:4465)
	at java.base/java.lang.StringBuilder.append(StringBuilder.java:173)
	at java.base/java.util.AbstractMap.toString(AbstractMap.java:557)
	at java.base/java.lang.String.valueOf(String.java:4465)
	at java.base/java.lang.StringBuilder.append(StringBuilder.java:173)
	at java.base/java.util.AbstractMap.toString(AbstractMap.java:557)
	at java.base/java.lang.String.valueOf(String.java:4465)
	at java.base/java.lang.StringBuilder.append(StringBuilder.java:173)
	at java.base/java.util.AbstractMap.toString(AbstractMap.java:557)
	at java.base/java.lang.String.valueOf(String.java:4465)
	at java.base/java.lang.StringBuilder.append(StringBuilder.java:173)
	at java.base/java.util.AbstractMap.toString(AbstractMap.java:557)
	at java.base/java.lang.String.valueOf(String.java:4465)
	at java.base/java.lang.StringBuilder.append(StringBuilder.java:173)
	at java.base/java.util.AbstractMap.toString(AbstractMap.java:557)
	at java.base/java.lang.String.valueOf(String.java:4465)
	at java.base/java.lang.StringBuilder.append(StringBuilder.java:173)
	at java.base/java.util.AbstractMap.toString(AbstractMap.java:557)
	at java.base/java.lang.String.valueOf(String.java:4465)
	at java.base/java.lang.StringBuilder.append(StringBuilder.java:173)
	at java.base/java.util.AbstractMap.toString(AbstractMap.java:557)
	at java.base/java.lang.String.valueOf(String.java:4465)
	at java.base/java.lang.StringBuilder.append(StringBuilder.java:173)
	at java.base/java.util.AbstractMap.toString(AbstractMap.java:557)
	at java.base/java.lang.String.valueOf(String.java:4465)
	at java.base/java.lang.StringBuilder.append(StringBuilder.java:173)
	at java.base/java.util.AbstractMap.toString(AbstractMap.java:557)
	at java.base/java.lang.String.valueOf(String.java:4465)
	at java.base/java.lang.StringBuilder.append(StringBuilder.java:173)
	at java.base/java.util.AbstractMap.toString(AbstractMap.java:557)
	at java.base/java.lang.String.valueOf(String.java:4465)
	at java.base/java.lang.StringBuilder.append(StringBuilder.java:173)
	at java.base/java.util.AbstractMap.toString(AbstractMap.java:557)
	at java.base/java.lang.String.valueOf(String.java:4465)
	at java.base/java.lang.StringBuilder.append(StringBuilder.java:173)
	at java.base/java.util.AbstractMap.toString(AbstractMap.java:557)
	at java.base/java.lang.String.valueOf(String.java:4465)
	at java.base/java.lang.StringBuilder.append(StringBuilder.java:173)
	at java.base/java.util.AbstractMap.toString(AbstractMap.java:557)
	at java.base/java.lang.String.valueOf(String.java:4465)
	at java.base/java.lang.StringBuilder.append(StringBuilder.java:173)
	at java.base/java.util.AbstractMap.toString(AbstractMap.java:557)
	at java.base/java.lang.String.valueOf(String.java:4465)
	at java.base/java.lang.StringBuilder.append(StringBuilder.java:173)
	at java.base/java.util.AbstractMap.toString(AbstractMap.java:557)
	at java.base/java.lang.String.valueOf(String.java:4465)
	at java.base/java.lang.StringBuilder.append(StringBuilder.java:173)
	at java.base/java.util.AbstractMap.toString(AbstractMap.java:557)
	at java.base/java.lang.String.valueOf(String.java:4465)
	at java.base/java.lang.StringBuilder.append(StringBuilder.java:173)
	at java.base/java.util.AbstractMap.toString(AbstractMap.java:557)
	at java.base/java.lang.String.valueOf(String.java:4465)
	at java.base/java.lang.StringBuilder.append(StringBuilder.java:173)
	at java.base/java.util.AbstractMap.toString(AbstractMap.java:557)
	at java.base/java.lang.String.valueOf(String.java:4465)
	at java.base/java.lang.StringBuilder.append(StringBuilder.java:173)
	at java.base/java.util.AbstractMap.toString(AbstractMap.java:557)
	at java.base/java.lang.String.valueOf(String.java:4465)
	at java.base/java.lang.StringBuilder.append(StringBuilder.java:173)
	at java.base/java.util.AbstractMap.toString(AbstractMap.java:557)
	at java.base/java.lang.String.valueOf(String.java:4465)
	at java.base/java.lang.StringBuilder.append(StringBuilder.java:173)
	at java.base/java.util.AbstractMap.toString(AbstractMap.java:557)
	at java.base/java.lang.String.valueOf(String.java:4465)
	at java.base/java.lang.StringBuilder.append(StringBuilder.java:173)
	at java.base/java.util.AbstractMap.toString(AbstractMap.java:557)
	at java.base/java.lang.String.valueOf(String.java:4465)
	at java.base/java.lang.StringBuilder.append(StringBuilder.java:173)
	at java.base/java.util.AbstractMap.toString(AbstractMap.java:557)
	at java.base/java.lang.String.valueOf(String.java:4465)
	at java.base/java.lang.StringBuilder.append(StringBuilder.java:173)
	at java.base/java.util.AbstractMap.toString(AbstractMap.java:557)
	at java.base/java.lang.String.valueOf(String.java:4465)
	at java.base/java.lang.StringBuilder.append(StringBuilder.java:173)
	at java.base/java.util.AbstractMap.toString(AbstractMap.java:557)
	at java.base/java.lang.String.valueOf(String.java:4465)
	at java.base/java.lang.StringBuilder.append(StringBuilder.java:173)
	at java.base/java.util.AbstractMap.toString(AbstractMap.java:557)
	at java.base/java.lang.String.valueOf(String.java:4465)
	at java.base/java.lang.StringBuilder.append(StringBuilder.java:173)
	at java.base/java.util.AbstractMap.toString(AbstractMap.java:557)
	at java.base/java.lang.String.valueOf(String.java:4465)
	at java.base/java.lang.StringBuilder.append(StringBuilder.java:173)
	at java.base/java.util.AbstractMap.toString(AbstractMap.java:557)
	at java.base/java.lang.String.valueOf(String.java:4465)
	at java.base/java.lang.StringBuilder.append(StringBuilder.java:173)
	at java.base/java.util.AbstractMap.toString(AbstractMap.java:557)
	at java.base/java.lang.String.valueOf(String.java:4465)
	at java.base/java.lang.StringBuilder.append(StringBuilder.java:173)
	at java.base/java.util.AbstractMap.toString(AbstractMap.java:557)
	at java.base/java.lang.String.valueOf(String.java:4465)
	at java.base/java.lang.StringBuilder.append(StringBuilder.java:173)
	at java.base/java.util.AbstractMap.toString(AbstractMap.java:557)
	at java.base/java.lang.String.valueOf(String.java:4465)
	at java.base/java.lang.StringBuilder.append(StringBuilder.java:173)
	at java.base/java.util.AbstractMap.toString(AbstractMap.java:557)
	at java.base/java.lang.String.valueOf(String.java:4465)
	at java.base/java.lang.StringBuilder.append(StringBuilder.java:173)
	at java.base/java.util.AbstractMap.toString(AbstractMap.java:557)
	at java.base/java.lang.String.valueOf(String.java:4465)
	at java.base/java.lang.StringBuilder.append(StringBuilder.java:173)
	at java.base/java.util.AbstractMap.toString(AbstractMap.java:557)
	at java.base/java.lang.String.valueOf(String.java:4465)
	at java.base/java.lang.StringBuilder.append(StringBuilder.java:173)
	at java.base/java.util.AbstractMap.toString(AbstractMap.java:557)
	at java.base/java.lang.String.valueOf(String.java:4465)
	at java.base/java.lang.StringBuilder.append(StringBuilder.java:173)
	at java.base/java.util.AbstractMap.toString(AbstractMap.java:557)
	at java.base/java.lang.String.valueOf(String.java:4465)
	at java.base/java.lang.StringBuilder.append(StringBuilder.java:173)
	at java.base/java.util.AbstractMap.toString(AbstractMap.java:557)
	at java.base/java.lang.String.valueOf(String.java:4465)
	at java.base/java.lang.StringBuilder.append(StringBuilder.java:173)
	at java.base/java.util.AbstractMap.toString(AbstractMap.java:557)
	at java.base/java.lang.String.valueOf(String.java:4465)
	at java.base/java.lang.StringBuilder.append(StringBuilder.java:173)
	at java.base/java.util.AbstractMap.toString(AbstractMap.java:557)
	at java.base/java.lang.String.valueOf(String.java:4465)
	at java.base/java.lang.StringBuilder.append(StringBuilder.java:173)
	at java.base/java.util.AbstractMap.toString(AbstractMap.java:557)
	at java.base/java.lang.String.valueOf(String.java:4465)
	at java.base/java.lang.StringBuilder.append(StringBuilder.java:173)
	at java.base/java.util.AbstractMap.toString(AbstractMap.java:557)
	at java.base/java.lang.String.valueOf(String.java:4465)
	at java.base/java.lang.StringBuilder.append(StringBuilder.java:173)
	at java.base/java.util.AbstractMap.toString(AbstractMap.java:557)
	at java.base/java.lang.String.valueOf(String.java:4465)
	at java.base/java.lang.StringBuilder.append(StringBuilder.java:173)
	at java.base/java.util.AbstractMap.toString(AbstractMap.java:557)
	at java.base/java.lang.String.valueOf(String.java:4465)
	at java.base/java.lang.StringBuilder.append(StringBuilder.java:173)
	at java.base/java.util.AbstractMap.toString(AbstractMap.java:557)
	at java.base/java.lang.String.valueOf(String.java:4465)
	at java.base/java.lang.StringBuilder.append(StringBuilder.java:173)
	at java.base/java.util.AbstractMap.toString(AbstractMap.java:557)
	at java.base/java.lang.String.valueOf(String.java:4465)
	at java.base/java.lang.StringBuilder.append(StringBuilder.java:173)
	at java.base/java.util.AbstractMap.toString(AbstractMap.java:557)
	at java.base/java.lang.String.valueOf(String.java:4465)
	at java.base/java.lang.StringBuilder.append(StringBuilder.java:173)
	at java.base/java.util.AbstractMap.toString(AbstractMap.java:557)
	at java.base/java.lang.String.valueOf(String.java:4465)
	at java.base/java.lang.StringBuilder.append(StringBuilder.java:173)
	at java.base/java.util.AbstractMap.toString(AbstractMap.java:557)
	at java.base/java.lang.String.valueOf(String.java:4465)
	at java.base/java.lang.StringBuilder.append(StringBuilder.java:173)
	at java.base/java.util.AbstractMap.toString(AbstractMap.java:557)
	at java.base/java.lang.String.valueOf(String.java:4465)
	at java.base/java.lang.StringBuilder.append(StringBuilder.java:173)
	at java.base/java.util.AbstractMap.toString(AbstractMap.java:557)
	at java.base/java.lang.String.valueOf(String.java:4465)
	at java.base/java.lang.StringBuilder.append(StringBuilder.java:173)
	at java.base/java.util.AbstractMap.toString(AbstractMap.java:557)
	at java.base/java.lang.String.valueOf(String.java:4465)
	at java.base/java.lang.StringBuilder.append(StringBuilder.java:173)
	at java.base/java.util.AbstractMap.toString(AbstractMap.java:557)
	at java.base/java.lang.String.valueOf(String.java:4465)
	at java.base/java.lang.StringBuilder.append(StringBuilder.java:173)
	at java.base/java.util.AbstractMap.toString(AbstractMap.java:557)
	at java.base/java.lang.String.valueOf(String.java:4465)
	at java.base/java.lang.StringBuilder.append(StringBuilder.java:173)
	at java.base/java.util.AbstractMap.toString(AbstractMap.java:557)
	at java.base/java.lang.String.valueOf(String.java:4465)
	at java.base/java.lang.StringBuilder.append(StringBuilder.java:173)
	at java.base/java.util.AbstractMap.toString(AbstractMap.java:557)
	at java.base/java.lang.String.valueOf(String.java:4465)
	at java.base/java.lang.StringBuilder.append(StringBuilder.java:173)
	at java.base/java.util.AbstractMap.toString(AbstractMap.java:557)
	at java.base/java.lang.String.valueOf(String.java:4465)
	at java.base/java.lang.StringBuilder.append(StringBuilder.java:173)
	at java.base/java.util.AbstractMap.toString(AbstractMap.java:557)
	at java.base/java.lang.String.valueOf(String.java:4465)
	at java.base/java.lang.StringBuilder.append(StringBuilder.java:173)
	at java.base/java.util.AbstractMap.toString(AbstractMap.java:557)
	at java.base/java.lang.String.valueOf(String.java:4465)
	at java.base/java.lang.StringBuilder.append(StringBuilder.java:173)
	at java.base/java.util.AbstractMap.toString(AbstractMap.java:557)
	at java.base/java.lang.String.valueOf(String.java:4465)
	at java.base/java.lang.StringBuilder.append(StringBuilder.java:173)
	at java.base/java.util.AbstractMap.toString(AbstractMap.java:557)
	at java.base/java.lang.String.valueOf(String.java:4465)
	at java.base/java.lang.StringBuilder.append(StringBuilder.java:173)
	at java.base/java.util.AbstractMap.toString(AbstractMap.java:557)
	at java.base/java.lang.String.valueOf(String.java:4465)
	at java.base/java.lang.StringBuilder.append(StringBuilder.java:173)
	at java.base/java.util.AbstractMap.toString(AbstractMap.java:557)
	at java.base/java.lang.String.valueOf(String.java:4465)
	at java.base/java.lang.StringBuilder.append(StringBuilder.java:173)
	at java.base/java.util.AbstractMap.toString(AbstractMap.java:557)
	at java.base/java.lang.String.valueOf(String.java:4465)
	at java.base/java.lang.StringBuilder.append(StringBuilder.java:173)
	at java.base/java.util.AbstractMap.toString(AbstractMap.java:557)
	at java.base/java.lang.String.valueOf(String.java:4465)
	at java.base/java.lang.StringBuilder.append(StringBuilder.java:173)
	at java.base/java.util.AbstractMap.toString(AbstractMap.java:557)
	at java.base/java.lang.String.valueOf(String.java:4465)
	at java.base/java.lang.StringBuilder.append(StringBuilder.java:173)
	at java.base/java.util.AbstractMap.toString(AbstractMap.java:557)
	at java.base/java.lang.String.valueOf(String.java:4465)
	at java.base/java.lang.StringBuilder.append(StringBuilder.java:173)
	at java.base/java.util.AbstractMap.toString(AbstractMap.java:557)
	at java.base/java.lang.String.valueOf(String.java:4465)
	at java.base/java.lang.StringBuilder.append(StringBuilder.java:173)
	at java.base/java.util.AbstractMap.toString(AbstractMap.java:557)
	at java.base/java.lang.String.valueOf(String.java:4465)
	at java.base/java.lang.StringBuilder.append(StringBuilder.java:173)
	at java.base/java.util.AbstractMap.toString(AbstractMap.java:557)
	at java.base/java.lang.String.valueOf(String.java:4465)
	at java.base/java.lang.StringBuilder.append(StringBuilder.java:173)
	at java.base/java.util.AbstractMap.toString(AbstractMap.java:557)
	at java.base/java.lang.String.valueOf(String.java:4465)
	at java.base/java.lang.StringBuilder.append(StringBuilder.java:173)
	at java.base/java.util.AbstractMap.toString(AbstractMap.java:557)
	at java.base/java.lang.String.valueOf(String.java:4465)
	at java.base/java.lang.StringBuilder.append(StringBuilder.java:173)
	at java.base/java.util.AbstractMap.toString(AbstractMap.java:557)
	at java.base/java.lang.String.valueOf(String.java:4465)
	at java.base/java.lang.StringBuilder.append(StringBuilder.java:173)
	at java.base/java.util.AbstractMap.toString(AbstractMap.java:557)
	at java.base/java.lang.String.valueOf(String.java:4465)
	at java.base/java.lang.StringBuilder.append(StringBuilder.java:173)
	at java.base/java.util.AbstractMap.toString(AbstractMap.java:557)
	at java.base/java.lang.String.valueOf(String.java:4465)
	at java.base/java.lang.StringBuilder.append(StringBuilder.java:173)
	at java.base/java.util.AbstractMap.toString(AbstractMap.java:557)
	at java.base/java.lang.String.valueOf(String.java:4465)
	at java.base/java.lang.StringBuilder.append(StringBuilder.java:173)
	at java.base/java.util.AbstractMap.toString(AbstractMap.java:557)
	at java.base/java.lang.String.valueOf(String.java:4465)
	at java.base/java.lang.StringBuilder.append(StringBuilder.java:173)
	at java.base/java.util.AbstractMap.toString(AbstractMap.java:557)
	at java.base/java.lang.String.valueOf(String.java:4465)
	at java.base/java.lang.StringBuilder.append(StringBuilder.java:173)
	at java.base/java.util.AbstractMap.toString(AbstractMap.java:557)
	at java.base/java.lang.String.valueOf(String.java:4465)
	at java.base/java.lang.StringBuilder.append(StringBuilder.java:173)
	at java.base/java.util.AbstractMap.toString(AbstractMap.java:557)
	at java.base/java.lang.String.valueOf(String.java:4465)
	at java.base/java.lang.StringBuilder.append(StringBuilder.java:173)
	at java.base/java.util.AbstractMap.toString(AbstractMap.java:557)
	at java.base/java.lang.String.valueOf(String.java:4465)
	at java.base/java.lang.StringBuilder.append(StringBuilder.java:173)
	at java.base/java.util.AbstractMap.toString(AbstractMap.java:557)
	at java.base/java.lang.String.valueOf(String.java:4465)
	at java.base/java.lang.StringBuilder.append(StringBuilder.java:173)
	at java.base/java.util.AbstractMap.toString(AbstractMap.java:557)
	at java.base/java.lang.String.valueOf(String.java:4465)
	at java.base/java.lang.StringBuilder.append(StringBuilder.java:173)
	at java.base/java.util.AbstractMap.toString(AbstractMap.java:557)
	at java.base/java.lang.String.valueOf(String.java:4465)
	at java.base/java.lang.StringBuilder.append(StringBuilder.java:173)
	at java.base/java.util.AbstractMap.toString(AbstractMap.java:557)
	at java.base/java.lang.String.valueOf(String.java:4465)
	at java.base/java.lang.StringBuilder.append(StringBuilder.java:173)
	at java.base/java.util.AbstractMap.toString(AbstractMap.java:557)
	at java.base/java.lang.String.valueOf(String.java:4465)
	at java.base/java.lang.StringBuilder.append(StringBuilder.java:173)
	at java.base/java.util.AbstractMap.toString(AbstractMap.java:557)
	at java.base/java.lang.String.valueOf(String.java:4465)
	at java.base/java.lang.StringBuilder.append(StringBuilder.java:173)
	at java.base/java.util.AbstractMap.toString(AbstractMap.java:557)
	at java.base/java.lang.String.valueOf(String.java:4465)
	at java.base/java.lang.StringBuilder.append(StringBuilder.java:173)
	at java.base/java.util.AbstractMap.toString(AbstractMap.java:557)
	at java.base/java.lang.String.valueOf(String.java:4465)
	at java.base/java.lang.StringBuilder.append(StringBuilder.java:173)
	at java.base/java.util.AbstractMap.toString(AbstractMap.java:557)
	at java.base/java.lang.String.valueOf(String.java:4465)
	at java.base/java.lang.StringBuilder.append(StringBuilder.java:173)
	at java.base/java.util.AbstractMap.toString(AbstractMap.java:557)
	at java.base/java.lang.String.valueOf(String.java:4465)
	at java.base/java.lang.StringBuilder.append(StringBuilder.java:173)
	at java.base/java.util.AbstractMap.toString(AbstractMap.java:557)
	at java.base/java.lang.String.valueOf(String.java:4465)
	at java.base/java.lang.StringBuilder.append(StringBuilder.java:173)
	at java.base/java.util.AbstractMap.toString(AbstractMap.java:557)
	at java.base/java.lang.String.valueOf(String.java:4465)
	at java.base/java.lang.StringBuilder.append(StringBuilder.java:173)
	at java.base/java.util.AbstractMap.toString(AbstractMap.java:557)
	at java.base/java.lang.String.valueOf(String.java:4465)
	at java.base/java.lang.StringBuilder.append(StringBuilder.java:173)
	at java.base/java.util.AbstractMap.toString(AbstractMap.java:557)
	at java.base/java.lang.String.valueOf(String.java:4465)
	at java.base/java.lang.StringBuilder.append(StringBuilder.java:173)
	at java.base/java.util.AbstractMap.toString(AbstractMap.java:557)
	at java.base/java.lang.String.valueOf(String.java:4465)
	at java.base/java.lang.StringBuilder.append(StringBuilder.java:173)
	at java.base/java.util.AbstractMap.toString(AbstractMap.java:557)
	at java.base/java.lang.String.valueOf(String.java:4465)
	at java.base/java.lang.StringBuilder.append(StringBuilder.java:173)
	at java.base/java.util.AbstractMap.toString(AbstractMap.java:557)
	at java.base/java.lang.String.valueOf(String.java:4465)
	at java.base/java.lang.StringBuilder.append(StringBuilder.java:173)
	at java.base/java.util.AbstractMap.toString(AbstractMap.java:557)
	at java.base/java.lang.String.valueOf(String.java:4465)
	at java.base/java.lang.StringBuilder.append(StringBuilder.java:173)
	at java.base/java.util.AbstractMap.toString(AbstractMap.java:557)
	at java.base/java.lang.String.valueOf(String.java:4465)
	at java.base/java.lang.StringBuilder.append(StringBuilder.java:173)
	at java.base/java.util.AbstractMap.toString(AbstractMap.java:557)
	at java.base/java.lang.String.valueOf(String.java:4465)
	at java.base/java.lang.StringBuilder.append(StringBuilder.java:173)
	at java.base/java.util.AbstractMap.toString(AbstractMap.java:557)
	at java.base/java.lang.String.valueOf(String.java:4465)
	at java.base/java.lang.StringBuilder.append(StringBuilder.java:173)
	at java.base/java.util.AbstractMap.toString(AbstractMap.java:557)
	at java.base/java.lang.String.valueOf(String.java:4465)
	at java.base/java.lang.StringBuilder.append(StringBuilder.java:173)
	at java.base/java.util.AbstractMap.toString(AbstractMap.java:557)
	at java.base/java.lang.String.valueOf(String.java:4465)
	at java.base/java.lang.StringBuilder.append(StringBuilder.java:173)
	at java.base/java.util.AbstractMap.toString(AbstractMap.java:557)
	at java.base/java.lang.String.valueOf(String.java:4465)
	at java.base/java.lang.StringBuilder.append(StringBuilder.java:173)
	at java.base/java.util.AbstractMap.toString(AbstractMap.java:557)
	at java.base/java.lang.String.valueOf(String.java:4465)
	at java.base/java.lang.StringBuilder.append(StringBuilder.java:173)
	at java.base/java.util.AbstractMap.toString(AbstractMap.java:557)
	at java.base/java.lang.String.valueOf(String.java:4465)
	at java.base/java.lang.StringBuilder.append(StringBuilder.java:173)
	at java.base/java.util.AbstractMap.toString(AbstractMap.java:557)
	at java.base/java.lang.String.valueOf(String.java:4465)
	at java.base/java.lang.StringBuilder.append(StringBuilder.java:173)
	at java.base/java.util.AbstractMap.toString(AbstractMap.java:557)
	at java.base/java.lang.String.valueOf(String.java:4465)
	at java.base/java.lang.StringBuilder.append(StringBuilder.java:173)
	at java.base/java.util.AbstractMap.toString(AbstractMap.java:557)
	at java.base/java.lang.String.valueOf(String.java:4465)
	at java.base/java.lang.StringBuilder.append(StringBuilder.java:173)
	at java.base/java.util.AbstractMap.toString(AbstractMap.java:557)
	at java.base/java.lang.String.valueOf(String.java:4465)
	at java.base/java.lang.StringBuilder.append(StringBuilder.java:173)
	at java.base/java.util.AbstractMap.toString(AbstractMap.java:557)
	at java.base/java.lang.String.valueOf(String.java:4465)
	at java.base/java.lang.StringBuilder.append(StringBuilder.java:173)
	at java.base/java.util.AbstractMap.toString(AbstractMap.java:557)
	at java.base/java.lang.String.valueOf(String.java:4465)
	at java.base/java.lang.StringBuilder.append(StringBuilder.java:173)
	at java.base/java.util.AbstractMap.toString(AbstractMap.java:557)
	at java.base/java.lang.String.valueOf(String.java:4465)
	at java.base/java.lang.StringBuilder.append(StringBuilder.java:173)
	at java.base/java.util.AbstractMap.toString(AbstractMap.java:557)
	at java.base/java.lang.String.valueOf(String.java:4465)
	at java.base/java.lang.StringBuilder.append(StringBuilder.java:173)
	at java.base/java.util.AbstractMap.toString(AbstractMap.java:557)
	at java.base/java.lang.String.valueOf(String.java:4465)
	at java.base/java.lang.StringBuilder.append(StringBuilder.java:173)
	at java.base/java.util.AbstractMap.toString(AbstractMap.java:557)
	at java.base/java.lang.String.valueOf(String.java:4465)
	at java.base/java.lang.StringBuilder.append(StringBuilder.java:173)
	at java.base/java.util.AbstractMap.toString(AbstractMap.java:557)
	at java.base/java.lang.String.valueOf(String.java:4465)
	at java.base/java.lang.StringBuilder.append(StringBuilder.java:173)
	at java.base/java.util.AbstractMap.toString(AbstractMap.java:557)
	at java.base/java.lang.String.valueOf(String.java:4465)
	at java.base/java.lang.StringBuilder.append(StringBuilder.java:173)
	at java.base/java.util.AbstractMap.toString(AbstractMap.java:557)
	at java.base/java.lang.String.valueOf(String.java:4465)
	at java.base/java.lang.StringBuilder.append(StringBuilder.java:173)
	at java.base/java.util.AbstractMap.toString(AbstractMap.java:557)
	at java.base/java.lang.String.valueOf(String.java:4465)
	at java.base/java.lang.StringBuilder.append(StringBuilder.java:173)
	at java.base/java.util.AbstractMap.toString(AbstractMap.java:557)
	at java.base/java.lang.String.valueOf(String.java:4465)
	at java.base/java.lang.StringBuilder.append(StringBuilder.java:173)
	at java.base/java.util.AbstractMap.toString(AbstractMap.java:557)
	at java.base/java.lang.String.valueOf(String.java:4465)
	at java.base/java.lang.StringBuilder.append(StringBuilder.java:173)
	at java.base/java.util.AbstractMap.toString(AbstractMap.java:557)
	at java.base/java.lang.String.valueOf(String.java:4465)
	at java.base/java.lang.StringBuilder.append(StringBuilder.java:173)
	at java.base/java.util.AbstractMap.toString(AbstractMap.java:557)
	at java.base/java.lang.String.valueOf(String.java:4465)
	at java.base/java.lang.StringBuilder.append(StringBuilder.java:173)
	at java.base/java.util.AbstractMap.toString(AbstractMap.java:557)
	at java.base/java.lang.String.valueOf(String.java:4465)
	at java.base/java.lang.StringBuilder.append(StringBuilder.java:173)
	at java.base/java.util.AbstractMap.toString(AbstractMap.java:557)
	at java.base/java.lang.String.valueOf(String.java:4465)
	at java.base/java.lang.StringBuilder.append(StringBuilder.java:173)
	at java.base/java.util.AbstractMap.toString(AbstractMap.java:557)
	at java.base/java.lang.String.valueOf(String.java:4465)
	at java.base/java.lang.StringBuilder.append(StringBuilder.java:173)
	at java.base/java.util.AbstractMap.toString(AbstractMap.java:557)
	at java.base/java.lang.String.valueOf(String.java:4465)
	at java.base/java.lang.StringBuilder.append(StringBuilder.java:173)
	at java.base/java.util.AbstractMap.toString(AbstractMap.java:557)
	at java.base/java.lang.String.valueOf(String.java:4465)
	at java.base/java.lang.StringBuilder.append(StringBuilder.java:173)
	at java.base/java.util.AbstractMap.toString(AbstractMap.java:557)
	at java.base/java.lang.String.valueOf(String.java:4465)
	at java.base/java.lang.StringBuilder.append(StringBuilder.java:173)
	at java.base/java.util.AbstractMap.toString(AbstractMap.java:557)
	at java.base/java.lang.String.valueOf(String.java:4465)
	at java.base/java.lang.StringBuilder.append(StringBuilder.java:173)
	at java.base/java.util.AbstractMap.toString(AbstractMap.java:557)
	at java.base/java.lang.String.valueOf(String.java:4465)
	at java.base/java.lang.StringBuilder.append(StringBuilder.java:173)
	at java.base/java.util.AbstractMap.toString(AbstractMap.java:557)
	at java.base/java.lang.String.valueOf(String.java:4465)
	at java.base/java.lang.StringBuilder.append(StringBuilder.java:173)
	at java.base/java.util.AbstractMap.toString(AbstractMap.java:557)
	at java.base/java.lang.String.valueOf(String.java:4465)
	at java.base/java.lang.StringBuilder.append(StringBuilder.java:173)
	at java.base/java.util.AbstractMap.toString(AbstractMap.java:557)
	at java.base/java.lang.String.valueOf(String.java:4465)
	at java.base/java.lang.StringBuilder.append(StringBuilder.java:173)
	at java.base/java.util.AbstractMap.toString(AbstractMap.java:557)
	at java.base/java.lang.String.valueOf(String.java:4465)
	at java.base/java.lang.StringBuilder.append(StringBuilder.java:173)
	at java.base/java.util.AbstractMap.toString(AbstractMap.java:557)
	at java.base/java.lang.String.valueOf(String.java:4465)
	at java.base/java.lang.StringBuilder.append(StringBuilder.java:173)
	at java.base/java.util.AbstractMap.toString(AbstractMap.java:557)
	at java.base/java.lang.String.valueOf(String.java:4465)
	at java.base/java.lang.StringBuilder.append(StringBuilder.java:173)
	at java.base/java.util.AbstractMap.toString(AbstractMap.java:557)
	at java.base/java.lang.String.valueOf(String.java:4465)
	at java.base/java.lang.StringBuilder.append(StringBuilder.java:173)
	at java.base/java.util.AbstractMap.toString(AbstractMap.java:557)
	at java.base/java.lang.String.valueOf(String.java:4465)
	at java.base/java.lang.StringBuilder.append(StringBuilder.java:173)
	at java.base/java.util.AbstractMap.toString(AbstractMap.java:557)
	at java.base/java.lang.String.valueOf(String.java:4465)
	at java.base/java.lang.StringBuilder.append(StringBuilder.java:173)
	at java.base/java.util.AbstractMap.toString(AbstractMap.java:557)
	at java.base/java.lang.String.valueOf(String.java:4465)
	at java.base/java.lang.StringBuilder.append(StringBuilder.java:173)
	at java.base/java.util.AbstractMap.toString(AbstractMap.java:557)
	at java.base/java.lang.String.valueOf(String.java:4465)
	at java.base/java.lang.StringBuilder.append(StringBuilder.java:173)
	at java.base/java.util.AbstractMap.toString(AbstractMap.java:557)
	at java.base/java.lang.String.valueOf(String.java:4465)
	at java.base/java.lang.StringBuilder.append(StringBuilder.java:173)
	at java.base/java.util.AbstractMap.toString(AbstractMap.java:557)
	at java.base/java.lang.String.valueOf(String.java:4465)
	at java.base/java.lang.StringBuilder.append(StringBuilder.java:173)
	at java.base/java.util.AbstractMap.toString(AbstractMap.java:557)
	at java.base/java.lang.String.valueOf(String.java:4465)
	at java.base/java.lang.StringBuilder.append(StringBuilder.java:173)
	at java.base/java.util.AbstractMap.toString(AbstractMap.java:557)
	at java.base/java.lang.String.valueOf(String.java:4465)
	at java.base/java.lang.StringBuilder.append(StringBuilder.java:173)
	at java.base/java.util.AbstractMap.toString(AbstractMap.java:557)
	at java.base/java.lang.String.valueOf(String.java:4465)
	at java.base/java.lang.StringBuilder.append(StringBuilder.java:173)
	at java.base/java.util.AbstractMap.toString(AbstractMap.java:557)
	at java.base/java.lang.String.valueOf(String.java:4465)
	at java.base/java.lang.StringBuilder.append(StringBuilder.java:173)
	at java.base/java.util.AbstractMap.toString(AbstractMap.java:557)
	at java.base/java.lang.String.valueOf(String.java:4465)
	at java.base/java.lang.StringBuilder.append(StringBuilder.java:173)
	at java.base/java.util.AbstractMap.toString(AbstractMap.java:557)
	at java.base/java.lang.String.valueOf(String.java:4465)
	at java.base/java.lang.StringBuilder.append(StringBuilder.java:173)
	at java.base/java.util.AbstractMap.toString(AbstractMap.java:557)
	at java.base/java.lang.String.valueOf(String.java:4465)
	at java.base/java.lang.StringBuilder.append(StringBuilder.java:173)
	at java.base/java.util.AbstractMap.toString(AbstractMap.java:557)
	at java.base/java.lang.String.valueOf(String.java:4465)
	at java.base/java.lang.StringBuilder.append(StringBuilder.java:173)
	at java.base/java.util.AbstractMap.toString(AbstractMap.java:557)
	at java.base/java.lang.String.valueOf(String.java:4465)
	at java.base/java.lang.StringBuilder.append(StringBuilder.java:173)
	at java.base/java.util.AbstractMap.toString(AbstractMap.java:557)
	at java.base/java.lang.String.valueOf(String.java:4465)
	at java.base/java.lang.StringBuilder.append(StringBuilder.java:173)
	at java.base/java.util.AbstractMap.toString(AbstractMap.java:557)
	at java.base/java.lang.String.valueOf(String.java:4465)
	at java.base/java.lang.StringBuilder.append(StringBuilder.java:173)
	at java.base/java.util.AbstractMap.toString(AbstractMap.java:557)
	at java.base/java.lang.String.valueOf(String.java:4465)
	at java.base/java.lang.StringBuilder.append(StringBuilder.java:173)
	at java.base/java.util.AbstractMap.toString(AbstractMap.java:557)
	at java.base/java.lang.String.valueOf(String.java:4465)
	at java.base/java.lang.StringBuilder.append(StringBuilder.java:173)
	at java.base/java.util.AbstractMap.toString(AbstractMap.java:557)
	at java.base/java.lang.String.valueOf(String.java:4465)
	at java.base/java.lang.StringBuilder.append(StringBuilder.java:173)
	at java.base/java.util.AbstractMap.toString(AbstractMap.java:557)
	at java.base/java.lang.String.valueOf(String.java:4465)
	at java.base/java.lang.StringBuilder.append(StringBuilder.java:173)
	at java.base/java.util.AbstractMap.toString(AbstractMap.java:557)
	at java.base/java.lang.String.valueOf(String.java:4465)
	at java.base/java.lang.StringBuilder.append(StringBuilder.java:173)
	at java.base/java.util.AbstractMap.toString(AbstractMap.java:557)
	at java.base/java.lang.String.valueOf(String.java:4465)
	at java.base/java.lang.StringBuilder.append(StringBuilder.java:173)
	at java.base/java.util.AbstractMap.toString(AbstractMap.java:557)
	at java.base/java.lang.String.valueOf(String.java:4465)
	at java.base/java.lang.StringBuilder.append(StringBuilder.java:173)
	at java.base/java.util.AbstractMap.toString(AbstractMap.java:557)
	at java.base/java.lang.String.valueOf(String.java:4465)
	at java.base/java.lang.StringBuilder.append(StringBuilder.java:173)
	at java.base/java.util.AbstractMap.toString(AbstractMap.java:557)
	at java.base/java.lang.String.valueOf(String.java:4465)
	at java.base/java.lang.StringBuilder.append(StringBuilder.java:173)
	at java.base/java.util.AbstractMap.toString(AbstractMap.java:557)
	at java.base/java.lang.String.valueOf(String.java:4465)
	at java.base/java.lang.StringBuilder.append(StringBuilder.java:173)
	at java.base/java.util.AbstractMap.toString(AbstractMap.java:557)
	at java.base/java.lang.String.valueOf(String.java:4465)
	at java.base/java.lang.StringBuilder.append(StringBuilder.java:173)
	at java.base/java.util.AbstractMap.toString(AbstractMap.java:557)
	at java.base/java.lang.String.valueOf(String.java:4465)
	at java.base/java.lang.StringBuilder.append(StringBuilder.java:173)
	at java.base/java.util.AbstractMap.toString(AbstractMap.java:557)
	at java.base/java.lang.String.valueOf(String.java:4465)
	at java.base/java.lang.StringBuilder.append(StringBuilder.java:173)
	at java.base/java.util.AbstractMap.toString(AbstractMap.java:557)
	at java.base/java.lang.String.valueOf(String.java:4465)
	at java.base/java.lang.StringBuilder.append(StringBuilder.java:173)
	at java.base/java.util.AbstractMap.toString(AbstractMap.java:557)
	at java.base/java.lang.String.valueOf(String.java:4465)
	at java.base/java.lang.StringBuilder.append(StringBuilder.java:173)
	at java.base/java.util.AbstractMap.toString(AbstractMap.java:557)
	at java.base/java.lang.String.valueOf(String.java:4465)
	at java.base/java.lang.StringBuilder.append(StringBuilder.java:173)
	at java.base/java.util.AbstractMap.toString(AbstractMap.java:557)
	at java.base/java.lang.String.valueOf(String.java:4465)
	at java.base/java.lang.StringBuilder.append(StringBuilder.java:173)
	at java.base/java.util.AbstractMap.toString(AbstractMap.java:557)
	at java.base/java.lang.String.valueOf(String.java:4465)
	at java.base/java.lang.StringBuilder.append(StringBuilder.java:173)
	at java.base/java.util.AbstractMap.toString(AbstractMap.java:557)
	at java.base/java.lang.String.valueOf(String.java:4465)
	at java.base/java.lang.StringBuilder.append(StringBuilder.java:173)
	at java.base/java.util.AbstractMap.toString(AbstractMap.java:557)
	at java.base/java.lang.String.valueOf(String.java:4465)
	at java.base/java.lang.StringBuilder.append(StringBuilder.java:173)
	at java.base/java.util.AbstractMap.toString(AbstractMap.java:557)
	at java.base/java.lang.String.valueOf(String.java:4465)
	at java.base/java.lang.StringBuilder.append(StringBuilder.java:173)
	at java.base/java.util.AbstractMap.toString(AbstractMap.java:557)
	at java.base/java.lang.String.valueOf(String.java:4465)
	at java.base/java.lang.StringBuilder.append(StringBuilder.java:173)
	at java.base/java.util.AbstractMap.toString(AbstractMap.java:557)
	at java.base/java.lang.String.valueOf(String.java:4465)
	at java.base/java.lang.StringBuilder.append(StringBuilder.java:173)
	at java.base/java.util.AbstractMap.toString(AbstractMap.java:557)
	at java.base/java.lang.String.valueOf(String.java:4465)
	at java.base/java.lang.StringBuilder.append(StringBuilder.java:173)
	at java.base/java.util.AbstractMap.toString(AbstractMap.java:557)
	at java.base/java.lang.String.valueOf(String.java:4465)
	at java.base/java.lang.StringBuilder.append(StringBuilder.java:173)
	at java.base/java.util.AbstractMap.toString(AbstractMap.java:557)
	at java.base/java.lang.String.valueOf(String.java:4465)
	at java.base/java.lang.StringBuilder.append(StringBuilder.java:173)
	at java.base/java.util.AbstractMap.toString(AbstractMap.java:557)
	at java.base/java.lang.String.valueOf(String.java:4465)
	at java.base/java.lang.StringBuilder.append(StringBuilder.java:173)
	at java.base/java.util.AbstractMap.toString(AbstractMap.java:557)
	at java.base/java.lang.String.valueOf(String.java:4465)
	at java.base/java.lang.StringBuilder.append(StringBuilder.java:173)
	at java.base/java.util.AbstractMap.toString(AbstractMap.java:557)
	at java.base/java.lang.String.valueOf(String.java:4465)
	at java.base/java.lang.StringBuilder.append(StringBuilder.java:173)
	at java.base/java.util.AbstractMap.toString(AbstractMap.java:557)
	at java.base/java.lang.String.valueOf(String.java:4465)
	at java.base/java.lang.StringBuilder.append(StringBuilder.java:173)
	at java.base/java.util.AbstractMap.toString(AbstractMap.java:557)
	at java.base/java.lang.String.valueOf(String.java:4465)
	at java.base/java.lang.StringBuilder.append(StringBuilder.java:173)
	at java.base/java.util.AbstractMap.toString(AbstractMap.java:557)
	at java.base/java.lang.String.valueOf(String.java:4465)
	at java.base/java.lang.StringBuilder.append(StringBuilder.java:173)
	at java.base/java.util.AbstractMap.toString(AbstractMap.java:557)
	at java.base/java.lang.String.valueOf(String.java:4465)
	at java.base/java.lang.StringBuilder.append(StringBuilder.java:173)
	at java.base/java.util.AbstractMap.toString(AbstractMap.java:557)
	at java.base/java.lang.String.valueOf(String.java:4465)
	at java.base/java.lang.StringBuilder.append(StringBuilder.java:173)
	at java.base/java.util.AbstractMap.toString(AbstractMap.java:557)
	at java.base/java.lang.String.valueOf(String.java:4465)
	at java.base/java.lang.StringBuilder.append(StringBuilder.java:173)
	at java.base/java.util.AbstractMap.toString(AbstractMap.java:557)
	at java.base/java.lang.String.valueOf(String.java:4465)
	at java.base/java.lang.StringBuilder.append(StringBuilder.java:173)
	at java.base/java.util.AbstractMap.toString(AbstractMap.java:557)
	at java.base/java.lang.String.valueOf(String.java:4465)
	at java.base/java.lang.StringBuilder.append(StringBuilder.java:173)
	at java.base/java.util.AbstractMap.toString(AbstractMap.java:557)
	at java.base/java.lang.String.valueOf(String.java:4465)
	at java.base/java.lang.StringBuilder.append(StringBuilder.java:173)
	at java.base/java.util.AbstractMap.toString(AbstractMap.java:557)
	at java.base/java.lang.String.valueOf(String.java:4465)
	at java.base/java.lang.StringBuilder.append(StringBuilder.java:173)
	at java.base/java.util.AbstractMap.toString(AbstractMap.java:557)
	at java.base/java.lang.String.valueOf(String.java:4465)
	at java.base/java.lang.StringBuilder.append(StringBuilder.java:173)
	at java.base/java.util.AbstractMap.toString(AbstractMap.java:557)
	at java.base/java.lang.String.valueOf(String.java:4465)
	at java.base/java.lang.StringBuilder.append(StringBuilder.java:173)
	at java.base/java.util.AbstractMap.toString(AbstractMap.java:557)
	at java.base/java.lang.String.valueOf(String.java:4465)
	at java.base/java.lang.StringBuilder.append(StringBuilder.java:173)
	at java.base/java.util.AbstractMap.toString(AbstractMap.java:557)
	at java.base/java.lang.String.valueOf(String.java:4465)
	at java.base/java.lang.StringBuilder.append(StringBuilder.java:173)
	at java.base/java.util.AbstractMap.toString(AbstractMap.java:557)
	at java.base/java.lang.String.valueOf(String.java:4465)
	at java.base/java.lang.StringBuilder.append(StringBuilder.java:173)
	at java.base/java.util.AbstractMap.toString(AbstractMap.java:557)
	at java.base/java.lang.String.valueOf(String.java:4465)
	at java.base/java.lang.StringBuilder.append(StringBuilder.java:173)
	at java.base/java.util.AbstractMap.toString(AbstractMap.java:557)
	at java.base/java.lang.String.valueOf(String.java:4465)
	at java.base/java.lang.StringBuilder.append(StringBuilder.java:173)
	at java.base/java.util.AbstractMap.toString(AbstractMap.java:557)
	at java.base/java.lang.String.valueOf(String.java:4465)
	at java.base/java.lang.StringBuilder.append(StringBuilder.java:173)
	at java.base/java.util.AbstractMap.toString(AbstractMap.java:557)
	at java.base/java.lang.String.valueOf(String.java:4465)
	at java.base/java.lang.StringBuilder.append(StringBuilder.java:173)
	at java.base/java.util.AbstractMap.toString(AbstractMap.java:557)
	at java.base/java.lang.String.valueOf(String.java:4465)
	at java.base/java.lang.StringBuilder.append(StringBuilder.java:173)
	at java.base/java.util.AbstractMap.toString(AbstractMap.java:557)
	at java.base/java.lang.String.valueOf(String.java:4465)
	at java.base/java.lang.StringBuilder.append(StringBuilder.java:173)
	at java.base/java.util.AbstractMap.toString(AbstractMap.java:557)
	at java.base/java.lang.String.valueOf(String.java:4465)
	at java.base/java.lang.StringBuilder.append(StringBuilder.java:173)
	at java.base/java.util.AbstractMap.toString(AbstractMap.java:557)
	at java.base/java.lang.String.valueOf(String.java:4465)
	at java.base/java.lang.StringBuilder.append(StringBuilder.java:173)
	at java.base/java.util.AbstractMap.toString(AbstractMap.java:557)
	at java.base/java.lang.String.valueOf(String.java:4465)
	at java.base/java.lang.StringBuilder.append(StringBuilder.java:173)
	at java.base/java.util.AbstractMap.toString(AbstractMap.java:557)
	at java.base/java.lang.String.valueOf(String.java:4465)
	at java.base/java.lang.StringBuilder.append(StringBuilder.java:173)
	at java.base/java.util.AbstractMap.toString(AbstractMap.java:557)
	at java.base/java.lang.String.valueOf(String.java:4465)
	at java.base/java.lang.StringBuilder.append(StringBuilder.java:173)
	at java.base/java.util.AbstractMap.toString(AbstractMap.java:557)
	at java.base/java.lang.String.valueOf(String.java:4465)
	at java.base/java.lang.StringBuilder.append(StringBuilder.java:173)
	at java.base/java.util.AbstractMap.toString(AbstractMap.java:557)
	at java.base/java.lang.String.valueOf(String.java:4465)
	at java.base/java.lang.StringBuilder.append(StringBuilder.java:173)
	at java.base/java.util.AbstractMap.toString(AbstractMap.java:557)
	at java.base/java.lang.String.valueOf(String.java:4465)
	at java.base/java.lang.StringBuilder.append(StringBuilder.java:173)
	at java.base/java.util.AbstractMap.toString(AbstractMap.java:557)
	at java.base/java.lang.String.valueOf(String.java:4465)
	at java.base/java.lang.StringBuilder.append(StringBuilder.java:173)
	at java.base/java.util.AbstractMap.toString(AbstractMap.java:557)
	at java.base/java.lang.String.valueOf(String.java:4465)
	at java.base/java.lang.StringBuilder.append(StringBuilder.java:173)
	at java.base/java.util.AbstractMap.toString(AbstractMap.java:557)
	at java.base/java.lang.String.valueOf(String.java:4465)
	at java.base/java.lang.StringBuilder.append(StringBuilder.java:173)
	at java.base/java.util.AbstractMap.toString(AbstractMap.java:557)
	at java.base/java.lang.String.valueOf(String.java:4465)
	at java.base/java.lang.StringBuilder.append(StringBuilder.java:173)
	at java.base/java.util.AbstractMap.toString(AbstractMap.java:557)
	at java.base/java.lang.String.valueOf(String.java:4465)
	at java.base/java.lang.StringBuilder.append(StringBuilder.java:173)
	at java.base/java.util.AbstractMap.toString(AbstractMap.java:557)
	at java.base/java.lang.String.valueOf(String.java:4465)
	at java.base/java.lang.StringBuilder.append(StringBuilder.java:173)
	at java.base/java.util.AbstractMap.toString(AbstractMap.java:557)
	at java.base/java.lang.String.valueOf(String.java:4465)
	at java.base/java.lang.StringBuilder.append(StringBuilder.java:173)
	at java.base/java.util.AbstractMap.toString(AbstractMap.java:557)
	at java.base/java.lang.String.valueOf(String.java:4465)
	at java.base/java.lang.StringBuilder.append(StringBuilder.java:173)
	at java.base/java.util.AbstractMap.toString(AbstractMap.java:557)
	at java.base/java.lang.String.valueOf(String.java:4465)
	at java.base/java.lang.StringBuilder.append(StringBuilder.java:173)
	at java.base/java.util.AbstractMap.toString(AbstractMap.java:557)
	at java.base/java.lang.String.valueOf(String.java:4465)
	at java.base/java.lang.StringBuilder.append(StringBuilder.java:173)
	at java.base/java.util.AbstractMap.toString(AbstractMap.java:557)
	at java.base/java.lang.String.valueOf(String.java:4465)
	at java.base/java.lang.StringBuilder.append(StringBuilder.java:173)
	at java.base/java.util.AbstractMap.toString(AbstractMap.java:557)
	at java.base/java.lang.String.valueOf(String.java:4465)
	at java.base/java.lang.StringBuilder.append(StringBuilder.java:173)
	at java.base/java.util.AbstractMap.toString(AbstractMap.java:557)
	at java.base/java.lang.String.valueOf(String.java:4465)
	at java.base/java.lang.StringBuilder.append(StringBuilder.java:173)
	at java.base/java.util.AbstractMap.toString(AbstractMap.java:557)
	at java.base/java.lang.String.valueOf(String.java:4465)
	at java.base/java.lang.StringBuilder.append(StringBuilder.java:173)
	at java.base/java.util.AbstractMap.toString(AbstractMap.java:557)
	at java.base/java.lang.String.valueOf(String.java:4465)
	at java.base/java.lang.StringBuilder.append(StringBuilder.java:173)
	at java.base/java.util.AbstractMap.toString(AbstractMap.java:557)
	at java.base/java.lang.String.valueOf(String.java:4465)
	at java.base/java.lang.StringBuilder.append(StringBuilder.java:173)
	at java.base/java.util.AbstractMap.toString(AbstractMap.java:557)
	at java.base/java.lang.String.valueOf(String.java:4465)
	at java.base/java.lang.StringBuilder.append(StringBuilder.java:173)
	at java.base/java.util.AbstractMap.toString(AbstractMap.java:557)
	at java.base/java.lang.String.valueOf(String.java:4465)
	at java.base/java.lang.StringBuilder.append(StringBuilder.java:173)
	at java.base/java.util.AbstractMap.toString(AbstractMap.java:557)
	at java.base/java.lang.String.valueOf(String.java:4465)
	at java.base/java.lang.StringBuilder.append(StringBuilder.java:173)
	at java.base/java.util.AbstractMap.toString(AbstractMap.java:557)
	at java.base/java.lang.String.valueOf(String.java:4465)
	at java.base/java.lang.StringBuilder.append(StringBuilder.java:173)
	at java.base/java.util.AbstractMap.toString(AbstractMap.java:557)
	at java.base/java.lang.String.valueOf(String.java:4465)
	at java.base/java.lang.StringBuilder.append(StringBuilder.java:173)
	at java.base/java.util.AbstractMap.toString(AbstractMap.java:557)
	at java.base/java.lang.String.valueOf(String.java:4465)
	at java.base/java.lang.StringBuilder.append(StringBuilder.java:173)
	at java.base/java.util.AbstractMap.toString(AbstractMap.java:557)
	at java.base/java.lang.String.valueOf(String.java:4465)
	at java.base/java.lang.StringBuilder.append(StringBuilder.java:173)
	at java.base/java.util.AbstractMap.toString(AbstractMap.java:557)
	at java.base/java.lang.String.valueOf(String.java:4465)
	at java.base/java.lang.StringBuilder.append(StringBuilder.java:173)
	at java.base/java.util.AbstractMap.toString(AbstractMap.java:557)
	at java.base/java.lang.String.valueOf(String.java:4465)
	at java.base/java.lang.StringBuilder.append(StringBuilder.java:173)
	at java.base/java.util.AbstractMap.toString(AbstractMap.java:557)
	at java.base/java.lang.String.valueOf(String.java:4465)
	at java.base/java.lang.StringBuilder.append(StringBuilder.java:173)
	at java.base/java.util.AbstractMap.toString(AbstractMap.java:557)
	at java.base/java.lang.String.valueOf(String.java:4465)
	at java.base/java.lang.StringBuilder.append(StringBuilder.java:173)
	at java.base/java.util.AbstractMap.toString(AbstractMap.java:557)
	at java.base/java.lang.String.valueOf(String.java:4465)
	at java.base/java.lang.StringBuilder.append(StringBuilder.java:173)
	at java.base/java.util.AbstractMap.toString(AbstractMap.java:557)
	at java.base/java.lang.String.valueOf(String.java:4465)
	at java.base/java.lang.StringBuilder.append(StringBuilder.java:173)
	at java.base/java.util.AbstractMap.toString(AbstractMap.java:557)
	at java.base/java.lang.String.valueOf(String.java:4465)
	at java.base/java.lang.StringBuilder.append(StringBuilder.java:173)
	at java.base/java.util.AbstractMap.toString(AbstractMap.java:557)
	at java.base/java.lang.String.valueOf(String.java:4465)
	at java.base/java.lang.StringBuilder.append(StringBuilder.java:173)
	at java.base/java.util.AbstractMap.toString(AbstractMap.java:557)
	at java.base/java.lang.String.valueOf(String.java:4465)
	at java.base/java.lang.StringBuilder.append(StringBuilder.java:173)
	at java.base/java.util.AbstractMap.toString(AbstractMap.java:557)
	at java.base/java.lang.String.valueOf(String.java:4465)
	at java.base/java.lang.StringBuilder.append(StringBuilder.java:173)
	at java.base/java.util.AbstractMap.toString(AbstractMap.java:557)
	at java.base/java.lang.String.valueOf(String.java:4465)
	at java.base/java.lang.StringBuilder.append(StringBuilder.java:173)
	at java.base/java.util.AbstractMap.toString(AbstractMap.java:557)
	at java.base/java.lang.String.valueOf(String.java:4465)
	at java.base/java.lang.StringBuilder.append(StringBuilder.java:173)
	at java.base/java.util.AbstractMap.toString(AbstractMap.java:557)
	at java.base/java.lang.String.valueOf(String.java:4465)
	at java.base/java.lang.StringBuilder.append(StringBuilder.java:173)
	at java.base/java.util.AbstractMap.toString(AbstractMap.java:557)
	at java.base/java.lang.String.valueOf(String.java:4465)
	at java.base/java.lang.StringBuilder.append(StringBuilder.java:173)
	at java.base/java.util.AbstractMap.toString(AbstractMap.java:557)
	at java.base/java.lang.String.valueOf(String.java:4465)
	at java.base/java.lang.StringBuilder.append(StringBuilder.java:173)
	at java.base/java.util.AbstractMap.toString(AbstractMap.java:557)
	at java.base/java.lang.String.valueOf(String.java:4465)
	at java.base/java.lang.StringBuilder.append(StringBuilder.java:173)
	at java.base/java.util.AbstractMap.toString(AbstractMap.java:557)
	at java.base/java.lang.String.valueOf(String.java:4465)
	at java.base/java.lang.StringBuilder.append(StringBuilder.java:173)
	at java.base/java.util.AbstractMap.toString(AbstractMap.java:557)
	at java.base/java.lang.String.valueOf(String.java:4465)
	at java.base/java.lang.StringBuilder.append(StringBuilder.java:173)
	at java.base/java.util.AbstractMap.toString(AbstractMap.java:557)
	at java.base/java.lang.String.valueOf(String.java:4465)
	at java.base/java.lang.StringBuilder.append(StringBuilder.java:173)
	at java.base/java.util.AbstractMap.toString(AbstractMap.java:557)
	at java.base/java.lang.String.valueOf(String.java:4465)
	at java.base/java.lang.StringBuilder.append(StringBuilder.java:173)
	at java.base/java.util.AbstractMap.toString(AbstractMap.java:557)
	at java.base/java.lang.String.valueOf(String.java:4465)
	at java.base/java.lang.StringBuilder.append(StringBuilder.java:173)
	at java.base/java.util.AbstractMap.toString(AbstractMap.java:557)
	at java.base/java.lang.String.valueOf(String.java:4465)
	at java.base/java.lang.StringBuilder.append(StringBuilder.java:173)
	at java.base/java.util.AbstractMap.toString(AbstractMap.java:557)
	at java.base/java.lang.String.valueOf(String.java:4465)
	at java.base/java.lang.StringBuilder.append(StringBuilder.java:173)
	at java.base/java.util.AbstractMap.toString(AbstractMap.java:557)
	at java.base/java.lang.String.valueOf(String.java:4465)
	at java.base/java.lang.StringBuilder.append(StringBuilder.java:173)
	at java.base/java.util.AbstractMap.toString(AbstractMap.java:557)
	at java.base/java.lang.String.valueOf(String.java:4465)
	at java.base/java.lang.StringBuilder.append(StringBuilder.java:173)
	at java.base/java.util.AbstractMap.toString(AbstractMap.java:557)
	at java.base/java.lang.String.valueOf(String.java:4465)
	at java.base/java.lang.StringBuilder.append(StringBuilder.java:173)
	at java.base/java.util.AbstractMap.toString(AbstractMap.java:557)
	at java.base/java.lang.String.valueOf(String.java:4465)
	at java.base/java.lang.StringBuilder.append(StringBuilder.java:173)
	at java.base/java.util.AbstractMap.toString(AbstractMap.java:557)
	at java.base/java.lang.String.valueOf(String.java:4465)
	at java.base/java.lang.StringBuilder.append(StringBuilder.java:173)
	at java.base/java.util.AbstractMap.toString(AbstractMap.java:557)
	at java.base/java.lang.String.valueOf(String.java:4465)
	at java.base/java.lang.StringBuilder.append(StringBuilder.java:173)
	at java.base/java.util.AbstractMap.toString(AbstractMap.java:557)
	at java.base/java.lang.String.valueOf(String.java:4465)
	at java.base/java.lang.StringBuilder.append(StringBuilder.java:173)
	at java.base/java.util.AbstractMap.toString(AbstractMap.java:557)
	at java.base/java.lang.String.valueOf(String.java:4465)
	at java.base/java.lang.StringBuilder.append(StringBuilder.java:173)
	at java.base/java.util.AbstractMap.toString(AbstractMap.java:557)
	at java.base/java.lang.String.valueOf(String.java:4465)
	at java.base/java.lang.StringBuilder.append(StringBuilder.java:173)
	at java.base/java.util.AbstractMap.toString(AbstractMap.java:557)
	at java.base/java.lang.String.valueOf(String.java:4465)
	at java.base/java.lang.StringBuilder.append(StringBuilder.java:173)
	at java.base/java.util.AbstractMap.toString(AbstractMap.java:557)
	at java.base/java.lang.String.valueOf(String.java:4465)
	at java.base/java.lang.StringBuilder.append(StringBuilder.java:173)
	at java.base/java.util.AbstractMap.toString(AbstractMap.java:557)
	at java.base/java.lang.String.valueOf(String.java:4465)
	at java.base/java.lang.StringBuilder.append(StringBuilder.java:173)
	at java.base/java.util.AbstractMap.toString(AbstractMap.java:557)
	at java.base/java.lang.String.valueOf(String.java:4465)
	at java.base/java.lang.StringBuilder.append(StringBuilder.java:173)
	at java.base/java.util.AbstractMap.toString(AbstractMap.java:557)
	at java.base/java.lang.String.valueOf(String.java:4465)
	at java.base/java.lang.StringBuilder.append(StringBuilder.java:173)
	at java.base/java.util.AbstractMap.toString(AbstractMap.java:557)
	at java.base/java.lang.String.valueOf(String.java:4465)
	at java.base/java.lang.StringBuilder.append(StringBuilder.java:173)
	at java.base/java.util.AbstractMap.toString(AbstractMap.java:557)
	at java.base/java.lang.String.valueOf(String.java:4465)
	at java.base/java.lang.StringBuilder.append(StringBuilder.java:173)
	at java.base/java.util.AbstractMap.toString(AbstractMap.java:557)
	at java.base/java.lang.String.valueOf(String.java:4465)
	at java.base/java.lang.StringBuilder.append(StringBuilder.java:173)
	at java.base/java.util.AbstractMap.toString(AbstractMap.java:557)
	at java.base/java.lang.String.valueOf(String.java:4465)
	at java.base/java.lang.StringBuilder.append(StringBuilder.java:173)
	at java.base/java.util.AbstractMap.toString(AbstractMap.java:557)
	at java.base/java.lang.String.valueOf(String.java:4465)
	at java.base/java.lang.StringBuilder.append(StringBuilder.java:173)
	at java.base/java.util.AbstractMap.toString(AbstractMap.java:557)
	at java.base/java.lang.String.valueOf(String.java:4465)
	at java.base/java.lang.StringBuilder.append(StringBuilder.java:173)
	at java.base/java.util.AbstractMap.toString(AbstractMap.java:557)
	at java.base/java.lang.String.valueOf(String.java:4465)
	at java.base/java.lang.StringBuilder.append(StringBuilder.java:173)
	at java.base/java.util.AbstractMap.toString(AbstractMap.java:557)
	at java.base/java.lang.String.valueOf(String.java:4465)
	at java.base/java.lang.StringBuilder.append(StringBuilder.java:173)
	at java.base/java.util.AbstractMap.toString(AbstractMap.java:557)
	at java.base/java.lang.String.valueOf(String.java:4465)
	at java.base/java.lang.StringBuilder.append(StringBuilder.java:173)
	at java.base/java.util.AbstractMap.toString(AbstractMap.java:557)
	at java.base/java.lang.String.valueOf(String.java:4465)
	at java.base/java.lang.StringBuilder.append(StringBuilder.java:173)
	at java.base/java.util.AbstractMap.toString(AbstractMap.java:557)
	at java.base/java.lang.String.valueOf(String.java:4465)
	at java.base/java.lang.StringBuilder.append(StringBuilder.java:173)
	at java.base/java.util.AbstractMap.toString(AbstractMap.java:557)
	at java.base/java.lang.String.valueOf(String.java:4465)
	at java.base/java.lang.StringBuilder.append(StringBuilder.java:173)
	at java.base/java.util.AbstractMap.toString(AbstractMap.java:557)
	at java.base/java.lang.String.valueOf(String.java:4465)
	at java.base/java.lang.StringBuilder.append(StringBuilder.java:173)
	at java.base/java.util.AbstractMap.toString(AbstractMap.java:557)
	at java.base/java.lang.String.valueOf(String.java:4465)
	at java.base/java.lang.StringBuilder.append(StringBuilder.java:173)
	at java.base/java.util.AbstractMap.toString(AbstractMap.java:557)
	at java.base/java.lang.String.valueOf(String.java:4465)
	at java.base/java.lang.StringBuilder.append(StringBuilder.java:173)
	at java.base/java.util.AbstractMap.toString(AbstractMap.java:557)
	at java.base/java.lang.String.valueOf(String.java:4465)
	at java.base/java.lang.StringBuilder.append(StringBuilder.java:173)
	at java.base/java.util.AbstractMap.toString(AbstractMap.java:557)
	at java.base/java.lang.String.valueOf(String.java:4465)
	at java.base/java.lang.StringBuilder.append(StringBuilder.java:173)
	at java.base/java.util.AbstractMap.toString(AbstractMap.java:557)
	at java.base/java.lang.String.valueOf(String.java:4465)
	at java.base/java.lang.StringBuilder.append(StringBuilder.java:173)
	at java.base/java.util.AbstractMap.toString(AbstractMap.java:557)
	at java.base/java.lang.String.valueOf(String.java:4465)
	at java.base/java.lang.StringBuilder.append(StringBuilder.java:173)
	at java.base/java.util.AbstractMap.toString(AbstractMap.java:557)
	at java.base/java.lang.String.valueOf(String.java:4465)
	at java.base/java.lang.StringBuilder.append(StringBuilder.java:173)
	at java.base/java.util.AbstractMap.toString(AbstractMap.java:557)
	at java.base/java.lang.String.valueOf(String.java:4465)
	at java.base/java.lang.StringBuilder.append(StringBuilder.java:173)
	at java.base/java.util.AbstractMap.toString(AbstractMap.java:557)
	at java.base/java.lang.String.valueOf(String.java:4465)
	at java.base/java.lang.StringBuilder.append(StringBuilder.java:173)
	at java.base/java.util.AbstractMap.toString(AbstractMap.java:557)
	at java.base/java.lang.String.valueOf(String.java:4465)
	at java.base/java.lang.StringBuilder.append(StringBuilder.java:173)
	at java.base/java.util.AbstractMap.toString(AbstractMap.java:557)
	at java.base/java.lang.String.valueOf(String.java:4465)
	at java.base/java.lang.StringBuilder.append(StringBuilder.java:173)
	at java.base/java.util.AbstractMap.toString(AbstractMap.java:557)
	at java.base/java.lang.String.valueOf(String.java:4465)
	at java.base/java.lang.StringBuilder.append(StringBuilder.java:173)
	at java.base/java.util.AbstractMap.toString(AbstractMap.java:557)
	at java.base/java.lang.String.valueOf(String.java:4465)
	at java.base/java.lang.StringBuilder.append(StringBuilder.java:173)
	at java.base/java.util.AbstractMap.toString(AbstractMap.java:557)
	at java.base/java.lang.String.valueOf(String.java:4465)
	at java.base/java.lang.StringBuilder.append(StringBuilder.java:173)
	at java.base/java.util.AbstractMap.toString(AbstractMap.java:557)
	at java.base/java.lang.String.valueOf(String.java:4465)
	at java.base/java.lang.StringBuilder.append(StringBuilder.java:173)
	at java.base/java.util.AbstractMap.toString(AbstractMap.java:557)
	at java.base/java.lang.String.valueOf(String.java:4465)
	at java.base/java.lang.StringBuilder.append(StringBuilder.java:173)
	at java.base/java.util.AbstractMap.toString(AbstractMap.java:557)
	at java.base/java.lang.String.valueOf(String.java:4465)
	at java.base/java.lang.StringBuilder.append(StringBuilder.java:173)
	at java.base/java.util.AbstractMap.toString(AbstractMap.java:557)
	at java.base/java.lang.String.valueOf(String.java:4465)
	at java.base/java.lang.StringBuilder.append(StringBuilder.java:173)
	at java.base/java.util.AbstractMap.toString(AbstractMap.java:557)
	at java.base/java.lang.String.valueOf(String.java:4465)
	at java.base/java.lang.StringBuilder.append(StringBuilder.java:173)
	at java.base/java.util.AbstractMap.toString(AbstractMap.java:557)
	at java.base/java.lang.String.valueOf(String.java:4465)
	at java.base/java.lang.StringBuilder.append(StringBuilder.java:173)
	at java.base/java.util.AbstractMap.toString(AbstractMap.java:557)
]]></system-err>
  </testcase>
  <testcase name="should_HandleSpecialCharacters_When_SerializingAndDeserializing" classname="com.storyhasyou.kratos.utils.JacksonUtilsTest" time="0.003"/>
  <testcase name="should_HandleSingleValueAsArray_When_ConfigurationEnabled" classname="com.storyhasyou.kratos.utils.JacksonUtilsTest" time="0.004"/>
  <testcase name="should_ParseWithTypeReference_When_GivenGenericType" classname="com.storyhasyou.kratos.utils.JacksonUtilsTest" time="0.002"/>
  <testcase name="should_ParseSet_When_GivenValidJsonArray" classname="com.storyhasyou.kratos.utils.JacksonUtilsTest" time="0.004"/>
  <testcase name="should_CreateMappingJackson2HttpMessageConverter_When_CustomNamingStrategy" classname="com.storyhasyou.kratos.utils.JacksonUtilsTest" time="0.008"/>
  <testcase name="should_ThrowBusinessException_When_SerializeNullInput" classname="com.storyhasyou.kratos.utils.JacksonUtilsTest" time="0.002"/>
  <testcase name="should_SerializeDateTime_When_GivenTimeObjects" classname="com.storyhasyou.kratos.utils.JacksonUtilsTest" time="0.004"/>
  <testcase name="should_ThrowBusinessException_When_ParseInvalidJson" classname="com.storyhasyou.kratos.utils.JacksonUtilsTest" time="0.003">
    <system-out><![CDATA[16:29:27.662 [main] ERROR com.storyhasyou.kratos.utils.JacksonUtils -- json解析出错: {invalid json}
com.fasterxml.jackson.core.JsonParseException: Unexpected character ('j' (code 106)): was expecting a colon to separate field name and value
 at [Source: REDACTED (`StreamReadFeature.INCLUDE_SOURCE_IN_LOCATION` disabled); line: 1, column: 10]
	at com.fasterxml.jackson.core.JsonParser._constructReadException(JsonParser.java:2672)
	at com.fasterxml.jackson.core.base.ParserMinimalBase._reportUnexpectedChar(ParserMinimalBase.java:742)
	at com.fasterxml.jackson.core.json.ReaderBasedJsonParser._skipColon2(ReaderBasedJsonParser.java:2356)
	at com.fasterxml.jackson.core.json.ReaderBasedJsonParser._skipColon(ReaderBasedJsonParser.java:2335)
	at com.fasterxml.jackson.core.json.ReaderBasedJsonParser.nextToken(ReaderBasedJsonParser.java:712)
	at com.fasterxml.jackson.databind.deser.BeanDeserializer.deserialize(BeanDeserializer.java:169)
	at com.fasterxml.jackson.databind.deser.DefaultDeserializationContext.readRootValue(DefaultDeserializationContext.java:342)
	at com.fasterxml.jackson.databind.ObjectMapper._readMapAndClose(ObjectMapper.java:4971)
	at com.fasterxml.jackson.databind.ObjectMapper.readValue(ObjectMapper.java:3887)
	at com.fasterxml.jackson.databind.ObjectMapper.readValue(ObjectMapper.java:3855)
	at com.storyhasyou.kratos.utils.JacksonUtils.parse(JacksonUtils.java:201)
	at com.storyhasyou.kratos.utils.JacksonUtilsTest.lambda$should_ThrowBusinessException_When_ParseInvalidJson$1(JacksonUtilsTest.java:221)
	at org.assertj.core.api.ThrowableAssert.catchThrowable(ThrowableAssert.java:63)
	at org.assertj.core.api.AssertionsForClassTypes.catchThrowable(AssertionsForClassTypes.java:905)
	at org.assertj.core.api.Assertions.catchThrowable(Assertions.java:1473)
	at org.assertj.core.api.Assertions.assertThatThrownBy(Assertions.java:1316)
	at com.storyhasyou.kratos.utils.JacksonUtilsTest.should_ThrowBusinessException_When_ParseInvalidJson(JacksonUtilsTest.java:221)
	at java.base/jdk.internal.reflect.DirectMethodHandleAccessor.invoke(DirectMethodHandleAccessor.java:103)
	at java.base/java.lang.reflect.Method.invoke(Method.java:580)
	at org.junit.platform.commons.util.ReflectionUtils.invokeMethod(ReflectionUtils.java:775)
	at org.junit.platform.commons.support.ReflectionSupport.invokeMethod(ReflectionSupport.java:479)
	at org.junit.jupiter.engine.execution.MethodInvocation.proceed(MethodInvocation.java:60)
	at org.junit.jupiter.engine.execution.InvocationInterceptorChain$ValidatingInvocation.proceed(InvocationInterceptorChain.java:131)
	at org.junit.jupiter.engine.extension.TimeoutExtension.intercept(TimeoutExtension.java:161)
	at org.junit.jupiter.engine.extension.TimeoutExtension.interceptTestableMethod(TimeoutExtension.java:152)
	at org.junit.jupiter.engine.extension.TimeoutExtension.interceptTestMethod(TimeoutExtension.java:91)
	at org.junit.jupiter.engine.execution.InterceptingExecutableInvoker$ReflectiveInterceptorCall.lambda$ofVoidMethod$0(InterceptingExecutableInvoker.java:112)
	at org.junit.jupiter.engine.execution.InterceptingExecutableInvoker.lambda$invoke$0(InterceptingExecutableInvoker.java:94)
	at org.junit.jupiter.engine.execution.InvocationInterceptorChain$InterceptedInvocation.proceed(InvocationInterceptorChain.java:106)
	at org.junit.jupiter.engine.execution.InvocationInterceptorChain.proceed(InvocationInterceptorChain.java:64)
	at org.junit.jupiter.engine.execution.InvocationInterceptorChain.chainAndInvoke(InvocationInterceptorChain.java:45)
	at org.junit.jupiter.engine.execution.InvocationInterceptorChain.invoke(InvocationInterceptorChain.java:37)
	at org.junit.jupiter.engine.execution.InterceptingExecutableInvoker.invoke(InterceptingExecutableInvoker.java:93)
	at org.junit.jupiter.engine.execution.InterceptingExecutableInvoker.invoke(InterceptingExecutableInvoker.java:87)
	at org.junit.jupiter.engine.descriptor.TestMethodTestDescriptor.lambda$invokeTestMethod$7(TestMethodTestDescriptor.java:216)
	at org.junit.platform.engine.support.hierarchical.ThrowableCollector.execute(ThrowableCollector.java:73)
	at org.junit.jupiter.engine.descriptor.TestMethodTestDescriptor.invokeTestMethod(TestMethodTestDescriptor.java:212)
	at org.junit.jupiter.engine.descriptor.TestMethodTestDescriptor.execute(TestMethodTestDescriptor.java:137)
	at org.junit.jupiter.engine.descriptor.TestMethodTestDescriptor.execute(TestMethodTestDescriptor.java:69)
	at org.junit.platform.engine.support.hierarchical.NodeTestTask.lambda$executeRecursively$6(NodeTestTask.java:156)
	at org.junit.platform.engine.support.hierarchical.ThrowableCollector.execute(ThrowableCollector.java:73)
	at org.junit.platform.engine.support.hierarchical.NodeTestTask.lambda$executeRecursively$8(NodeTestTask.java:146)
	at org.junit.platform.engine.support.hierarchical.Node.around(Node.java:137)
	at org.junit.platform.engine.support.hierarchical.NodeTestTask.lambda$executeRecursively$9(NodeTestTask.java:144)
	at org.junit.platform.engine.support.hierarchical.ThrowableCollector.execute(ThrowableCollector.java:73)
	at org.junit.platform.engine.support.hierarchical.NodeTestTask.executeRecursively(NodeTestTask.java:143)
	at org.junit.platform.engine.support.hierarchical.NodeTestTask.execute(NodeTestTask.java:100)
	at java.base/java.util.ArrayList.forEach(ArrayList.java:1596)
	at org.junit.platform.engine.support.hierarchical.SameThreadHierarchicalTestExecutorService.invokeAll(SameThreadHierarchicalTestExecutorService.java:41)
	at org.junit.platform.engine.support.hierarchical.NodeTestTask.lambda$executeRecursively$6(NodeTestTask.java:160)
	at org.junit.platform.engine.support.hierarchical.ThrowableCollector.execute(ThrowableCollector.java:73)
	at org.junit.platform.engine.support.hierarchical.NodeTestTask.lambda$executeRecursively$8(NodeTestTask.java:146)
	at org.junit.platform.engine.support.hierarchical.Node.around(Node.java:137)
	at org.junit.platform.engine.support.hierarchical.NodeTestTask.lambda$executeRecursively$9(NodeTestTask.java:144)
	at org.junit.platform.engine.support.hierarchical.ThrowableCollector.execute(ThrowableCollector.java:73)
	at org.junit.platform.engine.support.hierarchical.NodeTestTask.executeRecursively(NodeTestTask.java:143)
	at org.junit.platform.engine.support.hierarchical.NodeTestTask.execute(NodeTestTask.java:100)
	at java.base/java.util.ArrayList.forEach(ArrayList.java:1596)
	at org.junit.platform.engine.support.hierarchical.SameThreadHierarchicalTestExecutorService.invokeAll(SameThreadHierarchicalTestExecutorService.java:41)
	at org.junit.platform.engine.support.hierarchical.NodeTestTask.lambda$executeRecursively$6(NodeTestTask.java:160)
	at org.junit.platform.engine.support.hierarchical.ThrowableCollector.execute(ThrowableCollector.java:73)
	at org.junit.platform.engine.support.hierarchical.NodeTestTask.lambda$executeRecursively$8(NodeTestTask.java:146)
	at org.junit.platform.engine.support.hierarchical.Node.around(Node.java:137)
	at org.junit.platform.engine.support.hierarchical.NodeTestTask.lambda$executeRecursively$9(NodeTestTask.java:144)
	at org.junit.platform.engine.support.hierarchical.ThrowableCollector.execute(ThrowableCollector.java:73)
	at org.junit.platform.engine.support.hierarchical.NodeTestTask.executeRecursively(NodeTestTask.java:143)
	at org.junit.platform.engine.support.hierarchical.NodeTestTask.execute(NodeTestTask.java:100)
	at org.junit.platform.engine.support.hierarchical.SameThreadHierarchicalTestExecutorService.submit(SameThreadHierarchicalTestExecutorService.java:35)
	at org.junit.platform.engine.support.hierarchical.HierarchicalTestExecutor.execute(HierarchicalTestExecutor.java:57)
	at org.junit.platform.engine.support.hierarchical.HierarchicalTestEngine.execute(HierarchicalTestEngine.java:54)
	at org.junit.platform.launcher.core.EngineExecutionOrchestrator.execute(EngineExecutionOrchestrator.java:201)
	at org.junit.platform.launcher.core.EngineExecutionOrchestrator.execute(EngineExecutionOrchestrator.java:170)
	at org.junit.platform.launcher.core.EngineExecutionOrchestrator.execute(EngineExecutionOrchestrator.java:94)
	at org.junit.platform.launcher.core.EngineExecutionOrchestrator.lambda$execute$0(EngineExecutionOrchestrator.java:59)
	at org.junit.platform.launcher.core.EngineExecutionOrchestrator.withInterceptedStreams(EngineExecutionOrchestrator.java:142)
	at org.junit.platform.launcher.core.EngineExecutionOrchestrator.execute(EngineExecutionOrchestrator.java:58)
	at org.junit.platform.launcher.core.DefaultLauncher.execute(DefaultLauncher.java:103)
	at org.junit.platform.launcher.core.DefaultLauncher.execute(DefaultLauncher.java:85)
	at org.junit.platform.launcher.core.DelegatingLauncher.execute(DelegatingLauncher.java:47)
	at org.junit.platform.launcher.core.InterceptingLauncher.lambda$execute$1(InterceptingLauncher.java:39)
	at org.junit.platform.launcher.core.ClasspathAlignmentCheckingLauncherInterceptor.intercept(ClasspathAlignmentCheckingLauncherInterceptor.java:25)
	at org.junit.platform.launcher.core.InterceptingLauncher.execute(InterceptingLauncher.java:38)
	at org.junit.platform.launcher.core.DelegatingLauncher.execute(DelegatingLauncher.java:47)
	at org.apache.maven.surefire.junitplatform.LazyLauncher.execute(LazyLauncher.java:56)
	at org.apache.maven.surefire.junitplatform.JUnitPlatformProvider.execute(JUnitPlatformProvider.java:184)
	at org.apache.maven.surefire.junitplatform.JUnitPlatformProvider.invokeAllTests(JUnitPlatformProvider.java:148)
	at org.apache.maven.surefire.junitplatform.JUnitPlatformProvider.invoke(JUnitPlatformProvider.java:122)
	at org.apache.maven.surefire.booter.ForkedBooter.runSuitesInProcess(ForkedBooter.java:385)
	at org.apache.maven.surefire.booter.ForkedBooter.execute(ForkedBooter.java:162)
	at org.apache.maven.surefire.booter.ForkedBooter.run(ForkedBooter.java:507)
	at org.apache.maven.surefire.booter.ForkedBooter.main(ForkedBooter.java:495)
]]></system-out>
  </testcase>
  <testcase name="should_ConvertValue_When_GivenJavaType" classname="com.storyhasyou.kratos.utils.JacksonUtilsTest" time="0.001"/>
  <testcase name="should_ThrowBusinessException_When_ParseNullInput" classname="com.storyhasyou.kratos.utils.JacksonUtilsTest" time="0.005"/>
  <testcase name="should_DeserializeDateTime_When_GivenTimeJson" classname="com.storyhasyou.kratos.utils.JacksonUtilsTest" time="0.017"/>
  <testcase name="should_HandleUnknownProperties_When_Deserializing" classname="com.storyhasyou.kratos.utils.JacksonUtilsTest" time="0.002"/>
  <testcase name="should_SerializeToString_When_GivenValidObject" classname="com.storyhasyou.kratos.utils.JacksonUtilsTest" time="0.005"/>
  <testcase name="should_ConvertValue_When_GivenClass" classname="com.storyhasyou.kratos.utils.JacksonUtilsTest" time="0.004"/>
  <testcase name="should_ParseMap_When_GivenValidMapJson" classname="com.storyhasyou.kratos.utils.JacksonUtilsTest" time="0.005"/>
  <testcase name="should_HandleEmptyObject_When_Parsing" classname="com.storyhasyou.kratos.utils.JacksonUtilsTest" time="0.002"/>
  <testcase name="should_ReturnSameString_When_SerializeStringInput" classname="com.storyhasyou.kratos.utils.JacksonUtilsTest" time="0.001"/>
</testsuite>